<?xml version="1.0" encoding="UTF-8"?>
<testsuites name="TataMotors" time="481.772" tests="4" failures="0" errors="0">
   <testsuite name="TataMotors" tests="4" failures="0" errors="0" time="481.772" skipped="0" timestamp="2024-03-26 12:51:47" hostname="A - 192.168.0.124" id="Test Suites/TataMotors">
      <properties>
[...]
</properties>
      <testcase name="Test Cases/TC/TC_01 - New Opty" time="213.742" classname="Test Cases/TC/TC_01 - New Opty" status="PASSED">
         <system-out><![CDATA[2024-03-26 12:51:48 - [TEST_CASE][PASSED] - Test Cases/TC/TC_01 - New Opty: Test Cases/TC/TC_01 - New Opty

2024-03-26 12:51:48 - [TEST_STEP][PASSED] - callTestCase(findTestCase("CommenWorkflows/Login"), ["Str_URL":"C:\Users\A\Katalon Studio\tatamotarsdemo\Application\app-release (4).apk", "Str_Username":"DUSER145", "Str_Password":"Soct#2023", ... ], STOP_ON_FAILURE): Call Test Case 'Test Cases/CommenWorkflows/Login' successfully

2024-03-26 12:51:48 - [TEST_CASE][PASSED] - Test Cases/CommenWorkflows/Login: Test Cases/CommenWorkflows/Login

2024-03-26 12:51:49 - [TEST_STEP][PASSED] - startApplication(Str_URL, false): Started app at: 'C:\Users\A\Katalon Studio\tatamotarsdemo\Application\app-release (4).apk'

2024-03-26 12:51:49 - [MESSAGE][INFO] - User set preference: ['deviceId', 'R9ZT10H9Y2L']

2024-03-26 12:51:49 - [MESSAGE][INFO] - Detected NodeJS location: "C:\Program Files\nodejs\node.exe"

2024-03-26 12:51:50 - [MESSAGE][INFO] - Appium server started on port 51,406

2024-03-26 12:52:08 - [MESSAGE][PASSED] - Started app at: 'C:\Users\A\Katalon Studio\tatamotarsdemo\Application\app-release (4).apk'

2024-03-26 12:52:08 - [TEST_STEP][PASSED] - Bool_Username = waitForElementPresent(findTestObject("LockScreen/UsernaneText"), 10): Object Object Repository/LockScreen/UsernaneText not found

2024-03-26 12:52:18 - [MESSAGE][WARNING] - Object Object Repository/LockScreen/UsernaneText not found

2024-03-26 12:52:18 - [TEST_STEP][PASSED] - if (Bool_Username == true): null

2024-03-26 12:52:18 - [TEST_STEP][PASSED] - else: Tapped on element 'Object Repository/LockScreen/LoginButton'

2024-03-26 12:52:18 - [TEST_STEP][PASSED] - tap(findTestObject("LockScreen/Tap1"), 0): Tapped on element 'Object Repository/LockScreen/Tap1'

2024-03-26 12:52:18 - [MESSAGE][WARNING] - Timeout '0' is invalid. Using default page load timeout: '30'

2024-03-26 12:52:26 - [MESSAGE][PASSED] - Tapped on element 'Object Repository/LockScreen/Tap1'

2024-03-26 12:52:26 - [TEST_STEP][PASSED] - setText(findTestObject("LockScreen/Text1"), "1", 0): Text '1' has been set to element 'Object Repository/LockScreen/Text1'

2024-03-26 12:52:26 - [MESSAGE][WARNING] - Timeout '0' is invalid. Using default page load timeout: '30'

2024-03-26 12:52:27 - [MESSAGE][PASSED] - Text '1' has been set to element 'Object Repository/LockScreen/Text1'

2024-03-26 12:52:27 - [TEST_STEP][PASSED] - setText(findTestObject("LockScreen/Text2"), "2", 0): Text '2' has been set to element 'Object Repository/LockScreen/Text2'

2024-03-26 12:52:28 - [MESSAGE][WARNING] - Timeout '0' is invalid. Using default page load timeout: '30'

2024-03-26 12:52:29 - [MESSAGE][PASSED] - Text '2' has been set to element 'Object Repository/LockScreen/Text2'

2024-03-26 12:52:29 - [TEST_STEP][PASSED] - setText(findTestObject("LockScreen/Text3"), "3", 0): Text '3' has been set to element 'Object Repository/LockScreen/Text3'

2024-03-26 12:52:29 - [MESSAGE][WARNING] - Timeout '0' is invalid. Using default page load timeout: '30'

2024-03-26 12:52:30 - [MESSAGE][PASSED] - Text '3' has been set to element 'Object Repository/LockScreen/Text3'

2024-03-26 12:52:30 - [TEST_STEP][PASSED] - setText(findTestObject("LockScreen/Text4"), "4", 0): Text '4' has been set to element 'Object Repository/LockScreen/Text4'

2024-03-26 12:52:30 - [MESSAGE][WARNING] - Timeout '0' is invalid. Using default page load timeout: '30'

2024-03-26 12:52:31 - [MESSAGE][PASSED] - Text '4' has been set to element 'Object Repository/LockScreen/Text4'

2024-03-26 12:52:31 - [TEST_STEP][PASSED] - tap(findTestObject("LockScreen/LoginButton"), 0): Tapped on element 'Object Repository/LockScreen/LoginButton'

2024-03-26 12:52:31 - [MESSAGE][WARNING] - Timeout '0' is invalid. Using default page load timeout: '30'

2024-03-26 12:52:32 - [MESSAGE][PASSED] - Tapped on element 'Object Repository/LockScreen/LoginButton'

2024-03-26 12:52:32 - [MESSAGE][PASSED] - Call Test Case 'Test Cases/CommenWorkflows/Login' successfully

2024-03-26 12:52:32 - [TEST_STEP][PASSED] - Bool_Offline = waitForElementPresent(findTestObject("LockScreen/NewPin/Offline Master Sync"), 5): Object Object Repository/LockScreen/NewPin/Offline Master Sync not found

2024-03-26 12:52:38 - [MESSAGE][WARNING] - Object Object Repository/LockScreen/NewPin/Offline Master Sync not found

2024-03-26 12:52:38 - [TEST_STEP][PASSED] - if (Bool_Offline == true): null

2024-03-26 12:52:38 - [TEST_STEP][PASSED] - delay(2, STOP_ON_FAILURE): Delayed 2 second(s)

2024-03-26 12:52:40 - [MESSAGE][PASSED] - Delayed 2 second(s)

2024-03-26 12:52:40 - [TEST_STEP][PASSED] - verifyElementExist(findTestObject("TataMotars/HomeButton"), 10): Element 'Object Repository/TataMotars/HomeButton' is exist

2024-03-26 12:52:40 - [MESSAGE][PASSED] - Element 'Object Repository/TataMotars/HomeButton' is exist

2024-03-26 12:52:40 - [TEST_STEP][PASSED] - tap(findTestObject("TataMotars/PluseButton"), 0): Tapped on element 'Object Repository/TataMotars/PluseButton'

2024-03-26 12:52:40 - [MESSAGE][WARNING] - Timeout '0' is invalid. Using default page load timeout: '30'

2024-03-26 12:52:41 - [MESSAGE][PASSED] - Tapped on element 'Object Repository/TataMotars/PluseButton'

2024-03-26 12:52:41 - [TEST_STEP][PASSED] - bool_Opportunity = verifyElementExist(findTestObject("TataMotars/Pluse Button/OpportunityButton"), 0): Element 'Object Repository/TataMotars/Pluse Button/OpportunityButton' is exist

2024-03-26 12:52:41 - [MESSAGE][WARNING] - Timeout '0' is invalid. Using default page load timeout: '30'

2024-03-26 12:52:42 - [MESSAGE][PASSED] - Element 'Object Repository/TataMotars/Pluse Button/OpportunityButton' is exist

2024-03-26 12:52:42 - [TEST_STEP][PASSED] - bool_Account = verifyElementExist(findTestObject("TataMotars/Pluse Button/Account"), 0): Element 'Object Repository/TataMotars/Pluse Button/Account' is exist

2024-03-26 12:52:42 - [MESSAGE][WARNING] - Timeout '0' is invalid. Using default page load timeout: '30'

2024-03-26 12:52:42 - [MESSAGE][PASSED] - Element 'Object Repository/TataMotars/Pluse Button/Account' is exist

2024-03-26 12:52:42 - [TEST_STEP][PASSED] - bool_Customer = verifyElementExist(findTestObject("TataMotars/Pluse Button/Customer"), 0): Element 'Object Repository/TataMotars/Pluse Button/Customer' is exist

2024-03-26 12:52:42 - [MESSAGE][WARNING] - Timeout '0' is invalid. Using default page load timeout: '30'

2024-03-26 12:52:42 - [MESSAGE][PASSED] - Element 'Object Repository/TataMotars/Pluse Button/Customer' is exist

2024-03-26 12:52:42 - [TEST_STEP][PASSED] - bool_Influencer = verifyElementExist(findTestObject("TataMotars/Pluse Button/Influencer"), 0): Element 'Object Repository/TataMotars/Pluse Button/Influencer' is exist

2024-03-26 12:52:42 - [MESSAGE][WARNING] - Timeout '0' is invalid. Using default page load timeout: '30'

2024-03-26 12:52:42 - [MESSAGE][PASSED] - Element 'Object Repository/TataMotars/Pluse Button/Influencer' is exist

2024-03-26 12:52:42 - [TEST_STEP][PASSED] - bool_FollowUp = verifyElementExist(findTestObject("TataMotars/Pluse Button/Follow Up"), 0): Element 'Object Repository/TataMotars/Pluse Button/Follow Up' is exist

2024-03-26 12:52:42 - [MESSAGE][WARNING] - Timeout '0' is invalid. Using default page load timeout: '30'

2024-03-26 12:52:42 - [MESSAGE][PASSED] - Element 'Object Repository/TataMotars/Pluse Button/Follow Up' is exist

2024-03-26 12:52:42 - [TEST_STEP][PASSED] - bool_Opportunity && bool_Account && bool_Customer && bool_Influencer && bool_FollowUp == false: null

2024-03-26 12:52:42 - [TEST_STEP][PASSED] - takeScreenshot(): Screenshot is taken

2024-03-26 12:52:43 - [MESSAGE][PASSED] - Screenshot is taken
[[ATTACHMENT|C:\\Users\\A\\Katalon Studio\\tatamotarsdemoNew\\Reports\\20240326_125145\\TataMotors\\20240326_125145\\1711437762811.png]]

2024-03-26 12:52:43 - [TEST_STEP][PASSED] - tap(findTestObject("TataMotars/Pluse Button/OpportunityButton"), 3): Tapped on element 'Object Repository/TataMotars/Pluse Button/OpportunityButton'

2024-03-26 12:52:44 - [MESSAGE][PASSED] - Tapped on element 'Object Repository/TataMotars/Pluse Button/OpportunityButton'

2024-03-26 12:52:44 - [TEST_STEP][PASSED] - bool_AddContact = verifyElementExist(findTestObject("Add Contact/AddContact"), 30): Element 'Object Repository/Add Contact/AddContact' is exist

2024-03-26 12:52:44 - [MESSAGE][PASSED] - Element 'Object Repository/Add Contact/AddContact' is exist

2024-03-26 12:52:44 - [TEST_STEP][PASSED] - bool_SearchAddContact = verifyElementExist(findTestObject("Add Contact/Search - Add Contact"), 30): Element 'Object Repository/Add Contact/Search - Add Contact' is exist

2024-03-26 12:52:45 - [MESSAGE][PASSED] - Element 'Object Repository/Add Contact/Search - Add Contact' is exist

2024-03-26 12:52:45 - [TEST_STEP][PASSED] - bool_AddContact && bool_SearchAddContact == true: null

2024-03-26 12:52:45 - [TEST_STEP][PASSED] - takeScreenshot(): Screenshot is taken

2024-03-26 12:52:46 - [MESSAGE][PASSED] - Screenshot is taken
[[ATTACHMENT|C:\\Users\\A\\Katalon Studio\\tatamotarsdemoNew\\Reports\\20240326_125145\\TataMotors\\20240326_125145\\1711437765557.png]]

2024-03-26 12:52:46 - [TEST_STEP][PASSED] - minRange = 1: null

2024-03-26 12:52:46 - [TEST_STEP][PASSED] - maxRange = 1000: null

2024-03-26 12:52:46 - [TEST_STEP][PASSED] - randomInt = current().nextInt(minRange, maxRange + 1): null

2024-03-26 12:52:46 - [TEST_STEP][PASSED] - Result = $str_NewContact $randomInt: null

2024-03-26 12:52:46 - [TEST_STEP][PASSED] - tap(findTestObject("Add Contact/Search - Add Contact"), 0, STOP_ON_FAILURE): Tapped on element 'Object Repository/Add Contact/Search - Add Contact'

2024-03-26 12:52:46 - [MESSAGE][WARNING] - Timeout '0' is invalid. Using default page load timeout: '30'

2024-03-26 12:52:48 - [MESSAGE][PASSED] - Tapped on element 'Object Repository/Add Contact/Search - Add Contact'

2024-03-26 12:52:48 - [TEST_STEP][PASSED] - setText(findTestObject("TataMotars/SearchBox"), Result, 0): Text 'Krushnag 573' has been set to element 'Object Repository/TataMotars/SearchBox'

2024-03-26 12:52:48 - [MESSAGE][WARNING] - Timeout '0' is invalid. Using default page load timeout: '30'

2024-03-26 12:52:48 - [MESSAGE][PASSED] - Text 'Krushnag 573' has been set to element 'Object Repository/TataMotars/SearchBox'

2024-03-26 12:52:48 - [TEST_STEP][PASSED] - hideKeyboard(): Keyboard is hidden

2024-03-26 12:52:50 - [MESSAGE][PASSED] - Keyboard is hidden

2024-03-26 12:52:50 - [TEST_STEP][PASSED] - str_getNewContact = getAttribute(findTestObject("TataMotars/SearchBox"), "name", 0): Element 'Object Repository/TataMotars/SearchBox' has attribute 'name' is ''

2024-03-26 12:52:50 - [MESSAGE][WARNING] - Timeout '0' is invalid. Using default page load timeout: '30'

2024-03-26 12:52:51 - [MESSAGE][PASSED] - Element 'Object Repository/TataMotars/SearchBox' has attribute 'name' is ''

2024-03-26 12:52:51 - [TEST_STEP][PASSED] - Result == str_getNewContact: null

2024-03-26 12:52:51 - [TEST_STEP][PASSED] - tap(findTestObject("Add Contact/AddNewContactButton"), 0): Tapped on element 'Object Repository/Add Contact/AddNewContactButton'

2024-03-26 12:52:51 - [MESSAGE][WARNING] - Timeout '0' is invalid. Using default page load timeout: '30'

2024-03-26 12:52:52 - [MESSAGE][PASSED] - Tapped on element 'Object Repository/Add Contact/AddNewContactButton'

2024-03-26 12:52:52 - [TEST_STEP][PASSED] - setText(findTestObject("Primery Details/FirstName"), str_FirstName, 0): Text 'test' has been set to element 'Object Repository/Primery Details/FirstName'

2024-03-26 12:52:52 - [MESSAGE][WARNING] - Timeout '0' is invalid. Using default page load timeout: '30'

2024-03-26 12:52:53 - [MESSAGE][PASSED] - Text 'test' has been set to element 'Object Repository/Primery Details/FirstName'

2024-03-26 12:52:53 - [TEST_STEP][PASSED] - takeScreenshot(): Screenshot is taken

2024-03-26 12:52:54 - [MESSAGE][PASSED] - Screenshot is taken
[[ATTACHMENT|C:\\Users\\A\\Katalon Studio\\tatamotarsdemoNew\\Reports\\20240326_125145\\TataMotors\\20240326_125145\\1711437773141.png]]

2024-03-26 12:52:54 - [TEST_STEP][PASSED] - hideKeyboard(): Keyboard is hidden

2024-03-26 12:52:54 - [MESSAGE][PASSED] - Keyboard is hidden

2024-03-26 12:52:54 - [TEST_STEP][PASSED] - setText(findTestObject("Primery Details/LastName"), str_LastName, 0): Text 'step' has been set to element 'Object Repository/Primery Details/LastName'

2024-03-26 12:52:54 - [MESSAGE][WARNING] - Timeout '0' is invalid. Using default page load timeout: '30'

2024-03-26 12:52:56 - [MESSAGE][PASSED] - Text 'step' has been set to element 'Object Repository/Primery Details/LastName'

2024-03-26 12:52:56 - [TEST_STEP][PASSED] - hideKeyboard(): Keyboard is hidden

2024-03-26 12:52:57 - [MESSAGE][PASSED] - Keyboard is hidden

2024-03-26 12:52:57 - [TEST_STEP][PASSED] - tap(findTestObject("Primery Details/MobileNumber"), 0): Tapped on element 'Object Repository/Primery Details/MobileNumber'

2024-03-26 12:52:57 - [MESSAGE][WARNING] - Timeout '0' is invalid. Using default page load timeout: '30'

2024-03-26 12:52:59 - [MESSAGE][PASSED] - Tapped on element 'Object Repository/Primery Details/MobileNumber'

2024-03-26 12:52:59 - [TEST_STEP][PASSED] - setText(findTestObject("Primery Details/MobileNumber"), str_MobileNumber, 0): Text '9856214963' has been set to element 'Object Repository/Primery Details/MobileNumber'

2024-03-26 12:52:59 - [MESSAGE][WARNING] - Timeout '0' is invalid. Using default page load timeout: '30'

2024-03-26 12:53:00 - [MESSAGE][PASSED] - Text '9856214963' has been set to element 'Object Repository/Primery Details/MobileNumber'

2024-03-26 12:53:00 - [TEST_STEP][PASSED] - hideKeyboard(): Keyboard is hidden

2024-03-26 12:53:03 - [MESSAGE][PASSED] - Keyboard is hidden

2024-03-26 12:53:03 - [TEST_STEP][PASSED] - takeScreenshot(): Screenshot is taken

2024-03-26 12:53:04 - [MESSAGE][PASSED] - Screenshot is taken
[[ATTACHMENT|C:\\Users\\A\\Katalon Studio\\tatamotarsdemoNew\\Reports\\20240326_125145\\TataMotors\\20240326_125145\\1711437783330.png]]

2024-03-26 12:53:04 - [TEST_STEP][PASSED] - tap(findTestObject("Create New Opportunity/Customer Type"), 0): Tapped on element 'Object Repository/Create New Opportunity/Customer Type'

2024-03-26 12:53:04 - [MESSAGE][WARNING] - Timeout '0' is invalid. Using default page load timeout: '30'

2024-03-26 12:53:05 - [MESSAGE][PASSED] - Tapped on element 'Object Repository/Create New Opportunity/Customer Type'

2024-03-26 12:53:05 - [TEST_STEP][PASSED] - sendKeys(findTestObject("Create New Opportunity/Type_CustomerType"), str_CustomerType, STOP_ON_FAILURE): Send keys 'C4T Customer' on test object 'Object Repository/Create New Opportunity/Type_CustomerType' successfully.

2024-03-26 12:53:06 - [MESSAGE][PASSED] - Send keys 'C4T Customer' on test object 'Object Repository/Create New Opportunity/Type_CustomerType' successfully.

2024-03-26 12:53:06 - [TEST_STEP][PASSED] - hideKeyboard(): Keyboard is hidden

2024-03-26 12:53:08 - [MESSAGE][PASSED] - Keyboard is hidden

2024-03-26 12:53:08 - [TEST_STEP][PASSED] - Bool_Customer = waitForElementPresent(findTestObject("Create New Opportunity/Click_Customer"), 5): Element 'Object Repository/Create New Opportunity/Click_Customer' is present

2024-03-26 12:53:08 - [MESSAGE][PASSED] - Element 'Object Repository/Create New Opportunity/Click_Customer' is present

2024-03-26 12:53:08 - [TEST_STEP][PASSED] - if (Bool_Customer == true): Tapped on element 'Object Repository/Create New Opportunity/Click_Customer'

2024-03-26 12:53:08 - [TEST_STEP][PASSED] - tap(findTestObject("Create New Opportunity/Click_Customer"), 0): Tapped on element 'Object Repository/Create New Opportunity/Click_Customer'

2024-03-26 12:53:08 - [MESSAGE][WARNING] - Timeout '0' is invalid. Using default page load timeout: '30'

2024-03-26 12:53:08 - [MESSAGE][PASSED] - Tapped on element 'Object Repository/Create New Opportunity/Click_Customer'

2024-03-26 12:53:08 - [TEST_STEP][PASSED] - checkElement(findTestObject("Primery Details/Influencer Checkbox"), 0): Element 'Object Repository/Primery Details/Influencer Checkbox' is checked

2024-03-26 12:53:08 - [MESSAGE][WARNING] - Timeout '0' is invalid. Using default page load timeout: '30'

2024-03-26 12:53:10 - [MESSAGE][PASSED] - Element 'Object Repository/Primery Details/Influencer Checkbox' is checked

2024-03-26 12:53:10 - [TEST_STEP][PASSED] - hideKeyboard(): Keyboard is hidden

2024-03-26 12:53:11 - [MESSAGE][PASSED] - Keyboard is hidden

2024-03-26 12:53:11 - [TEST_STEP][PASSED] - tap(findTestObject("Create New Opportunity/Additional information"), 0): Tapped on element 'Object Repository/Create New Opportunity/Additional information'

2024-03-26 12:53:11 - [MESSAGE][WARNING] - Timeout '0' is invalid. Using default page load timeout: '30'

2024-03-26 12:53:12 - [MESSAGE][PASSED] - Tapped on element 'Object Repository/Create New Opportunity/Additional information'

2024-03-26 12:53:12 - [TEST_STEP][PASSED] - delay(3, STOP_ON_FAILURE): Delayed 3 second(s)

2024-03-26 12:53:15 - [MESSAGE][PASSED] - Delayed 3 second(s)

2024-03-26 12:53:15 - [TEST_STEP][PASSED] - tap(findTestObject("Primery Details/Enter InfluencerType"), 0): Tapped on element 'Object Repository/Primery Details/Enter InfluencerType'

2024-03-26 12:53:15 - [MESSAGE][WARNING] - Timeout '0' is invalid. Using default page load timeout: '30'

2024-03-26 12:53:16 - [MESSAGE][PASSED] - Tapped on element 'Object Repository/Primery Details/Enter InfluencerType'

2024-03-26 12:53:16 - [TEST_STEP][PASSED] - setText(findTestObject("Create New Opportunity/Type Influencer"), str_InfluencerType, 0): Text 'Advertisement' has been set to element 'Object Repository/Create New Opportunity/Type Influencer'

2024-03-26 12:53:16 - [MESSAGE][WARNING] - Timeout '0' is invalid. Using default page load timeout: '30'

2024-03-26 12:53:17 - [MESSAGE][PASSED] - Text 'Advertisement' has been set to element 'Object Repository/Create New Opportunity/Type Influencer'

2024-03-26 12:53:17 - [TEST_STEP][PASSED] - hideKeyboard(): Keyboard is hidden

2024-03-26 12:53:19 - [MESSAGE][PASSED] - Keyboard is hidden

2024-03-26 12:53:19 - [TEST_STEP][PASSED] - takeScreenshot(): Screenshot is taken

2024-03-26 12:53:20 - [MESSAGE][PASSED] - Screenshot is taken
[[ATTACHMENT|C:\\Users\\A\\Katalon Studio\\tatamotarsdemoNew\\Reports\\20240326_125145\\TataMotors\\20240326_125145\\1711437799645.png]]

2024-03-26 12:53:20 - [TEST_STEP][PASSED] - tap(findTestObject("Primery Details/Address Details/NextButton"), 0): Tapped on element 'Object Repository/Primery Details/Address Details/NextButton'

2024-03-26 12:53:20 - [MESSAGE][WARNING] - Timeout '0' is invalid. Using default page load timeout: '30'

2024-03-26 12:53:20 - [MESSAGE][PASSED] - Tapped on element 'Object Repository/Primery Details/Address Details/NextButton'

2024-03-26 12:53:20 - [TEST_STEP][PASSED] - bool_Pincode = waitForElementPresent(findTestObject("Primery Details/Address Details/Pincode"), 0): Object Object Repository/Primery Details/Address Details/Pincode not found

2024-03-26 12:53:20 - [MESSAGE][WARNING] - Timeout '0' is invalid. Using default page load timeout: '30'

2024-03-26 12:53:51 - [MESSAGE][WARNING] - Object Object Repository/Primery Details/Address Details/Pincode not found

2024-03-26 12:53:51 - [TEST_STEP][PASSED] - if (bool_Pincode == true): null

2024-03-26 12:53:51 - [TEST_STEP][PASSED] - bool_ProceedButton = verifyElementExist(findTestObject("Primery Details/Proceed Button"), 30): Element 'Object Repository/Primery Details/Proceed Button' is exist

2024-03-26 12:53:51 - [MESSAGE][PASSED] - Element 'Object Repository/Primery Details/Proceed Button' is exist

2024-03-26 12:53:51 - [TEST_STEP][PASSED] - if (bool_ProceedButton): Tapped on element 'Object Repository/Primery Details/Proceed Button'

2024-03-26 12:53:51 - [TEST_STEP][PASSED] - tap(findTestObject("Create New Opportunity/ContactClickNew"), 0): Tapped on element 'Object Repository/Create New Opportunity/ContactClickNew'

2024-03-26 12:53:51 - [MESSAGE][WARNING] - Timeout '0' is invalid. Using default page load timeout: '30'

2024-03-26 12:53:52 - [MESSAGE][PASSED] - Tapped on element 'Object Repository/Create New Opportunity/ContactClickNew'

2024-03-26 12:53:52 - [TEST_STEP][PASSED] - tap(findTestObject("Primery Details/Proceed Button"), 0): Tapped on element 'Object Repository/Primery Details/Proceed Button'

2024-03-26 12:53:52 - [MESSAGE][WARNING] - Timeout '0' is invalid. Using default page load timeout: '30'

2024-03-26 12:53:53 - [MESSAGE][PASSED] - Tapped on element 'Object Repository/Primery Details/Proceed Button'

2024-03-26 12:53:53 - [TEST_STEP][PASSED] - delay(2, STOP_ON_FAILURE): Delayed 2 second(s)

2024-03-26 12:53:55 - [MESSAGE][PASSED] - Delayed 2 second(s)

2024-03-26 12:53:55 - [TEST_STEP][PASSED] - takeScreenshot(): Screenshot is taken

2024-03-26 12:53:56 - [MESSAGE][PASSED] - Screenshot is taken
[[ATTACHMENT|C:\\Users\\A\\Katalon Studio\\tatamotarsdemoNew\\Reports\\20240326_125145\\TataMotors\\20240326_125145\\1711437835261.png]]

2024-03-26 12:53:56 - [TEST_STEP][PASSED] - verifyElementExist(findTestObject("Vehicle information/Vehicle information"), 30): Element 'Object Repository/Vehicle information/Vehicle information' is exist

2024-03-26 12:53:56 - [MESSAGE][PASSED] - Element 'Object Repository/Vehicle information/Vehicle information' is exist

2024-03-26 12:53:56 - [TEST_STEP][PASSED] - tap(findTestObject("Vehicle information/SelectProductLine"), 0): Tapped on element 'Object Repository/Vehicle information/SelectProductLine'

2024-03-26 12:53:56 - [MESSAGE][WARNING] - Timeout '0' is invalid. Using default page load timeout: '30'

2024-03-26 12:53:57 - [MESSAGE][PASSED] - Tapped on element 'Object Repository/Vehicle information/SelectProductLine'

2024-03-26 12:53:57 - [TEST_STEP][PASSED] - setText(findTestObject("Vehicle information/SelectProductLine"), str_ProductLine, 0): Text '1009g LPT' has been set to element 'Object Repository/Vehicle information/SelectProductLine'

2024-03-26 12:53:57 - [MESSAGE][WARNING] - Timeout '0' is invalid. Using default page load timeout: '30'

2024-03-26 12:53:59 - [MESSAGE][PASSED] - Text '1009g LPT' has been set to element 'Object Repository/Vehicle information/SelectProductLine'

2024-03-26 12:53:59 - [TEST_STEP][PASSED] - tap(findTestObject("Vehicle information/ClickSelectedProduct"), 0): Tapped on element 'Object Repository/Vehicle information/ClickSelectedProduct'

2024-03-26 12:53:59 - [MESSAGE][WARNING] - Timeout '0' is invalid. Using default page load timeout: '30'

2024-03-26 12:54:00 - [MESSAGE][PASSED] - Tapped on element 'Object Repository/Vehicle information/ClickSelectedProduct'

2024-03-26 12:54:00 - [TEST_STEP][PASSED] - hideKeyboard(): Keyboard is hidden

2024-03-26 12:54:02 - [MESSAGE][PASSED] - Keyboard is hidden

2024-03-26 12:54:02 - [TEST_STEP][PASSED] - takeScreenshot(): Screenshot is taken

2024-03-26 12:54:03 - [MESSAGE][PASSED] - Screenshot is taken
[[ATTACHMENT|C:\\Users\\A\\Katalon Studio\\tatamotarsdemoNew\\Reports\\20240326_125145\\TataMotors\\20240326_125145\\1711437842534.png]]

2024-03-26 12:54:03 - [TEST_STEP][PASSED] - delay(5, STOP_ON_FAILURE): Delayed 5 second(s)

2024-03-26 12:54:08 - [MESSAGE][PASSED] - Delayed 5 second(s)

2024-03-26 12:54:08 - [TEST_STEP][PASSED] - tap(findTestObject("Vehicle information/SelectModel"), 0): Tapped on element 'Object Repository/Vehicle information/SelectModel'

2024-03-26 12:54:08 - [MESSAGE][WARNING] - Timeout '0' is invalid. Using default page load timeout: '30'

2024-03-26 12:54:09 - [MESSAGE][PASSED] - Tapped on element 'Object Repository/Vehicle information/SelectModel'

2024-03-26 12:54:09 - [TEST_STEP][PASSED] - setText(findTestObject("Vehicle information/SelectModel"), str_Model, 0): Text '1109g LPT DCR49HSD 85B6M5 XD' has been set to element 'Object Repository/Vehicle information/SelectModel'

2024-03-26 12:54:09 - [MESSAGE][WARNING] - Timeout '0' is invalid. Using default page load timeout: '30'

2024-03-26 12:54:11 - [MESSAGE][PASSED] - Text '1109g LPT DCR49HSD 85B6M5 XD' has been set to element 'Object Repository/Vehicle information/SelectModel'

2024-03-26 12:54:11 - [TEST_STEP][PASSED] - tap(findTestObject("Vehicle information/TapModel"), 0): Tapped on element 'Object Repository/Vehicle information/TapModel'

2024-03-26 12:54:11 - [MESSAGE][WARNING] - Timeout '0' is invalid. Using default page load timeout: '30'

2024-03-26 12:54:12 - [MESSAGE][PASSED] - Tapped on element 'Object Repository/Vehicle information/TapModel'

2024-03-26 12:54:12 - [TEST_STEP][PASSED] - takeScreenshot(): Screenshot is taken

2024-03-26 12:54:13 - [MESSAGE][PASSED] - Screenshot is taken
[[ATTACHMENT|C:\\Users\\A\\Katalon Studio\\tatamotarsdemoNew\\Reports\\20240326_125145\\TataMotors\\20240326_125145\\1711437852385.png]]

2024-03-26 12:54:13 - [TEST_STEP][PASSED] - tap(findTestObject("Vehicle information/NextButton"), 0): Tapped on element 'Object Repository/Vehicle information/NextButton'

2024-03-26 12:54:13 - [MESSAGE][WARNING] - Timeout '0' is invalid. Using default page load timeout: '30'

2024-03-26 12:54:13 - [MESSAGE][PASSED] - Tapped on element 'Object Repository/Vehicle information/NextButton'

2024-03-26 12:54:13 - [TEST_STEP][PASSED] - verifyElementVisible(findTestObject("Create New Opportunity/ClickVehicleApplication"), 0): Element 'Object Repository/Create New Opportunity/ClickVehicleApplication' is visible

2024-03-26 12:54:13 - [MESSAGE][WARNING] - Timeout '0' is invalid. Using default page load timeout: '30'

2024-03-26 12:54:15 - [MESSAGE][PASSED] - Element 'Object Repository/Create New Opportunity/ClickVehicleApplication' is visible

2024-03-26 12:54:15 - [TEST_STEP][PASSED] - tap(findTestObject("Create New Opportunity/ClickVehicleApplication"), 0): Tapped on element 'Object Repository/Create New Opportunity/ClickVehicleApplication'

2024-03-26 12:54:15 - [MESSAGE][WARNING] - Timeout '0' is invalid. Using default page load timeout: '30'

2024-03-26 12:54:15 - [MESSAGE][PASSED] - Tapped on element 'Object Repository/Create New Opportunity/ClickVehicleApplication'

2024-03-26 12:54:15 - [TEST_STEP][PASSED] - setText(findTestObject("Create New Opportunity/ClickVehicleApplication"), str_VehicleApplication, 0): Text 'Agri Products' has been set to element 'Object Repository/Create New Opportunity/ClickVehicleApplication'

2024-03-26 12:54:15 - [MESSAGE][WARNING] - Timeout '0' is invalid. Using default page load timeout: '30'

2024-03-26 12:54:17 - [MESSAGE][PASSED] - Text 'Agri Products' has been set to element 'Object Repository/Create New Opportunity/ClickVehicleApplication'

2024-03-26 12:54:17 - [TEST_STEP][PASSED] - tap(findTestObject("Create New Opportunity/SelectVehicleApplication"), 0): Tapped on element 'Object Repository/Create New Opportunity/SelectVehicleApplication'

2024-03-26 12:54:17 - [MESSAGE][WARNING] - Timeout '0' is invalid. Using default page load timeout: '30'

2024-03-26 12:54:18 - [MESSAGE][PASSED] - Tapped on element 'Object Repository/Create New Opportunity/SelectVehicleApplication'

2024-03-26 12:54:18 - [TEST_STEP][PASSED] - hideKeyboard(): Keyboard is hidden

2024-03-26 12:54:20 - [MESSAGE][PASSED] - Keyboard is hidden

2024-03-26 12:54:20 - [TEST_STEP][PASSED] - checkElement(findTestObject("Create New Opportunity/BodyType"), 0): Element 'Object Repository/Create New Opportunity/BodyType' is checked

2024-03-26 12:54:20 - [MESSAGE][WARNING] - Timeout '0' is invalid. Using default page load timeout: '30'

2024-03-26 12:54:21 - [MESSAGE][PASSED] - Element 'Object Repository/Create New Opportunity/BodyType' is checked

2024-03-26 12:54:21 - [TEST_STEP][PASSED] - tap(findTestObject("Create New Opportunity/BodyType"), 0): Tapped on element 'Object Repository/Create New Opportunity/BodyType'

2024-03-26 12:54:21 - [MESSAGE][WARNING] - Timeout '0' is invalid. Using default page load timeout: '30'

2024-03-26 12:54:22 - [MESSAGE][PASSED] - Tapped on element 'Object Repository/Create New Opportunity/BodyType'

2024-03-26 12:54:22 - [TEST_STEP][PASSED] - setText(findTestObject("Create New Opportunity/BodyType"), str_BodyType, 0): Text 'Container' has been set to element 'Object Repository/Create New Opportunity/BodyType'

2024-03-26 12:54:22 - [MESSAGE][WARNING] - Timeout '0' is invalid. Using default page load timeout: '30'

2024-03-26 12:54:23 - [MESSAGE][PASSED] - Text 'Container' has been set to element 'Object Repository/Create New Opportunity/BodyType'

2024-03-26 12:54:23 - [TEST_STEP][PASSED] - tap(findTestObject("Create New Opportunity/SelectBodyType"), 0): Tapped on element 'Object Repository/Create New Opportunity/SelectBodyType'

2024-03-26 12:54:23 - [MESSAGE][WARNING] - Timeout '0' is invalid. Using default page load timeout: '30'

2024-03-26 12:54:24 - [MESSAGE][PASSED] - Tapped on element 'Object Repository/Create New Opportunity/SelectBodyType'

2024-03-26 12:54:24 - [TEST_STEP][PASSED] - tap(findTestObject("Vehicle information/NextButton"), 0): Tapped on element 'Object Repository/Vehicle information/NextButton'

2024-03-26 12:54:24 - [MESSAGE][WARNING] - Timeout '0' is invalid. Using default page load timeout: '30'

2024-03-26 12:54:25 - [MESSAGE][PASSED] - Tapped on element 'Object Repository/Vehicle information/NextButton'

2024-03-26 12:54:25 - [TEST_STEP][PASSED] - takeScreenshot(): Screenshot is taken

2024-03-26 12:54:26 - [MESSAGE][PASSED] - Screenshot is taken
[[ATTACHMENT|C:\\Users\\A\\Katalon Studio\\tatamotarsdemoNew\\Reports\\20240326_125145\\TataMotors\\20240326_125145\\1711437865729.png]]

2024-03-26 12:54:26 - [TEST_STEP][PASSED] - tap(findTestObject("Additional Info/Quantity"), 0): Tapped on element 'Object Repository/Additional Info/Quantity'

2024-03-26 12:54:26 - [MESSAGE][WARNING] - Timeout '0' is invalid. Using default page load timeout: '30'

2024-03-26 12:54:27 - [MESSAGE][PASSED] - Tapped on element 'Object Repository/Additional Info/Quantity'

2024-03-26 12:54:27 - [TEST_STEP][PASSED] - setText(findTestObject("Additional Info/Quantity"), "1", 0): Text '1' has been set to element 'Object Repository/Additional Info/Quantity'

2024-03-26 12:54:27 - [MESSAGE][WARNING] - Timeout '0' is invalid. Using default page load timeout: '30'

2024-03-26 12:54:29 - [MESSAGE][PASSED] - Text '1' has been set to element 'Object Repository/Additional Info/Quantity'

2024-03-26 12:54:29 - [TEST_STEP][PASSED] - tap(findTestObject("Vehicle information/NextButton"), 0): Tapped on element 'Object Repository/Vehicle information/NextButton'

2024-03-26 12:54:29 - [MESSAGE][WARNING] - Timeout '0' is invalid. Using default page load timeout: '30'

2024-03-26 12:54:29 - [MESSAGE][PASSED] - Tapped on element 'Object Repository/Vehicle information/NextButton'

2024-03-26 12:54:29 - [TEST_STEP][PASSED] - takeScreenshot(): Screenshot is taken

2024-03-26 12:54:30 - [MESSAGE][PASSED] - Screenshot is taken
[[ATTACHMENT|C:\\Users\\A\\Katalon Studio\\tatamotarsdemoNew\\Reports\\20240326_125145\\TataMotors\\20240326_125145\\1711437869722.png]]

2024-03-26 12:54:30 - [TEST_STEP][PASSED] - tap(findTestObject("Additional Info/Month"), 0): Tapped on element 'Object Repository/Additional Info/Month'

2024-03-26 12:54:30 - [MESSAGE][WARNING] - Timeout '0' is invalid. Using default page load timeout: '30'

2024-03-26 12:54:32 - [MESSAGE][PASSED] - Tapped on element 'Object Repository/Additional Info/Month'

2024-03-26 12:54:32 - [TEST_STEP][PASSED] - delay(3, STOP_ON_FAILURE): Delayed 3 second(s)

2024-03-26 12:54:35 - [MESSAGE][PASSED] - Delayed 3 second(s)

2024-03-26 12:54:35 - [TEST_STEP][PASSED] - takeScreenshot(): Screenshot is taken

2024-03-26 12:54:36 - [MESSAGE][PASSED] - Screenshot is taken
[[ATTACHMENT|C:\\Users\\A\\Katalon Studio\\tatamotarsdemoNew\\Reports\\20240326_125145\\TataMotors\\20240326_125145\\1711437875538.png]]

2024-03-26 12:54:36 - [TEST_STEP][PASSED] - tap(findTestObject("Vehicle information/NextButton"), 0): Tapped on element 'Object Repository/Vehicle information/NextButton'

2024-03-26 12:54:36 - [MESSAGE][WARNING] - Timeout '0' is invalid. Using default page load timeout: '30'

2024-03-26 12:54:37 - [MESSAGE][PASSED] - Tapped on element 'Object Repository/Vehicle information/NextButton'

2024-03-26 12:54:37 - [TEST_STEP][PASSED] - verifyElementVisible(findTestObject("Additional Info/SourceOfContact_Text"), 0): Element 'Object Repository/Additional Info/SourceOfContact_Text' is visible

2024-03-26 12:54:37 - [MESSAGE][WARNING] - Timeout '0' is invalid. Using default page load timeout: '30'

2024-03-26 12:54:37 - [MESSAGE][PASSED] - Element 'Object Repository/Additional Info/SourceOfContact_Text' is visible

2024-03-26 12:54:37 - [TEST_STEP][PASSED] - tap(findTestObject("Additional Info/Enter SourceOfContact"), 0): Tapped on element 'Object Repository/Additional Info/Enter SourceOfContact'

2024-03-26 12:54:37 - [MESSAGE][WARNING] - Timeout '0' is invalid. Using default page load timeout: '30'

2024-03-26 12:54:38 - [MESSAGE][PASSED] - Tapped on element 'Object Repository/Additional Info/Enter SourceOfContact'

2024-03-26 12:54:38 - [TEST_STEP][PASSED] - setText(findTestObject("Additional Info/Enter SourceOfContact"), str_SourceOfContact, 0): Text 'Dealer Cold Calling' has been set to element 'Object Repository/Additional Info/Enter SourceOfContact'

2024-03-26 12:54:38 - [MESSAGE][WARNING] - Timeout '0' is invalid. Using default page load timeout: '30'

2024-03-26 12:54:39 - [MESSAGE][PASSED] - Text 'Dealer Cold Calling' has been set to element 'Object Repository/Additional Info/Enter SourceOfContact'

2024-03-26 12:54:39 - [TEST_STEP][PASSED] - tap(findTestObject("Additional Info/Searched SourceOfContact"), 0): Tapped on element 'Object Repository/Additional Info/Searched SourceOfContact'

2024-03-26 12:54:39 - [MESSAGE][WARNING] - Timeout '0' is invalid. Using default page load timeout: '30'

2024-03-26 12:54:40 - [MESSAGE][PASSED] - Tapped on element 'Object Repository/Additional Info/Searched SourceOfContact'

2024-03-26 12:54:40 - [TEST_STEP][PASSED] - tap(findTestObject("Vehicle information/NextButton"), 0): Tapped on element 'Object Repository/Vehicle information/NextButton'

2024-03-26 12:54:40 - [MESSAGE][WARNING] - Timeout '0' is invalid. Using default page load timeout: '30'

2024-03-26 12:54:41 - [MESSAGE][PASSED] - Tapped on element 'Object Repository/Vehicle information/NextButton'

2024-03-26 12:54:41 - [TEST_STEP][PASSED] - verifyElementVisible(findTestObject("Additional Info/CustomerInterestedInExchange"), 0): Element 'Object Repository/Additional Info/CustomerInterestedInExchange' is visible

2024-03-26 12:54:41 - [MESSAGE][WARNING] - Timeout '0' is invalid. Using default page load timeout: '30'

2024-03-26 12:54:42 - [MESSAGE][PASSED] - Element 'Object Repository/Additional Info/CustomerInterestedInExchange' is visible

2024-03-26 12:54:42 - [TEST_STEP][PASSED] - takeScreenshot(): Screenshot is taken

2024-03-26 12:54:43 - [MESSAGE][PASSED] - Screenshot is taken
[[ATTACHMENT|C:\\Users\\A\\Katalon Studio\\tatamotarsdemoNew\\Reports\\20240326_125145\\TataMotors\\20240326_125145\\1711437882352.png]]

2024-03-26 12:54:43 - [TEST_STEP][PASSED] - tap(findTestObject("Additional Info/Yes RadioButton"), 0): Tapped on element 'Object Repository/Additional Info/Yes RadioButton'

2024-03-26 12:54:43 - [MESSAGE][WARNING] - Timeout '0' is invalid. Using default page load timeout: '30'

2024-03-26 12:54:44 - [MESSAGE][PASSED] - Tapped on element 'Object Repository/Additional Info/Yes RadioButton'

2024-03-26 12:54:44 - [TEST_STEP][PASSED] - bool_ExchangeQuantity = verifyElementExist(findTestObject("Additional Info/SetQuantity"), 0): Element 'Object Repository/Additional Info/SetQuantity' is exist

2024-03-26 12:54:44 - [MESSAGE][WARNING] - Timeout '0' is invalid. Using default page load timeout: '30'

2024-03-26 12:54:44 - [MESSAGE][PASSED] - Element 'Object Repository/Additional Info/SetQuantity' is exist

2024-03-26 12:54:44 - [TEST_STEP][PASSED] - bool_Make = verifyElementExist(findTestObject("Additional Info/ClickMake"), 0): Element 'Object Repository/Additional Info/ClickMake' is exist

2024-03-26 12:54:44 - [MESSAGE][WARNING] - Timeout '0' is invalid. Using default page load timeout: '30'

2024-03-26 12:54:45 - [MESSAGE][PASSED] - Element 'Object Repository/Additional Info/ClickMake' is exist

2024-03-26 12:54:45 - [TEST_STEP][PASSED] - bool_ExchangeQuantity && bool_Make == true: null

2024-03-26 12:54:45 - [TEST_STEP][PASSED] - takeScreenshot(): Screenshot is taken

2024-03-26 12:54:46 - [MESSAGE][PASSED] - Screenshot is taken
[[ATTACHMENT|C:\\Users\\A\\Katalon Studio\\tatamotarsdemoNew\\Reports\\20240326_125145\\TataMotors\\20240326_125145\\1711437885228.png]]

2024-03-26 12:54:46 - [TEST_STEP][PASSED] - tap(findTestObject("Additional Info/SetQuantity"), 0): Tapped on element 'Object Repository/Additional Info/SetQuantity'

2024-03-26 12:54:46 - [MESSAGE][WARNING] - Timeout '0' is invalid. Using default page load timeout: '30'

2024-03-26 12:54:46 - [MESSAGE][PASSED] - Tapped on element 'Object Repository/Additional Info/SetQuantity'

2024-03-26 12:54:46 - [TEST_STEP][PASSED] - setText(findTestObject("Additional Info/SetQuantity"), str_ExchangeQuantity, 0): Text '2' has been set to element 'Object Repository/Additional Info/SetQuantity'

2024-03-26 12:54:46 - [MESSAGE][WARNING] - Timeout '0' is invalid. Using default page load timeout: '30'

2024-03-26 12:54:48 - [MESSAGE][PASSED] - Text '2' has been set to element 'Object Repository/Additional Info/SetQuantity'

2024-03-26 12:54:48 - [TEST_STEP][PASSED] - hideKeyboard(): Keyboard is hidden

2024-03-26 12:54:51 - [MESSAGE][PASSED] - Keyboard is hidden

2024-03-26 12:54:51 - [TEST_STEP][PASSED] - tap(findTestObject("Additional Info/ClickMake"), 0): Tapped on element 'Object Repository/Additional Info/ClickMake'

2024-03-26 12:54:51 - [MESSAGE][WARNING] - Timeout '0' is invalid. Using default page load timeout: '30'

2024-03-26 12:54:52 - [MESSAGE][PASSED] - Tapped on element 'Object Repository/Additional Info/ClickMake'

2024-03-26 12:54:52 - [TEST_STEP][PASSED] - setText(findTestObject("Additional Info/SetMake"), str_Make, 0): Text 'TATA' has been set to element 'Object Repository/Additional Info/SetMake'

2024-03-26 12:54:52 - [MESSAGE][WARNING] - Timeout '0' is invalid. Using default page load timeout: '30'

2024-03-26 12:54:53 - [MESSAGE][PASSED] - Text 'TATA' has been set to element 'Object Repository/Additional Info/SetMake'

2024-03-26 12:54:53 - [TEST_STEP][PASSED] - hideKeyboard(): Keyboard is hidden

2024-03-26 12:54:55 - [MESSAGE][PASSED] - Keyboard is hidden

2024-03-26 12:54:55 - [TEST_STEP][PASSED] - tap(findTestObject("Additional Info/SelectMake"), 0): Tapped on element 'Object Repository/Additional Info/SelectMake'

2024-03-26 12:54:55 - [MESSAGE][WARNING] - Timeout '0' is invalid. Using default page load timeout: '30'

2024-03-26 12:54:56 - [MESSAGE][PASSED] - Tapped on element 'Object Repository/Additional Info/SelectMake'

2024-03-26 12:54:56 - [TEST_STEP][PASSED] - tap(findTestObject("Vehicle information/NextButton"), 0): Tapped on element 'Object Repository/Vehicle information/NextButton'

2024-03-26 12:54:56 - [MESSAGE][WARNING] - Timeout '0' is invalid. Using default page load timeout: '30'

2024-03-26 12:54:57 - [MESSAGE][PASSED] - Tapped on element 'Object Repository/Vehicle information/NextButton'

2024-03-26 12:54:57 - [TEST_STEP][PASSED] - verifyElementVisible(findTestObject("Additional Info/ReviewOpty Text"), 0): Element 'Object Repository/Additional Info/ReviewOpty Text' is visible

2024-03-26 12:54:57 - [MESSAGE][WARNING] - Timeout '0' is invalid. Using default page load timeout: '30'

2024-03-26 12:54:57 - [MESSAGE][PASSED] - Element 'Object Repository/Additional Info/ReviewOpty Text' is visible

2024-03-26 12:54:57 - [TEST_STEP][PASSED] - takeScreenshot(): Screenshot is taken

2024-03-26 12:54:58 - [MESSAGE][PASSED] - Screenshot is taken
[[ATTACHMENT|C:\\Users\\A\\Katalon Studio\\tatamotarsdemoNew\\Reports\\20240326_125145\\TataMotors\\20240326_125145\\1711437897454.png]]

2024-03-26 12:54:58 - [TEST_STEP][PASSED] - delay(3, STOP_ON_FAILURE): Delayed 3 second(s)

2024-03-26 12:55:01 - [MESSAGE][PASSED] - Delayed 3 second(s)

2024-03-26 12:55:01 - [TEST_STEP][PASSED] - tap(findTestObject("Add Account/SubmitButton"), 0): Tapped on element 'Object Repository/Add Account/SubmitButton'

2024-03-26 12:55:01 - [MESSAGE][WARNING] - Timeout '0' is invalid. Using default page load timeout: '30'

2024-03-26 12:55:02 - [MESSAGE][PASSED] - Tapped on element 'Object Repository/Add Account/SubmitButton'

2024-03-26 12:55:02 - [TEST_STEP][PASSED] - verifyElementVisible(findTestObject("Add Account/1 Opportunity successfully created popup"), 30): Element 'Object Repository/Add Account/1 Opportunity successfully created popup' is visible

2024-03-26 12:55:20 - [MESSAGE][PASSED] - Element 'Object Repository/Add Account/1 Opportunity successfully created popup' is visible

2024-03-26 12:55:20 - [TEST_STEP][PASSED] - takeScreenshot(): Screenshot is taken

2024-03-26 12:55:21 - [MESSAGE][PASSED] - Screenshot is taken
[[ATTACHMENT|C:\\Users\\A\\Katalon Studio\\tatamotarsdemoNew\\Reports\\20240326_125145\\TataMotors\\20240326_125145\\1711437920983.png]]]]></system-out>
         <system-err><![CDATA[]]></system-err>
      </testcase>
      <testcase name="Test Cases/TC/TC_02 -Create New Customer" time="96.875" classname="Test Cases/TC/TC_02 -Create New Customer" status="PASSED">
         <system-out><![CDATA[2024-03-26 12:55:21 - [TEST_CASE][PASSED] - Test Cases/TC/TC_02 -Create New Customer: Test Cases/TC/TC_02 -Create New Customer

2024-03-26 12:55:22 - [TEST_STEP][PASSED] - callTestCase(findTestCase("CommenWorkflows/Login"), ["Str_URL":"C:\Users\A\Katalon Studio\tatamotarsdemo\Application\app-release (4).apk", "Str_Username":"DUSER145", "Str_Password":"Soct#2023", ... ], STOP_ON_FAILURE): Call Test Case 'Test Cases/CommenWorkflows/Login' successfully

2024-03-26 12:55:22 - [TEST_CASE][PASSED] - Test Cases/CommenWorkflows/Login: Test Cases/CommenWorkflows/Login

2024-03-26 12:55:22 - [TEST_STEP][PASSED] - startApplication(Str_URL, false): Started app at: 'C:\Users\A\Katalon Studio\tatamotarsdemo\Application\app-release (4).apk'

2024-03-26 12:55:22 - [MESSAGE][INFO] - User set preference: ['deviceId', 'R9ZT10H9Y2L']

2024-03-26 12:55:37 - [MESSAGE][PASSED] - Started app at: 'C:\Users\A\Katalon Studio\tatamotarsdemo\Application\app-release (4).apk'

2024-03-26 12:55:37 - [TEST_STEP][PASSED] - Bool_Username = waitForElementPresent(findTestObject("LockScreen/UsernaneText"), 10): Object Object Repository/LockScreen/UsernaneText not found

2024-03-26 12:55:47 - [MESSAGE][WARNING] - Object Object Repository/LockScreen/UsernaneText not found

2024-03-26 12:55:47 - [TEST_STEP][PASSED] - if (Bool_Username == true): null

2024-03-26 12:55:47 - [TEST_STEP][PASSED] - else: Tapped on element 'Object Repository/LockScreen/LoginButton'

2024-03-26 12:55:47 - [TEST_STEP][PASSED] - tap(findTestObject("LockScreen/Tap1"), 0): Tapped on element 'Object Repository/LockScreen/Tap1'

2024-03-26 12:55:47 - [MESSAGE][WARNING] - Timeout '0' is invalid. Using default page load timeout: '30'

2024-03-26 12:55:51 - [MESSAGE][PASSED] - Tapped on element 'Object Repository/LockScreen/Tap1'

2024-03-26 12:55:51 - [TEST_STEP][PASSED] - setText(findTestObject("LockScreen/Text1"), "1", 0): Text '1' has been set to element 'Object Repository/LockScreen/Text1'

2024-03-26 12:55:51 - [MESSAGE][WARNING] - Timeout '0' is invalid. Using default page load timeout: '30'

2024-03-26 12:55:52 - [MESSAGE][PASSED] - Text '1' has been set to element 'Object Repository/LockScreen/Text1'

2024-03-26 12:55:52 - [TEST_STEP][PASSED] - setText(findTestObject("LockScreen/Text2"), "2", 0): Text '2' has been set to element 'Object Repository/LockScreen/Text2'

2024-03-26 12:55:52 - [MESSAGE][WARNING] - Timeout '0' is invalid. Using default page load timeout: '30'

2024-03-26 12:55:54 - [MESSAGE][PASSED] - Text '2' has been set to element 'Object Repository/LockScreen/Text2'

2024-03-26 12:55:54 - [TEST_STEP][PASSED] - setText(findTestObject("LockScreen/Text3"), "3", 0): Text '3' has been set to element 'Object Repository/LockScreen/Text3'

2024-03-26 12:55:54 - [MESSAGE][WARNING] - Timeout '0' is invalid. Using default page load timeout: '30'

2024-03-26 12:55:55 - [MESSAGE][PASSED] - Text '3' has been set to element 'Object Repository/LockScreen/Text3'

2024-03-26 12:55:55 - [TEST_STEP][PASSED] - setText(findTestObject("LockScreen/Text4"), "4", 0): Text '4' has been set to element 'Object Repository/LockScreen/Text4'

2024-03-26 12:55:55 - [MESSAGE][WARNING] - Timeout '0' is invalid. Using default page load timeout: '30'

2024-03-26 12:55:56 - [MESSAGE][PASSED] - Text '4' has been set to element 'Object Repository/LockScreen/Text4'

2024-03-26 12:55:56 - [TEST_STEP][PASSED] - tap(findTestObject("LockScreen/LoginButton"), 0): Tapped on element 'Object Repository/LockScreen/LoginButton'

2024-03-26 12:55:56 - [MESSAGE][WARNING] - Timeout '0' is invalid. Using default page load timeout: '30'

2024-03-26 12:55:58 - [MESSAGE][PASSED] - Tapped on element 'Object Repository/LockScreen/LoginButton'

2024-03-26 12:55:58 - [MESSAGE][PASSED] - Call Test Case 'Test Cases/CommenWorkflows/Login' successfully

2024-03-26 12:55:58 - [TEST_STEP][PASSED] - Bool_Offline = waitForElementPresent(findTestObject("LockScreen/NewPin/Offline Master Sync"), 10): Object Object Repository/LockScreen/NewPin/Offline Master Sync not found

2024-03-26 12:56:08 - [MESSAGE][WARNING] - Object Object Repository/LockScreen/NewPin/Offline Master Sync not found

2024-03-26 12:56:08 - [TEST_STEP][PASSED] - if (Bool_Offline == true): null

2024-03-26 12:56:08 - [TEST_STEP][PASSED] - verifyElementExist(findTestObject("TataMotars/HomeButton"), 10): Element 'Object Repository/TataMotars/HomeButton' is exist

2024-03-26 12:56:09 - [MESSAGE][PASSED] - Element 'Object Repository/TataMotars/HomeButton' is exist

2024-03-26 12:56:09 - [TEST_STEP][PASSED] - tap(findTestObject("TataMotars/PluseButton"), 0): Tapped on element 'Object Repository/TataMotars/PluseButton'

2024-03-26 12:56:09 - [MESSAGE][WARNING] - Timeout '0' is invalid. Using default page load timeout: '30'

2024-03-26 12:56:10 - [MESSAGE][PASSED] - Tapped on element 'Object Repository/TataMotars/PluseButton'

2024-03-26 12:56:10 - [TEST_STEP][PASSED] - bool_Opportunity = verifyElementExist(findTestObject("TataMotars/Pluse Button/OpportunityButton"), 0): Element 'Object Repository/TataMotars/Pluse Button/OpportunityButton' is exist

2024-03-26 12:56:10 - [MESSAGE][WARNING] - Timeout '0' is invalid. Using default page load timeout: '30'

2024-03-26 12:56:10 - [MESSAGE][PASSED] - Element 'Object Repository/TataMotars/Pluse Button/OpportunityButton' is exist

2024-03-26 12:56:10 - [TEST_STEP][PASSED] - bool_Account = verifyElementExist(findTestObject("TataMotars/Pluse Button/Account"), 0): Element 'Object Repository/TataMotars/Pluse Button/Account' is exist

2024-03-26 12:56:10 - [MESSAGE][WARNING] - Timeout '0' is invalid. Using default page load timeout: '30'

2024-03-26 12:56:10 - [MESSAGE][PASSED] - Element 'Object Repository/TataMotars/Pluse Button/Account' is exist

2024-03-26 12:56:10 - [TEST_STEP][PASSED] - bool_Customer = verifyElementExist(findTestObject("TataMotars/Pluse Button/Customer"), 0): Element 'Object Repository/TataMotars/Pluse Button/Customer' is exist

2024-03-26 12:56:10 - [MESSAGE][WARNING] - Timeout '0' is invalid. Using default page load timeout: '30'

2024-03-26 12:56:11 - [MESSAGE][PASSED] - Element 'Object Repository/TataMotars/Pluse Button/Customer' is exist

2024-03-26 12:56:11 - [TEST_STEP][PASSED] - bool_Influencer = verifyElementExist(findTestObject("TataMotars/Pluse Button/Influencer"), 0): Element 'Object Repository/TataMotars/Pluse Button/Influencer' is exist

2024-03-26 12:56:11 - [MESSAGE][WARNING] - Timeout '0' is invalid. Using default page load timeout: '30'

2024-03-26 12:56:11 - [MESSAGE][PASSED] - Element 'Object Repository/TataMotars/Pluse Button/Influencer' is exist

2024-03-26 12:56:11 - [TEST_STEP][PASSED] - bool_FollowUp = verifyElementExist(findTestObject("TataMotars/Pluse Button/Follow Up"), 0): Element 'Object Repository/TataMotars/Pluse Button/Follow Up' is exist

2024-03-26 12:56:11 - [MESSAGE][WARNING] - Timeout '0' is invalid. Using default page load timeout: '30'

2024-03-26 12:56:11 - [MESSAGE][PASSED] - Element 'Object Repository/TataMotars/Pluse Button/Follow Up' is exist

2024-03-26 12:56:11 - [TEST_STEP][PASSED] - bool_Opportunity && bool_Account && bool_Customer && bool_Influencer && bool_FollowUp == false: null

2024-03-26 12:56:11 - [TEST_STEP][PASSED] - takeScreenshot(): Screenshot is taken

2024-03-26 12:56:12 - [MESSAGE][PASSED] - Screenshot is taken
[[ATTACHMENT|C:\\Users\\A\\Katalon Studio\\tatamotarsdemoNew\\Reports\\20240326_125145\\TataMotors\\20240326_125145\\1711437971476.png]]

2024-03-26 12:56:12 - [TEST_STEP][PASSED] - tap(findTestObject("TataMotars/Pluse Button/Customer"), 3): Tapped on element 'Object Repository/TataMotars/Pluse Button/Customer'

2024-03-26 12:56:13 - [MESSAGE][PASSED] - Tapped on element 'Object Repository/TataMotars/Pluse Button/Customer'

2024-03-26 12:56:13 - [TEST_STEP][PASSED] - bool_PrimaryDetails = verifyElementExist(findTestObject("Primery Details/Primary Details"), 10): Element 'Object Repository/Primery Details/Primary Details' is exist

2024-03-26 12:56:13 - [MESSAGE][PASSED] - Element 'Object Repository/Primery Details/Primary Details' is exist

2024-03-26 12:56:13 - [TEST_STEP][PASSED] - bool_PrimaryDetails == true: null

2024-03-26 12:56:13 - [TEST_STEP][PASSED] - takeScreenshot(): Screenshot is taken

2024-03-26 12:56:14 - [MESSAGE][PASSED] - Screenshot is taken
[[ATTACHMENT|C:\\Users\\A\\Katalon Studio\\tatamotarsdemoNew\\Reports\\20240326_125145\\TataMotors\\20240326_125145\\1711437973595.png]]

2024-03-26 12:56:14 - [TEST_STEP][PASSED] - tap(findTestObject("Primery Details/FirstName"), 0): Tapped on element 'Object Repository/Primery Details/FirstName'

2024-03-26 12:56:14 - [MESSAGE][WARNING] - Timeout '0' is invalid. Using default page load timeout: '30'

2024-03-26 12:56:16 - [MESSAGE][PASSED] - Tapped on element 'Object Repository/Primery Details/FirstName'

2024-03-26 12:56:16 - [TEST_STEP][PASSED] - setText(findTestObject("Primery Details/FirstName"), str_FirstName, 0): Text 'test' has been set to element 'Object Repository/Primery Details/FirstName'

2024-03-26 12:56:16 - [MESSAGE][WARNING] - Timeout '0' is invalid. Using default page load timeout: '30'

2024-03-26 12:56:16 - [MESSAGE][PASSED] - Text 'test' has been set to element 'Object Repository/Primery Details/FirstName'

2024-03-26 12:56:16 - [TEST_STEP][PASSED] - hideKeyboard(): Keyboard is hidden

2024-03-26 12:56:18 - [MESSAGE][PASSED] - Keyboard is hidden

2024-03-26 12:56:18 - [TEST_STEP][PASSED] - tap(findTestObject("Primery Details/LastName"), 0): Tapped on element 'Object Repository/Primery Details/LastName'

2024-03-26 12:56:18 - [MESSAGE][WARNING] - Timeout '0' is invalid. Using default page load timeout: '30'

2024-03-26 12:56:19 - [MESSAGE][PASSED] - Tapped on element 'Object Repository/Primery Details/LastName'

2024-03-26 12:56:19 - [TEST_STEP][PASSED] - setText(findTestObject("Primery Details/LastName"), str_LastName, 0): Text 'step' has been set to element 'Object Repository/Primery Details/LastName'

2024-03-26 12:56:19 - [MESSAGE][WARNING] - Timeout '0' is invalid. Using default page load timeout: '30'

2024-03-26 12:56:21 - [MESSAGE][PASSED] - Text 'step' has been set to element 'Object Repository/Primery Details/LastName'

2024-03-26 12:56:21 - [TEST_STEP][PASSED] - hideKeyboard(): Keyboard is hidden

2024-03-26 12:56:22 - [MESSAGE][PASSED] - Keyboard is hidden

2024-03-26 12:56:22 - [TEST_STEP][PASSED] - Bool_Offline = waitForElementPresent(findTestObject("LockScreen/NewPin/Offline Master Sync"), 5): Object Object Repository/LockScreen/NewPin/Offline Master Sync not found

2024-03-26 12:56:27 - [MESSAGE][WARNING] - Object Object Repository/LockScreen/NewPin/Offline Master Sync not found

2024-03-26 12:56:27 - [TEST_STEP][PASSED] - if (Bool_Offline == true): null

2024-03-26 12:56:27 - [TEST_STEP][PASSED] - tap(findTestObject("Primery Details/MobileNumber"), 0): Tapped on element 'Object Repository/Primery Details/MobileNumber'

2024-03-26 12:56:27 - [MESSAGE][WARNING] - Timeout '0' is invalid. Using default page load timeout: '30'

2024-03-26 12:56:28 - [MESSAGE][PASSED] - Tapped on element 'Object Repository/Primery Details/MobileNumber'

2024-03-26 12:56:28 - [TEST_STEP][PASSED] - setText(findTestObject("Primery Details/MobileNumber"), str_MobileNumber, 0): Text '9998899999' has been set to element 'Object Repository/Primery Details/MobileNumber'

2024-03-26 12:56:28 - [MESSAGE][WARNING] - Timeout '0' is invalid. Using default page load timeout: '30'

2024-03-26 12:56:30 - [MESSAGE][PASSED] - Text '9998899999' has been set to element 'Object Repository/Primery Details/MobileNumber'

2024-03-26 12:56:30 - [TEST_STEP][PASSED] - hideKeyboard(): Keyboard is hidden

2024-03-26 12:56:33 - [MESSAGE][PASSED] - Keyboard is hidden

2024-03-26 12:56:33 - [TEST_STEP][PASSED] - tap(findTestObject("Create New Opportunity/Customer Type"), 0): Tapped on element 'Object Repository/Create New Opportunity/Customer Type'

2024-03-26 12:56:33 - [MESSAGE][WARNING] - Timeout '0' is invalid. Using default page load timeout: '30'

2024-03-26 12:56:34 - [MESSAGE][PASSED] - Tapped on element 'Object Repository/Create New Opportunity/Customer Type'

2024-03-26 12:56:34 - [TEST_STEP][PASSED] - sendKeys(findTestObject("Create New Opportunity/Type_CustomerType"), str_CustomerType, STOP_ON_FAILURE): Send keys 'C4T Customer' on test object 'Object Repository/Create New Opportunity/Type_CustomerType' successfully.

2024-03-26 12:56:35 - [MESSAGE][PASSED] - Send keys 'C4T Customer' on test object 'Object Repository/Create New Opportunity/Type_CustomerType' successfully.

2024-03-26 12:56:35 - [TEST_STEP][PASSED] - hideKeyboard(): Keyboard is hidden

2024-03-26 12:56:37 - [MESSAGE][PASSED] - Keyboard is hidden

2024-03-26 12:56:37 - [TEST_STEP][PASSED] - tap(findTestObject("Primery Details/Searched CustomerType"), 0): Tapped on element 'Object Repository/Primery Details/Searched CustomerType'

2024-03-26 12:56:37 - [MESSAGE][WARNING] - Timeout '0' is invalid. Using default page load timeout: '30'

2024-03-26 12:56:38 - [MESSAGE][PASSED] - Tapped on element 'Object Repository/Primery Details/Searched CustomerType'

2024-03-26 12:56:38 - [TEST_STEP][PASSED] - tap(findTestObject("Primery Details/Address Details/NextButton"), 0): Tapped on element 'Object Repository/Primery Details/Address Details/NextButton'

2024-03-26 12:56:38 - [MESSAGE][WARNING] - Timeout '0' is invalid. Using default page load timeout: '30'

2024-03-26 12:56:38 - [MESSAGE][PASSED] - Tapped on element 'Object Repository/Primery Details/Address Details/NextButton'

2024-03-26 12:56:38 - [TEST_STEP][PASSED] - bool_Pincode = verifyElementExist(findTestObject("Primery Details/Address Details/Pincode"), 10): Element 'Object Repository/Primery Details/Address Details/Pincode' is exist

2024-03-26 12:56:39 - [MESSAGE][PASSED] - Element 'Object Repository/Primery Details/Address Details/Pincode' is exist

2024-03-26 12:56:39 - [TEST_STEP][PASSED] - bool_Pincode == true: null

2024-03-26 12:56:39 - [TEST_STEP][PASSED] - takeScreenshot(): Screenshot is taken

2024-03-26 12:56:40 - [MESSAGE][PASSED] - Screenshot is taken
[[ATTACHMENT|C:\\Users\\A\\Katalon Studio\\tatamotarsdemoNew\\Reports\\20240326_125145\\TataMotors\\20240326_125145\\1711437999590.png]]

2024-03-26 12:56:40 - [TEST_STEP][PASSED] - tap(findTestObject("Primery Details/Address Details/Pincode"), 0, STOP_ON_FAILURE): Tapped on element 'Object Repository/Primery Details/Address Details/Pincode'

2024-03-26 12:56:40 - [MESSAGE][WARNING] - Timeout '0' is invalid. Using default page load timeout: '30'

2024-03-26 12:56:41 - [MESSAGE][PASSED] - Tapped on element 'Object Repository/Primery Details/Address Details/Pincode'

2024-03-26 12:56:41 - [TEST_STEP][PASSED] - setText(findTestObject("Primery Details/Address Details/Pincode"), str_Pincode, 0): Text '400033' has been set to element 'Object Repository/Primery Details/Address Details/Pincode'

2024-03-26 12:56:41 - [MESSAGE][WARNING] - Timeout '0' is invalid. Using default page load timeout: '30'

2024-03-26 12:56:42 - [MESSAGE][PASSED] - Text '400033' has been set to element 'Object Repository/Primery Details/Address Details/Pincode'

2024-03-26 12:56:42 - [TEST_STEP][PASSED] - hideKeyboard(): Keyboard is hidden

2024-03-26 12:56:44 - [MESSAGE][PASSED] - Keyboard is hidden

2024-03-26 12:56:44 - [TEST_STEP][PASSED] - Bool_Pin = waitForElementPresent(findTestObject("Add Account/Searched PinCode"), 2): Element 'Object Repository/Add Account/Searched PinCode' is present

2024-03-26 12:56:44 - [MESSAGE][PASSED] - Element 'Object Repository/Add Account/Searched PinCode' is present

2024-03-26 12:56:44 - [TEST_STEP][PASSED] - if (Bool_Pin == true): Tapped on element 'Object Repository/Add Account/Searched PinCode'

2024-03-26 12:56:44 - [TEST_STEP][PASSED] - tap(findTestObject("Add Account/Searched PinCode"), 0, STOP_ON_FAILURE): Tapped on element 'Object Repository/Add Account/Searched PinCode'

2024-03-26 12:56:44 - [MESSAGE][WARNING] - Timeout '0' is invalid. Using default page load timeout: '30'

2024-03-26 12:56:45 - [MESSAGE][PASSED] - Tapped on element 'Object Repository/Add Account/Searched PinCode'

2024-03-26 12:56:45 - [TEST_STEP][PASSED] - tap(findTestObject("NewObject/DropDownDistrict"), 0, STOP_ON_FAILURE): Tapped on element 'Object Repository/NewObject/DropDownDistrict'

2024-03-26 12:56:45 - [MESSAGE][WARNING] - Timeout '0' is invalid. Using default page load timeout: '30'

2024-03-26 12:56:47 - [MESSAGE][PASSED] - Tapped on element 'Object Repository/NewObject/DropDownDistrict'

2024-03-26 12:56:47 - [TEST_STEP][PASSED] - tap(findTestObject("NewObject/DropDownSearchedDistrict"), 0, STOP_ON_FAILURE): Tapped on element 'Object Repository/NewObject/DropDownSearchedDistrict'

2024-03-26 12:56:47 - [MESSAGE][WARNING] - Timeout '0' is invalid. Using default page load timeout: '30'

2024-03-26 12:56:48 - [MESSAGE][PASSED] - Tapped on element 'Object Repository/NewObject/DropDownSearchedDistrict'

2024-03-26 12:56:48 - [TEST_STEP][PASSED] - tap(findTestObject("NewObject/DropDownTaluka"), 0, STOP_ON_FAILURE): Tapped on element 'Object Repository/NewObject/DropDownTaluka'

2024-03-26 12:56:48 - [MESSAGE][WARNING] - Timeout '0' is invalid. Using default page load timeout: '30'

2024-03-26 12:56:49 - [MESSAGE][PASSED] - Tapped on element 'Object Repository/NewObject/DropDownTaluka'

2024-03-26 12:56:49 - [TEST_STEP][PASSED] - tap(findTestObject("NewObject/DroDownSearchedTaluka"), 0, STOP_ON_FAILURE): Tapped on element 'Object Repository/NewObject/DroDownSearchedTaluka'

2024-03-26 12:56:49 - [MESSAGE][WARNING] - Timeout '0' is invalid. Using default page load timeout: '30'

2024-03-26 12:56:50 - [MESSAGE][PASSED] - Tapped on element 'Object Repository/NewObject/DroDownSearchedTaluka'

2024-03-26 12:56:50 - [TEST_STEP][PASSED] - tap(findTestObject("Primery Details/Address Details/NextButton"), 0): Tapped on element 'Object Repository/Primery Details/Address Details/NextButton'

2024-03-26 12:56:50 - [MESSAGE][WARNING] - Timeout '0' is invalid. Using default page load timeout: '30'

2024-03-26 12:56:51 - [MESSAGE][PASSED] - Tapped on element 'Object Repository/Primery Details/Address Details/NextButton'

2024-03-26 12:56:51 - [TEST_STEP][PASSED] - delay(5, STOP_ON_FAILURE): Delayed 5 second(s)

2024-03-26 12:56:56 - [MESSAGE][PASSED] - Delayed 5 second(s)

2024-03-26 12:56:56 - [TEST_STEP][PASSED] - bool_CustomerAddedSuccessfully = verifyElementExist(findTestObject("Create Customer/CustomerAddedSuccessfully"), 10): Element 'Object Repository/Create Customer/CustomerAddedSuccessfully' is exist

2024-03-26 12:56:57 - [MESSAGE][PASSED] - Element 'Object Repository/Create Customer/CustomerAddedSuccessfully' is exist

2024-03-26 12:56:57 - [TEST_STEP][PASSED] - bool_CustomerAddedSuccessfully == true: null

2024-03-26 12:56:57 - [TEST_STEP][PASSED] - takeScreenshot(): Screenshot is taken

2024-03-26 12:56:58 - [MESSAGE][PASSED] - Screenshot is taken
[[ATTACHMENT|C:\\Users\\A\\Katalon Studio\\tatamotarsdemoNew\\Reports\\20240326_125145\\TataMotors\\20240326_125145\\1711438017767.png]]]]></system-out>
         <system-err><![CDATA[]]></system-err>
      </testcase>
      <testcase name="Test Cases/TC/TC_03 -Add Account" time="81.979" classname="Test Cases/TC/TC_03 -Add Account" status="PASSED">
         <system-out><![CDATA[2024-03-26 12:56:58 - [TEST_CASE][PASSED] - Test Cases/TC/TC_03 -Add Account: Test Cases/TC/TC_03 -Add Account

2024-03-26 12:56:59 - [TEST_STEP][PASSED] - callTestCase(findTestCase("CommenWorkflows/Login"), ["Str_URL":"C:\Users\A\Katalon Studio\tatamotarsdemo\Application\app-release (4).apk", "Str_Username":"DUSER145", "Str_Password":"Soct#2023", ... ], STOP_ON_FAILURE): Call Test Case 'Test Cases/CommenWorkflows/Login' successfully

2024-03-26 12:56:59 - [TEST_CASE][PASSED] - Test Cases/CommenWorkflows/Login: Test Cases/CommenWorkflows/Login

2024-03-26 12:56:59 - [TEST_STEP][PASSED] - startApplication(Str_URL, false): Started app at: 'C:\Users\A\Katalon Studio\tatamotarsdemo\Application\app-release (4).apk'

2024-03-26 12:56:59 - [MESSAGE][INFO] - User set preference: ['deviceId', 'R9ZT10H9Y2L']

2024-03-26 12:57:12 - [MESSAGE][PASSED] - Started app at: 'C:\Users\A\Katalon Studio\tatamotarsdemo\Application\app-release (4).apk'

2024-03-26 12:57:12 - [TEST_STEP][PASSED] - Bool_Username = waitForElementPresent(findTestObject("LockScreen/UsernaneText"), 10): Object Object Repository/LockScreen/UsernaneText not found

2024-03-26 12:57:22 - [MESSAGE][WARNING] - Object Object Repository/LockScreen/UsernaneText not found

2024-03-26 12:57:22 - [TEST_STEP][PASSED] - if (Bool_Username == true): null

2024-03-26 12:57:22 - [TEST_STEP][PASSED] - else: Tapped on element 'Object Repository/LockScreen/LoginButton'

2024-03-26 12:57:22 - [TEST_STEP][PASSED] - tap(findTestObject("LockScreen/Tap1"), 0): Tapped on element 'Object Repository/LockScreen/Tap1'

2024-03-26 12:57:22 - [MESSAGE][WARNING] - Timeout '0' is invalid. Using default page load timeout: '30'

2024-03-26 12:57:26 - [MESSAGE][PASSED] - Tapped on element 'Object Repository/LockScreen/Tap1'

2024-03-26 12:57:26 - [TEST_STEP][PASSED] - setText(findTestObject("LockScreen/Text1"), "1", 0): Text '1' has been set to element 'Object Repository/LockScreen/Text1'

2024-03-26 12:57:26 - [MESSAGE][WARNING] - Timeout '0' is invalid. Using default page load timeout: '30'

2024-03-26 12:57:28 - [MESSAGE][PASSED] - Text '1' has been set to element 'Object Repository/LockScreen/Text1'

2024-03-26 12:57:28 - [TEST_STEP][PASSED] - setText(findTestObject("LockScreen/Text2"), "2", 0): Text '2' has been set to element 'Object Repository/LockScreen/Text2'

2024-03-26 12:57:28 - [MESSAGE][WARNING] - Timeout '0' is invalid. Using default page load timeout: '30'

2024-03-26 12:57:29 - [MESSAGE][PASSED] - Text '2' has been set to element 'Object Repository/LockScreen/Text2'

2024-03-26 12:57:29 - [TEST_STEP][PASSED] - setText(findTestObject("LockScreen/Text3"), "3", 0): Text '3' has been set to element 'Object Repository/LockScreen/Text3'

2024-03-26 12:57:29 - [MESSAGE][WARNING] - Timeout '0' is invalid. Using default page load timeout: '30'

2024-03-26 12:57:30 - [MESSAGE][PASSED] - Text '3' has been set to element 'Object Repository/LockScreen/Text3'

2024-03-26 12:57:30 - [TEST_STEP][PASSED] - setText(findTestObject("LockScreen/Text4"), "4", 0): Text '4' has been set to element 'Object Repository/LockScreen/Text4'

2024-03-26 12:57:30 - [MESSAGE][WARNING] - Timeout '0' is invalid. Using default page load timeout: '30'

2024-03-26 12:57:31 - [MESSAGE][PASSED] - Text '4' has been set to element 'Object Repository/LockScreen/Text4'

2024-03-26 12:57:31 - [TEST_STEP][PASSED] - tap(findTestObject("LockScreen/LoginButton"), 0): Tapped on element 'Object Repository/LockScreen/LoginButton'

2024-03-26 12:57:31 - [MESSAGE][WARNING] - Timeout '0' is invalid. Using default page load timeout: '30'

2024-03-26 12:57:33 - [MESSAGE][PASSED] - Tapped on element 'Object Repository/LockScreen/LoginButton'

2024-03-26 12:57:33 - [MESSAGE][PASSED] - Call Test Case 'Test Cases/CommenWorkflows/Login' successfully

2024-03-26 12:57:33 - [TEST_STEP][PASSED] - verifyElementExist(findTestObject("TataMotars/HomeButton"), 10): Element 'Object Repository/TataMotars/HomeButton' is exist

2024-03-26 12:57:34 - [MESSAGE][PASSED] - Element 'Object Repository/TataMotars/HomeButton' is exist

2024-03-26 12:57:34 - [TEST_STEP][PASSED] - tap(findTestObject("TataMotars/PluseButton"), 0): Tapped on element 'Object Repository/TataMotars/PluseButton'

2024-03-26 12:57:34 - [MESSAGE][WARNING] - Timeout '0' is invalid. Using default page load timeout: '30'

2024-03-26 12:57:35 - [MESSAGE][PASSED] - Tapped on element 'Object Repository/TataMotars/PluseButton'

2024-03-26 12:57:35 - [TEST_STEP][PASSED] - bool_Opportunity = verifyElementExist(findTestObject("TataMotars/Pluse Button/OpportunityButton"), 0): Element 'Object Repository/TataMotars/Pluse Button/OpportunityButton' is exist

2024-03-26 12:57:35 - [MESSAGE][WARNING] - Timeout '0' is invalid. Using default page load timeout: '30'

2024-03-26 12:57:35 - [MESSAGE][PASSED] - Element 'Object Repository/TataMotars/Pluse Button/OpportunityButton' is exist

2024-03-26 12:57:35 - [TEST_STEP][PASSED] - bool_Account = verifyElementExist(findTestObject("TataMotars/Pluse Button/Account"), 0): Element 'Object Repository/TataMotars/Pluse Button/Account' is exist

2024-03-26 12:57:35 - [MESSAGE][WARNING] - Timeout '0' is invalid. Using default page load timeout: '30'

2024-03-26 12:57:36 - [MESSAGE][PASSED] - Element 'Object Repository/TataMotars/Pluse Button/Account' is exist

2024-03-26 12:57:36 - [TEST_STEP][PASSED] - bool_Customer = verifyElementExist(findTestObject("TataMotars/Pluse Button/Customer"), 0): Element 'Object Repository/TataMotars/Pluse Button/Customer' is exist

2024-03-26 12:57:36 - [MESSAGE][WARNING] - Timeout '0' is invalid. Using default page load timeout: '30'

2024-03-26 12:57:36 - [MESSAGE][PASSED] - Element 'Object Repository/TataMotars/Pluse Button/Customer' is exist

2024-03-26 12:57:36 - [TEST_STEP][PASSED] - bool_Influencer = verifyElementExist(findTestObject("TataMotars/Pluse Button/Influencer"), 0): Element 'Object Repository/TataMotars/Pluse Button/Influencer' is exist

2024-03-26 12:57:36 - [MESSAGE][WARNING] - Timeout '0' is invalid. Using default page load timeout: '30'

2024-03-26 12:57:36 - [MESSAGE][PASSED] - Element 'Object Repository/TataMotars/Pluse Button/Influencer' is exist

2024-03-26 12:57:36 - [TEST_STEP][PASSED] - bool_FollowUp = verifyElementExist(findTestObject("TataMotars/Pluse Button/Follow Up"), 0): Element 'Object Repository/TataMotars/Pluse Button/Follow Up' is exist

2024-03-26 12:57:36 - [MESSAGE][WARNING] - Timeout '0' is invalid. Using default page load timeout: '30'

2024-03-26 12:57:36 - [MESSAGE][PASSED] - Element 'Object Repository/TataMotars/Pluse Button/Follow Up' is exist

2024-03-26 12:57:36 - [TEST_STEP][PASSED] - bool_Opportunity && bool_Account && bool_Customer && bool_Influencer && bool_FollowUp == false: null

2024-03-26 12:57:36 - [TEST_STEP][PASSED] - takeScreenshot(): Screenshot is taken

2024-03-26 12:57:37 - [MESSAGE][PASSED] - Screenshot is taken
[[ATTACHMENT|C:\\Users\\A\\Katalon Studio\\tatamotarsdemoNew\\Reports\\20240326_125145\\TataMotors\\20240326_125145\\1711438056620.png]]

2024-03-26 12:57:37 - [TEST_STEP][PASSED] - tap(findTestObject("TataMotars/Pluse Button/Account"), 3): Tapped on element 'Object Repository/TataMotars/Pluse Button/Account'

2024-03-26 12:57:38 - [MESSAGE][PASSED] - Tapped on element 'Object Repository/TataMotars/Pluse Button/Account'

2024-03-26 12:57:38 - [TEST_STEP][PASSED] - bool_AccountInfo = verifyElementExist(findTestObject("C1 Functionality/Account Information"), 30): Element 'Object Repository/C1 Functionality/Account Information' is exist

2024-03-26 12:57:38 - [MESSAGE][PASSED] - Element 'Object Repository/C1 Functionality/Account Information' is exist

2024-03-26 12:57:38 - [TEST_STEP][PASSED] - bool_AccountName = verifyElementExist(findTestObject("Add Account/Account Name"), 30): Element 'Object Repository/Add Account/Account Name' is exist

2024-03-26 12:57:39 - [MESSAGE][PASSED] - Element 'Object Repository/Add Account/Account Name' is exist

2024-03-26 12:57:39 - [TEST_STEP][PASSED] - bool_MainPhoneNumber = verifyElementExist(findTestObject("Add Account/Main Phone Number"), 30): Element 'Object Repository/Add Account/Main Phone Number' is exist

2024-03-26 12:57:40 - [MESSAGE][PASSED] - Element 'Object Repository/Add Account/Main Phone Number' is exist

2024-03-26 12:57:40 - [TEST_STEP][PASSED] - bool_AccountInfo && bool_AccountName && bool_MainPhoneNumber == true: null

2024-03-26 12:57:40 - [TEST_STEP][PASSED] - takeScreenshot(): Screenshot is taken

2024-03-26 12:57:40 - [MESSAGE][PASSED] - Screenshot is taken
[[ATTACHMENT|C:\\Users\\A\\Katalon Studio\\tatamotarsdemoNew\\Reports\\20240326_125145\\TataMotors\\20240326_125145\\1711438060082.png]]

2024-03-26 12:57:40 - [TEST_STEP][PASSED] - Bool_Offline = waitForElementPresent(findTestObject("LockScreen/NewPin/Offline Master Sync"), 5): Object Object Repository/LockScreen/NewPin/Offline Master Sync not found

2024-03-26 12:57:46 - [MESSAGE][WARNING] - Object Object Repository/LockScreen/NewPin/Offline Master Sync not found

2024-03-26 12:57:46 - [TEST_STEP][PASSED] - if (Bool_Offline == true): null

2024-03-26 12:57:46 - [TEST_STEP][PASSED] - tap(findTestObject("Add Account/Individual RadioButton"), 0): Tapped on element 'Object Repository/Add Account/Individual RadioButton'

2024-03-26 12:57:46 - [MESSAGE][WARNING] - Timeout '0' is invalid. Using default page load timeout: '30'

2024-03-26 12:57:46 - [MESSAGE][PASSED] - Tapped on element 'Object Repository/Add Account/Individual RadioButton'

2024-03-26 12:57:46 - [TEST_STEP][PASSED] - minRange = 1: null

2024-03-26 12:57:46 - [TEST_STEP][PASSED] - maxRange = 1000: null

2024-03-26 12:57:46 - [TEST_STEP][PASSED] - randomInt = current().nextInt(minRange, maxRange + 1): null

2024-03-26 12:57:46 - [TEST_STEP][PASSED] - Result = $str_AccountName $randomInt: null

2024-03-26 12:57:46 - [TEST_STEP][PASSED] - tap(findTestObject("Add Account/Account Name"), 0): Tapped on element 'Object Repository/Add Account/Account Name'

2024-03-26 12:57:46 - [MESSAGE][WARNING] - Timeout '0' is invalid. Using default page load timeout: '30'

2024-03-26 12:57:47 - [MESSAGE][PASSED] - Tapped on element 'Object Repository/Add Account/Account Name'

2024-03-26 12:57:47 - [TEST_STEP][PASSED] - setText(findTestObject("Add Account/Account Name"), Result, 0): Text 'Stepone main Office 479' has been set to element 'Object Repository/Add Account/Account Name'

2024-03-26 12:57:47 - [MESSAGE][WARNING] - Timeout '0' is invalid. Using default page load timeout: '30'

2024-03-26 12:57:49 - [MESSAGE][PASSED] - Text 'Stepone main Office 479' has been set to element 'Object Repository/Add Account/Account Name'

2024-03-26 12:57:49 - [TEST_STEP][PASSED] - hideKeyboard(): Keyboard is hidden

2024-03-26 12:57:50 - [MESSAGE][PASSED] - Keyboard is hidden

2024-03-26 12:57:50 - [TEST_STEP][PASSED] - tap(findTestObject("Add Account/Main Phone Number"), 0): Tapped on element 'Object Repository/Add Account/Main Phone Number'

2024-03-26 12:57:50 - [MESSAGE][WARNING] - Timeout '0' is invalid. Using default page load timeout: '30'

2024-03-26 12:57:51 - [MESSAGE][PASSED] - Tapped on element 'Object Repository/Add Account/Main Phone Number'

2024-03-26 12:57:51 - [TEST_STEP][PASSED] - setText(findTestObject("Add Account/Main Phone Number"), str_MainMobileNo, 0): Text '9988667890' has been set to element 'Object Repository/Add Account/Main Phone Number'

2024-03-26 12:57:51 - [MESSAGE][WARNING] - Timeout '0' is invalid. Using default page load timeout: '30'

2024-03-26 12:57:53 - [MESSAGE][PASSED] - Text '9988667890' has been set to element 'Object Repository/Add Account/Main Phone Number'

2024-03-26 12:57:53 - [TEST_STEP][PASSED] - hideKeyboard(): Keyboard is hidden

2024-03-26 12:57:56 - [MESSAGE][PASSED] - Keyboard is hidden

2024-03-26 12:57:56 - [TEST_STEP][PASSED] - tap(findTestObject("Primery Details/Address Details/NextButton"), 0): Tapped on element 'Object Repository/Primery Details/Address Details/NextButton'

2024-03-26 12:57:56 - [MESSAGE][WARNING] - Timeout '0' is invalid. Using default page load timeout: '30'

2024-03-26 12:57:57 - [MESSAGE][PASSED] - Tapped on element 'Object Repository/Primery Details/Address Details/NextButton'

2024-03-26 12:57:57 - [TEST_STEP][PASSED] - bool_Pincode = verifyElementExist(findTestObject("Primery Details/Address Details/Pincode"), 30): Element 'Object Repository/Primery Details/Address Details/Pincode' is exist

2024-03-26 12:57:58 - [MESSAGE][PASSED] - Element 'Object Repository/Primery Details/Address Details/Pincode' is exist

2024-03-26 12:57:58 - [TEST_STEP][PASSED] - takeScreenshot(): Screenshot is taken

2024-03-26 12:57:58 - [MESSAGE][PASSED] - Screenshot is taken
[[ATTACHMENT|C:\\Users\\A\\Katalon Studio\\tatamotarsdemoNew\\Reports\\20240326_125145\\TataMotors\\20240326_125145\\1711438078054.png]]

2024-03-26 12:57:58 - [TEST_STEP][PASSED] - tap(findTestObject("Primery Details/Address Details/Pincode"), 0): Tapped on element 'Object Repository/Primery Details/Address Details/Pincode'

2024-03-26 12:57:58 - [MESSAGE][WARNING] - Timeout '0' is invalid. Using default page load timeout: '30'

2024-03-26 12:57:59 - [MESSAGE][PASSED] - Tapped on element 'Object Repository/Primery Details/Address Details/Pincode'

2024-03-26 12:57:59 - [TEST_STEP][PASSED] - setText(findTestObject("Primery Details/Address Details/Pincode"), str_Pincode, 0): Text '410210' has been set to element 'Object Repository/Primery Details/Address Details/Pincode'

2024-03-26 12:57:59 - [MESSAGE][WARNING] - Timeout '0' is invalid. Using default page load timeout: '30'

2024-03-26 12:58:01 - [MESSAGE][PASSED] - Text '410210' has been set to element 'Object Repository/Primery Details/Address Details/Pincode'

2024-03-26 12:58:01 - [TEST_STEP][PASSED] - hideKeyboard(): Keyboard is hidden

2024-03-26 12:58:03 - [MESSAGE][PASSED] - Keyboard is hidden

2024-03-26 12:58:03 - [TEST_STEP][PASSED] - Bool_Pin = waitForElementPresent(findTestObject("NewObject/Searched PinCodeTC3"), 2): Element 'Object Repository/NewObject/Searched PinCodeTC3' is present

2024-03-26 12:58:03 - [MESSAGE][PASSED] - Element 'Object Repository/NewObject/Searched PinCodeTC3' is present

2024-03-26 12:58:03 - [TEST_STEP][PASSED] - if (Bool_Pin == true): Tapped on element 'Object Repository/NewObject/Searched PinCodeTC3'

2024-03-26 12:58:03 - [TEST_STEP][PASSED] - tap(findTestObject("NewObject/Searched PinCodeTC3"), 0, STOP_ON_FAILURE): Tapped on element 'Object Repository/NewObject/Searched PinCodeTC3'

2024-03-26 12:58:03 - [MESSAGE][WARNING] - Timeout '0' is invalid. Using default page load timeout: '30'

2024-03-26 12:58:04 - [MESSAGE][PASSED] - Tapped on element 'Object Repository/NewObject/Searched PinCodeTC3'

2024-03-26 12:58:04 - [TEST_STEP][PASSED] - tap(findTestObject("NewObject/DropDownDistrict"), 0, STOP_ON_FAILURE): Tapped on element 'Object Repository/NewObject/DropDownDistrict'

2024-03-26 12:58:04 - [MESSAGE][WARNING] - Timeout '0' is invalid. Using default page load timeout: '30'

2024-03-26 12:58:05 - [MESSAGE][PASSED] - Tapped on element 'Object Repository/NewObject/DropDownDistrict'

2024-03-26 12:58:05 - [TEST_STEP][PASSED] - tap(findTestObject("NewObject/DropDownSearchedDistrict"), 0, STOP_ON_FAILURE): Tapped on element 'Object Repository/NewObject/DropDownSearchedDistrict'

2024-03-26 12:58:05 - [MESSAGE][WARNING] - Timeout '0' is invalid. Using default page load timeout: '30'

2024-03-26 12:58:06 - [MESSAGE][PASSED] - Tapped on element 'Object Repository/NewObject/DropDownSearchedDistrict'

2024-03-26 12:58:06 - [TEST_STEP][PASSED] - tap(findTestObject("NewObject/DropDownTaluka"), 0, STOP_ON_FAILURE): Tapped on element 'Object Repository/NewObject/DropDownTaluka'

2024-03-26 12:58:06 - [MESSAGE][WARNING] - Timeout '0' is invalid. Using default page load timeout: '30'

2024-03-26 12:58:08 - [MESSAGE][PASSED] - Tapped on element 'Object Repository/NewObject/DropDownTaluka'

2024-03-26 12:58:08 - [TEST_STEP][PASSED] - tap(findTestObject("NewObject/DroDownSearchedTaluka"), 0, STOP_ON_FAILURE): Tapped on element 'Object Repository/NewObject/DroDownSearchedTaluka'

2024-03-26 12:58:08 - [MESSAGE][WARNING] - Timeout '0' is invalid. Using default page load timeout: '30'

2024-03-26 12:58:09 - [MESSAGE][PASSED] - Tapped on element 'Object Repository/NewObject/DroDownSearchedTaluka'

2024-03-26 12:58:09 - [TEST_STEP][PASSED] - tap(findTestObject("Primery Details/Address Details/NextButton"), 0): Tapped on element 'Object Repository/Primery Details/Address Details/NextButton'

2024-03-26 12:58:09 - [MESSAGE][WARNING] - Timeout '0' is invalid. Using default page load timeout: '30'

2024-03-26 12:58:12 - [MESSAGE][PASSED] - Tapped on element 'Object Repository/Primery Details/Address Details/NextButton'

2024-03-26 12:58:12 - [TEST_STEP][PASSED] - verifyElementExist(findTestObject("Menu/Opportunities"), 30): Element 'Object Repository/Menu/Opportunities' is exist

2024-03-26 12:58:19 - [MESSAGE][PASSED] - Element 'Object Repository/Menu/Opportunities' is exist

2024-03-26 12:58:19 - [TEST_STEP][PASSED] - takeScreenshot(): Screenshot is taken

2024-03-26 12:58:20 - [MESSAGE][PASSED] - Screenshot is taken
[[ATTACHMENT|C:\\Users\\A\\Katalon Studio\\tatamotarsdemoNew\\Reports\\20240326_125145\\TataMotors\\20240326_125145\\1711438099731.png]]]]></system-out>
         <system-err><![CDATA[]]></system-err>
      </testcase>
      <testcase name="Test Cases/TC/TC_04 -Add Influencer" time="88.937" classname="Test Cases/TC/TC_04 -Add Influencer" status="PASSED">
         <system-out><![CDATA[2024-03-26 12:58:20 - [TEST_CASE][PASSED] - Test Cases/TC/TC_04 -Add Influencer: Test Cases/TC/TC_04 -Add Influencer

2024-03-26 12:58:21 - [TEST_STEP][PASSED] - callTestCase(findTestCase("CommenWorkflows/Login"), ["Str_URL":"C:\Users\A\Katalon Studio\tatamotarsdemo\Application\app-release (4).apk", "Str_Username":"DUSER145", "Str_Password":"Soct#2023", ... ], STOP_ON_FAILURE): Call Test Case 'Test Cases/CommenWorkflows/Login' successfully

2024-03-26 12:58:21 - [TEST_CASE][PASSED] - Test Cases/CommenWorkflows/Login: Test Cases/CommenWorkflows/Login

2024-03-26 12:58:21 - [TEST_STEP][PASSED] - startApplication(Str_URL, false): Started app at: 'C:\Users\A\Katalon Studio\tatamotarsdemo\Application\app-release (4).apk'

2024-03-26 12:58:21 - [MESSAGE][INFO] - User set preference: ['deviceId', 'R9ZT10H9Y2L']

2024-03-26 12:58:34 - [MESSAGE][PASSED] - Started app at: 'C:\Users\A\Katalon Studio\tatamotarsdemo\Application\app-release (4).apk'

2024-03-26 12:58:34 - [TEST_STEP][PASSED] - Bool_Username = waitForElementPresent(findTestObject("LockScreen/UsernaneText"), 10): Object Object Repository/LockScreen/UsernaneText not found

2024-03-26 12:58:44 - [MESSAGE][WARNING] - Object Object Repository/LockScreen/UsernaneText not found

2024-03-26 12:58:44 - [TEST_STEP][PASSED] - if (Bool_Username == true): null

2024-03-26 12:58:44 - [TEST_STEP][PASSED] - else: Tapped on element 'Object Repository/LockScreen/LoginButton'

2024-03-26 12:58:44 - [TEST_STEP][PASSED] - tap(findTestObject("LockScreen/Tap1"), 0): Tapped on element 'Object Repository/LockScreen/Tap1'

2024-03-26 12:58:44 - [MESSAGE][WARNING] - Timeout '0' is invalid. Using default page load timeout: '30'

2024-03-26 12:58:52 - [MESSAGE][PASSED] - Tapped on element 'Object Repository/LockScreen/Tap1'

2024-03-26 12:58:52 - [TEST_STEP][PASSED] - setText(findTestObject("LockScreen/Text1"), "1", 0): Text '1' has been set to element 'Object Repository/LockScreen/Text1'

2024-03-26 12:58:52 - [MESSAGE][WARNING] - Timeout '0' is invalid. Using default page load timeout: '30'

2024-03-26 12:58:54 - [MESSAGE][PASSED] - Text '1' has been set to element 'Object Repository/LockScreen/Text1'

2024-03-26 12:58:54 - [TEST_STEP][PASSED] - setText(findTestObject("LockScreen/Text2"), "2", 0): Text '2' has been set to element 'Object Repository/LockScreen/Text2'

2024-03-26 12:58:54 - [MESSAGE][WARNING] - Timeout '0' is invalid. Using default page load timeout: '30'

2024-03-26 12:58:55 - [MESSAGE][PASSED] - Text '2' has been set to element 'Object Repository/LockScreen/Text2'

2024-03-26 12:58:55 - [TEST_STEP][PASSED] - setText(findTestObject("LockScreen/Text3"), "3", 0): Text '3' has been set to element 'Object Repository/LockScreen/Text3'

2024-03-26 12:58:55 - [MESSAGE][WARNING] - Timeout '0' is invalid. Using default page load timeout: '30'

2024-03-26 12:58:56 - [MESSAGE][PASSED] - Text '3' has been set to element 'Object Repository/LockScreen/Text3'

2024-03-26 12:58:56 - [TEST_STEP][PASSED] - setText(findTestObject("LockScreen/Text4"), "4", 0): Text '4' has been set to element 'Object Repository/LockScreen/Text4'

2024-03-26 12:58:56 - [MESSAGE][WARNING] - Timeout '0' is invalid. Using default page load timeout: '30'

2024-03-26 12:58:57 - [MESSAGE][PASSED] - Text '4' has been set to element 'Object Repository/LockScreen/Text4'

2024-03-26 12:58:57 - [TEST_STEP][PASSED] - tap(findTestObject("LockScreen/LoginButton"), 0): Tapped on element 'Object Repository/LockScreen/LoginButton'

2024-03-26 12:58:57 - [MESSAGE][WARNING] - Timeout '0' is invalid. Using default page load timeout: '30'

2024-03-26 12:58:59 - [MESSAGE][PASSED] - Tapped on element 'Object Repository/LockScreen/LoginButton'

2024-03-26 12:58:59 - [MESSAGE][PASSED] - Call Test Case 'Test Cases/CommenWorkflows/Login' successfully

2024-03-26 12:58:59 - [TEST_STEP][PASSED] - verifyElementExist(findTestObject("TataMotars/HomeButton"), 10): Element 'Object Repository/TataMotars/HomeButton' is exist

2024-03-26 12:59:00 - [MESSAGE][PASSED] - Element 'Object Repository/TataMotars/HomeButton' is exist

2024-03-26 12:59:00 - [TEST_STEP][PASSED] - tap(findTestObject("TataMotars/PluseButton"), 0): Tapped on element 'Object Repository/TataMotars/PluseButton'

2024-03-26 12:59:00 - [MESSAGE][WARNING] - Timeout '0' is invalid. Using default page load timeout: '30'

2024-03-26 12:59:02 - [MESSAGE][PASSED] - Tapped on element 'Object Repository/TataMotars/PluseButton'

2024-03-26 12:59:02 - [TEST_STEP][PASSED] - bool_Opportunity = verifyElementExist(findTestObject("TataMotars/Pluse Button/OpportunityButton"), 0): Element 'Object Repository/TataMotars/Pluse Button/OpportunityButton' is exist

2024-03-26 12:59:02 - [MESSAGE][WARNING] - Timeout '0' is invalid. Using default page load timeout: '30'

2024-03-26 12:59:02 - [MESSAGE][PASSED] - Element 'Object Repository/TataMotars/Pluse Button/OpportunityButton' is exist

2024-03-26 12:59:02 - [TEST_STEP][PASSED] - bool_Account = verifyElementExist(findTestObject("TataMotars/Pluse Button/Account"), 0): Element 'Object Repository/TataMotars/Pluse Button/Account' is exist

2024-03-26 12:59:02 - [MESSAGE][WARNING] - Timeout '0' is invalid. Using default page load timeout: '30'

2024-03-26 12:59:02 - [MESSAGE][PASSED] - Element 'Object Repository/TataMotars/Pluse Button/Account' is exist

2024-03-26 12:59:02 - [TEST_STEP][PASSED] - bool_Customer = verifyElementExist(findTestObject("TataMotars/Pluse Button/Customer"), 0): Element 'Object Repository/TataMotars/Pluse Button/Customer' is exist

2024-03-26 12:59:02 - [MESSAGE][WARNING] - Timeout '0' is invalid. Using default page load timeout: '30'

2024-03-26 12:59:02 - [MESSAGE][PASSED] - Element 'Object Repository/TataMotars/Pluse Button/Customer' is exist

2024-03-26 12:59:02 - [TEST_STEP][PASSED] - bool_Influencer = verifyElementExist(findTestObject("TataMotars/Pluse Button/Influencer"), 0): Element 'Object Repository/TataMotars/Pluse Button/Influencer' is exist

2024-03-26 12:59:02 - [MESSAGE][WARNING] - Timeout '0' is invalid. Using default page load timeout: '30'

2024-03-26 12:59:03 - [MESSAGE][PASSED] - Element 'Object Repository/TataMotars/Pluse Button/Influencer' is exist

2024-03-26 12:59:03 - [TEST_STEP][PASSED] - bool_FollowUp = verifyElementExist(findTestObject("TataMotars/Pluse Button/Follow Up"), 0): Element 'Object Repository/TataMotars/Pluse Button/Follow Up' is exist

2024-03-26 12:59:03 - [MESSAGE][WARNING] - Timeout '0' is invalid. Using default page load timeout: '30'

2024-03-26 12:59:03 - [MESSAGE][PASSED] - Element 'Object Repository/TataMotars/Pluse Button/Follow Up' is exist

2024-03-26 12:59:03 - [TEST_STEP][PASSED] - bool_Opportunity && bool_Account && bool_Customer && bool_Influencer && bool_FollowUp == false: null

2024-03-26 12:59:03 - [TEST_STEP][PASSED] - takeScreenshot(): Screenshot is taken

2024-03-26 12:59:04 - [MESSAGE][PASSED] - Screenshot is taken
[[ATTACHMENT|C:\\Users\\A\\Katalon Studio\\tatamotarsdemoNew\\Reports\\20240326_125145\\TataMotors\\20240326_125145\\1711438143271.png]]

2024-03-26 12:59:04 - [TEST_STEP][PASSED] - tap(findTestObject("TataMotars/Pluse Button/Influencer"), 3): Tapped on element 'Object Repository/TataMotars/Pluse Button/Influencer'

2024-03-26 12:59:05 - [MESSAGE][PASSED] - Tapped on element 'Object Repository/TataMotars/Pluse Button/Influencer'

2024-03-26 12:59:05 - [TEST_STEP][PASSED] - bool_PrimaryDetails = verifyElementExist(findTestObject("Primery Details/Primary Details"), 10): Element 'Object Repository/Primery Details/Primary Details' is exist

2024-03-26 12:59:05 - [MESSAGE][PASSED] - Element 'Object Repository/Primery Details/Primary Details' is exist

2024-03-26 12:59:05 - [TEST_STEP][PASSED] - bool_PrimaryDetails == true: null

2024-03-26 12:59:05 - [TEST_STEP][PASSED] - takeScreenshot(): Screenshot is taken

2024-03-26 12:59:06 - [MESSAGE][PASSED] - Screenshot is taken
[[ATTACHMENT|C:\\Users\\A\\Katalon Studio\\tatamotarsdemoNew\\Reports\\20240326_125145\\TataMotors\\20240326_125145\\1711438145352.png]]

2024-03-26 12:59:06 - [TEST_STEP][PASSED] - tap(findTestObject("Primery Details/FirstName"), 0): Tapped on element 'Object Repository/Primery Details/FirstName'

2024-03-26 12:59:06 - [MESSAGE][WARNING] - Timeout '0' is invalid. Using default page load timeout: '30'

2024-03-26 12:59:07 - [MESSAGE][PASSED] - Tapped on element 'Object Repository/Primery Details/FirstName'

2024-03-26 12:59:07 - [TEST_STEP][PASSED] - setText(findTestObject("Primery Details/FirstName"), str_FirstName, 0): Text 'Step1' has been set to element 'Object Repository/Primery Details/FirstName'

2024-03-26 12:59:07 - [MESSAGE][WARNING] - Timeout '0' is invalid. Using default page load timeout: '30'

2024-03-26 12:59:08 - [MESSAGE][PASSED] - Text 'Step1' has been set to element 'Object Repository/Primery Details/FirstName'

2024-03-26 12:59:08 - [TEST_STEP][PASSED] - hideKeyboard(): Keyboard is hidden

2024-03-26 12:59:10 - [MESSAGE][PASSED] - Keyboard is hidden

2024-03-26 12:59:10 - [TEST_STEP][PASSED] - tap(findTestObject("Primery Details/LastName"), 0): Tapped on element 'Object Repository/Primery Details/LastName'

2024-03-26 12:59:10 - [MESSAGE][WARNING] - Timeout '0' is invalid. Using default page load timeout: '30'

2024-03-26 12:59:10 - [MESSAGE][PASSED] - Tapped on element 'Object Repository/Primery Details/LastName'

2024-03-26 12:59:10 - [TEST_STEP][PASSED] - setText(findTestObject("Primery Details/LastName"), str_LastName, 0): Text 'Test1' has been set to element 'Object Repository/Primery Details/LastName'

2024-03-26 12:59:10 - [MESSAGE][WARNING] - Timeout '0' is invalid. Using default page load timeout: '30'

2024-03-26 12:59:12 - [MESSAGE][PASSED] - Text 'Test1' has been set to element 'Object Repository/Primery Details/LastName'

2024-03-26 12:59:12 - [TEST_STEP][PASSED] - hideKeyboard(): Keyboard is hidden

2024-03-26 12:59:14 - [MESSAGE][PASSED] - Keyboard is hidden

2024-03-26 12:59:14 - [TEST_STEP][PASSED] - tap(findTestObject("Primery Details/MobileNumber"), 0): Tapped on element 'Object Repository/Primery Details/MobileNumber'

2024-03-26 12:59:14 - [MESSAGE][WARNING] - Timeout '0' is invalid. Using default page load timeout: '30'

2024-03-26 12:59:14 - [MESSAGE][PASSED] - Tapped on element 'Object Repository/Primery Details/MobileNumber'

2024-03-26 12:59:14 - [TEST_STEP][PASSED] - setText(findTestObject("Primery Details/MobileNumber"), str_MobileNumber, 0): Text '9976888963' has been set to element 'Object Repository/Primery Details/MobileNumber'

2024-03-26 12:59:14 - [MESSAGE][WARNING] - Timeout '0' is invalid. Using default page load timeout: '30'

2024-03-26 12:59:16 - [MESSAGE][PASSED] - Text '9976888963' has been set to element 'Object Repository/Primery Details/MobileNumber'

2024-03-26 12:59:16 - [TEST_STEP][PASSED] - hideKeyboard(): Keyboard is hidden

2024-03-26 12:59:19 - [MESSAGE][PASSED] - Keyboard is hidden

2024-03-26 12:59:19 - [TEST_STEP][PASSED] - takeScreenshot(): Screenshot is taken

2024-03-26 12:59:20 - [MESSAGE][PASSED] - Screenshot is taken
[[ATTACHMENT|C:\\Users\\A\\Katalon Studio\\tatamotarsdemoNew\\Reports\\20240326_125145\\TataMotors\\20240326_125145\\1711438159735.png]]

2024-03-26 12:59:20 - [TEST_STEP][PASSED] - Bool_BackButton = waitForElementPresent(findTestObject("Create Customer/Back Button"), 0): Element 'Object Repository/Create Customer/Back Button' is present

2024-03-26 12:59:20 - [MESSAGE][WARNING] - Timeout '0' is invalid. Using default page load timeout: '30'

2024-03-26 12:59:20 - [MESSAGE][PASSED] - Element 'Object Repository/Create Customer/Back Button' is present

2024-03-26 12:59:20 - [TEST_STEP][PASSED] - Bool_NextButton = waitForElementPresent(findTestObject("Vehicle information/NextButton"), 0): Element 'Object Repository/Vehicle information/NextButton' is present

2024-03-26 12:59:20 - [MESSAGE][WARNING] - Timeout '0' is invalid. Using default page load timeout: '30'

2024-03-26 12:59:21 - [MESSAGE][PASSED] - Element 'Object Repository/Vehicle information/NextButton' is present

2024-03-26 12:59:21 - [TEST_STEP][PASSED] - Bool_BackButton && Bool_NextButton == true: null

2024-03-26 12:59:21 - [TEST_STEP][PASSED] - takeScreenshot(): Screenshot is taken

2024-03-26 12:59:22 - [MESSAGE][PASSED] - Screenshot is taken
[[ATTACHMENT|C:\\Users\\A\\Katalon Studio\\tatamotarsdemoNew\\Reports\\20240326_125145\\TataMotors\\20240326_125145\\1711438161119.png]]

2024-03-26 12:59:22 - [TEST_STEP][PASSED] - tap(findTestObject("Primery Details/Enter InfluencerType"), 0): Tapped on element 'Object Repository/Primery Details/Enter InfluencerType'

2024-03-26 12:59:22 - [MESSAGE][WARNING] - Timeout '0' is invalid. Using default page load timeout: '30'

2024-03-26 12:59:22 - [MESSAGE][PASSED] - Tapped on element 'Object Repository/Primery Details/Enter InfluencerType'

2024-03-26 12:59:22 - [TEST_STEP][PASSED] - sendKeys(findTestObject("Create Customer/Influencer Type"), str_InfluencerType, STOP_ON_FAILURE): Send keys 'Advertisement' on test object 'Object Repository/Create Customer/Influencer Type' successfully.

2024-03-26 12:59:24 - [MESSAGE][PASSED] - Send keys 'Advertisement' on test object 'Object Repository/Create Customer/Influencer Type' successfully.

2024-03-26 12:59:24 - [TEST_STEP][PASSED] - hideKeyboard(): Keyboard is hidden

2024-03-26 12:59:25 - [MESSAGE][PASSED] - Keyboard is hidden

2024-03-26 12:59:25 - [TEST_STEP][PASSED] - takeScreenshot(): Screenshot is taken

2024-03-26 12:59:26 - [MESSAGE][PASSED] - Screenshot is taken
[[ATTACHMENT|C:\\Users\\A\\Katalon Studio\\tatamotarsdemoNew\\Reports\\20240326_125145\\TataMotors\\20240326_125145\\1711438165943.png]]

2024-03-26 12:59:26 - [TEST_STEP][PASSED] - tap(findTestObject("Primery Details/Address Details/NextButton"), 0): Tapped on element 'Object Repository/Primery Details/Address Details/NextButton'

2024-03-26 12:59:26 - [MESSAGE][WARNING] - Timeout '0' is invalid. Using default page load timeout: '30'

2024-03-26 12:59:27 - [MESSAGE][PASSED] - Tapped on element 'Object Repository/Primery Details/Address Details/NextButton'

2024-03-26 12:59:27 - [TEST_STEP][PASSED] - bool_Pincode = verifyElementExist(findTestObject("Primery Details/Address Details/Pincode"), 10): Element 'Object Repository/Primery Details/Address Details/Pincode' is exist

2024-03-26 12:59:28 - [MESSAGE][PASSED] - Element 'Object Repository/Primery Details/Address Details/Pincode' is exist

2024-03-26 12:59:28 - [TEST_STEP][PASSED] - bool_Pincode == true: null

2024-03-26 12:59:28 - [TEST_STEP][PASSED] - takeScreenshot(): Screenshot is taken

2024-03-26 12:59:29 - [MESSAGE][PASSED] - Screenshot is taken
[[ATTACHMENT|C:\\Users\\A\\Katalon Studio\\tatamotarsdemoNew\\Reports\\20240326_125145\\TataMotors\\20240326_125145\\1711438168623.png]]

2024-03-26 12:59:29 - [TEST_STEP][PASSED] - tap(findTestObject("Primery Details/Address Details/Pincode"), 0, STOP_ON_FAILURE): Tapped on element 'Object Repository/Primery Details/Address Details/Pincode'

2024-03-26 12:59:29 - [MESSAGE][WARNING] - Timeout '0' is invalid. Using default page load timeout: '30'

2024-03-26 12:59:30 - [MESSAGE][PASSED] - Tapped on element 'Object Repository/Primery Details/Address Details/Pincode'

2024-03-26 12:59:30 - [TEST_STEP][PASSED] - setText(findTestObject("Primery Details/Address Details/Pincode"), str_Pincode, 0): Text '795149' has been set to element 'Object Repository/Primery Details/Address Details/Pincode'

2024-03-26 12:59:30 - [MESSAGE][WARNING] - Timeout '0' is invalid. Using default page load timeout: '30'

2024-03-26 12:59:31 - [MESSAGE][PASSED] - Text '795149' has been set to element 'Object Repository/Primery Details/Address Details/Pincode'

2024-03-26 12:59:31 - [TEST_STEP][PASSED] - Bool_PinCode = waitForElementPresent(findTestObject("Address details/ClickPincodeNo"), 5): Element 'Object Repository/Address details/ClickPincodeNo' is present

2024-03-26 12:59:32 - [MESSAGE][PASSED] - Element 'Object Repository/Address details/ClickPincodeNo' is present

2024-03-26 12:59:32 - [TEST_STEP][PASSED] - if (Bool_PinCode == true): Tapped on element 'Object Repository/Address details/ClickPincodeNo'

2024-03-26 12:59:32 - [TEST_STEP][PASSED] - tap(findTestObject("Address details/ClickPincodeNo"), 5): Tapped on element 'Object Repository/Address details/ClickPincodeNo'

2024-03-26 12:59:33 - [MESSAGE][PASSED] - Tapped on element 'Object Repository/Address details/ClickPincodeNo'

2024-03-26 12:59:33 - [TEST_STEP][PASSED] - hideKeyboard(): Keyboard is hidden

2024-03-26 12:59:34 - [MESSAGE][PASSED] - Keyboard is hidden

2024-03-26 12:59:34 - [TEST_STEP][PASSED] - tap(findTestObject("NewObject/DropDownDistrict"), 0, STOP_ON_FAILURE): Tapped on element 'Object Repository/NewObject/DropDownDistrict'

2024-03-26 12:59:34 - [MESSAGE][WARNING] - Timeout '0' is invalid. Using default page load timeout: '30'

2024-03-26 12:59:36 - [MESSAGE][PASSED] - Tapped on element 'Object Repository/NewObject/DropDownDistrict'

2024-03-26 12:59:36 - [TEST_STEP][PASSED] - tap(findTestObject("NewObject/DropDownSearchedDistrict"), 0, STOP_ON_FAILURE): Tapped on element 'Object Repository/NewObject/DropDownSearchedDistrict'

2024-03-26 12:59:36 - [MESSAGE][WARNING] - Timeout '0' is invalid. Using default page load timeout: '30'

2024-03-26 12:59:36 - [MESSAGE][PASSED] - Tapped on element 'Object Repository/NewObject/DropDownSearchedDistrict'

2024-03-26 12:59:36 - [TEST_STEP][PASSED] - tap(findTestObject("NewObject/DropDownTaluka"), 0, STOP_ON_FAILURE): Tapped on element 'Object Repository/NewObject/DropDownTaluka'

2024-03-26 12:59:36 - [MESSAGE][WARNING] - Timeout '0' is invalid. Using default page load timeout: '30'

2024-03-26 12:59:38 - [MESSAGE][PASSED] - Tapped on element 'Object Repository/NewObject/DropDownTaluka'

2024-03-26 12:59:38 - [TEST_STEP][PASSED] - tap(findTestObject("NewObject/DroDownSearchedTaluka"), 0, STOP_ON_FAILURE): Tapped on element 'Object Repository/NewObject/DroDownSearchedTaluka'

2024-03-26 12:59:38 - [MESSAGE][WARNING] - Timeout '0' is invalid. Using default page load timeout: '30'

2024-03-26 12:59:39 - [MESSAGE][PASSED] - Tapped on element 'Object Repository/NewObject/DroDownSearchedTaluka'

2024-03-26 12:59:39 - [TEST_STEP][PASSED] - tap(findTestObject("Primery Details/Address Details/NextButton"), 0): Tapped on element 'Object Repository/Primery Details/Address Details/NextButton'

2024-03-26 12:59:39 - [MESSAGE][WARNING] - Timeout '0' is invalid. Using default page load timeout: '30'

2024-03-26 12:59:40 - [MESSAGE][PASSED] - Tapped on element 'Object Repository/Primery Details/Address Details/NextButton'

2024-03-26 12:59:40 - [TEST_STEP][PASSED] - delay(5, STOP_ON_FAILURE): Delayed 5 second(s)

2024-03-26 12:59:45 - [MESSAGE][PASSED] - Delayed 5 second(s)

2024-03-26 12:59:45 - [TEST_STEP][PASSED] - bool_CustomerAddedSuccessfully = verifyElementExist(findTestObject("NewObject/Influencer added successfully"), 10): Element 'Object Repository/NewObject/Influencer added successfully' is exist

2024-03-26 12:59:46 - [MESSAGE][PASSED] - Element 'Object Repository/NewObject/Influencer added successfully' is exist

2024-03-26 12:59:46 - [TEST_STEP][PASSED] - bool_CustomerAddedSuccessfully == true: null

2024-03-26 12:59:46 - [TEST_STEP][PASSED] - Bool_CustomerType = waitForElementPresent(findTestObject("Create Customer/Influencer Type"), 2): Object Object Repository/Create Customer/Influencer Type not found

2024-03-26 12:59:48 - [MESSAGE][WARNING] - Object Object Repository/Create Customer/Influencer Type not found

2024-03-26 12:59:48 - [TEST_STEP][PASSED] - takeScreenshot(): Screenshot is taken

2024-03-26 12:59:49 - [MESSAGE][PASSED] - Screenshot is taken
[[ATTACHMENT|C:\\Users\\A\\Katalon Studio\\tatamotarsdemoNew\\Reports\\20240326_125145\\TataMotors\\20240326_125145\\1711438188698.png]]]]></system-out>
         <system-err><![CDATA[]]></system-err>
      </testcase>
      <system-out><![CDATA[2024-03-26 12:51:47 - [TEST_SUITE][PASSED] - TataMotors: Test Cases/TC/TC_04 -Add Influencer]]></system-out>
      <system-err><![CDATA[]]></system-err>
   </testsuite>
</testsuites>
