<?xml version="1.0" encoding="UTF-8"?>
<testsuites name="TataMotors" time="140.353" tests="1" failures="0" errors="0">
   <testsuite name="TataMotors" tests="1" failures="0" errors="0" time="140.353" skipped="0" timestamp="01-03-2024T16:56:10" hostname="Sushil.Gaikwad - DS025.step.com" id="Test Suites/TataMotors">
      <properties>
[...]
</properties>
      <testcase name="Test Cases/TC/TC_08 - Lost Functionality" time="140.077" classname="Test Cases/TC/TC_08 - Lost Functionality" status="PASSED">
         <system-out><![CDATA[01-03-2024T16:56:11 - [TEST_CASE][PASSED] - Test Cases/TC/TC_08 - Lost Functionality: Test Cases/TC/TC_08 - Lost Functionality

01-03-2024T16:56:12 - [TEST_STEP][PASSED] - callTestCase(findTestCase("CommenWorkflows/Login"), ["Str_URL":"C:\Users\sushil.gaikwad\Downloads\tatamotarsdemo 1\tatamotarsdemo\Application\app-release 2.apk", "Str_Username":"DUSER145", ... ], STOP_ON_FAILURE): Call Test Case 'Test Cases/CommenWorkflows/Login' successfully

01-03-2024T16:56:12 - [TEST_CASE][PASSED] - Test Cases/CommenWorkflows/Login: Test Cases/CommenWorkflows/Login

01-03-2024T16:56:13 - [TEST_STEP][PASSED] - startApplication(Str_URL, true): Started app at: 'C:\Users\sushil.gaikwad\Downloads\tatamotarsdemo 1\tatamotarsdemo\Application\app-release 2.apk'

01-03-2024T16:56:13 - [MESSAGE][INFO] - User set preference: ['deviceId', 'R9ZT10H9Y2L']

01-03-2024T16:56:13 - [MESSAGE][INFO] - Detected NodeJS location: "C:\Program Files\nodejs\node.exe"

01-03-2024T16:56:18 - [MESSAGE][INFO] - PATH: C:\Program Files\nodejs;

01-03-2024T16:56:18 - [MESSAGE][INFO] - APPIUM_HOME: C:\Users\sushil.gaikwad\AppData\Roaming\npm\node_modules\appium\build\lib\main.js

01-03-2024T16:56:18 - [MESSAGE][INFO] - appium outlog: C:\Users\sushil.gaikwad\Downloads\tatamotarsdemo 1\tatamotarsdemo\Reports\20240301_165605\TataMotors\20240301_165605\appium.log

01-03-2024T16:56:18 - [MESSAGE][INFO] - appium errlog: C:\Users\sushil.gaikwad\Downloads\tatamotarsdemo 1\tatamotarsdemo\Reports\20240301_165605\TataMotors\20240301_165605\appium_error.log

01-03-2024T16:56:20 - [MESSAGE][INFO] - Appium server started on port 51,400

01-03-2024T16:56:46 - [MESSAGE][PASSED] - Started app at: 'C:\Users\sushil.gaikwad\Downloads\tatamotarsdemo 1\tatamotarsdemo\Application\app-release 2.apk'

01-03-2024T16:56:46 - [TEST_STEP][PASSED] - Bool_Username = waitForElementPresent(findTestObject("LockScreen/UsernaneText"), 30): Element 'Object Repository/LockScreen/UsernaneText' is present

01-03-2024T16:56:47 - [MESSAGE][PASSED] - Element 'Object Repository/LockScreen/UsernaneText' is present

01-03-2024T16:56:47 - [TEST_STEP][PASSED] - if (Bool_Username == true): Tapped on element 'Object Repository/LockScreen/NewPin/OkButton'

01-03-2024T16:56:47 - [TEST_STEP][PASSED] - setText(findTestObject("LockScreen/Username"), Str_Username, 0): Text 'DUSER145' has been set to element 'Object Repository/LockScreen/Username'

01-03-2024T16:56:47 - [MESSAGE][WARNING] - Timeout '0' is invalid. Using default page load timeout: '30'

01-03-2024T16:56:52 - [MESSAGE][PASSED] - Text 'DUSER145' has been set to element 'Object Repository/LockScreen/Username'

01-03-2024T16:56:52 - [TEST_STEP][PASSED] - hideKeyboard(): Keyboard is hidden

01-03-2024T16:56:54 - [MESSAGE][PASSED] - Keyboard is hidden

01-03-2024T16:56:54 - [TEST_STEP][PASSED] - setText(findTestObject("LockScreen/Password"), Str_Password, 0): Text 'Soct#2023' has been set to element 'Object Repository/LockScreen/Password'

01-03-2024T16:56:54 - [MESSAGE][WARNING] - Timeout '0' is invalid. Using default page load timeout: '30'

01-03-2024T16:56:56 - [MESSAGE][PASSED] - Text 'Soct#2023' has been set to element 'Object Repository/LockScreen/Password'

01-03-2024T16:56:56 - [TEST_STEP][PASSED] - hideKeyboard(): Keyboard is hidden

01-03-2024T16:56:59 - [MESSAGE][PASSED] - Keyboard is hidden

01-03-2024T16:56:59 - [TEST_STEP][PASSED] - tap(findTestObject("LockScreen/LoginButton"), 0): Tapped on element 'Object Repository/LockScreen/LoginButton'

01-03-2024T16:56:59 - [MESSAGE][WARNING] - Timeout '0' is invalid. Using default page load timeout: '30'

01-03-2024T16:57:01 - [MESSAGE][PASSED] - Tapped on element 'Object Repository/LockScreen/LoginButton'

01-03-2024T16:57:01 - [TEST_STEP][PASSED] - setText(findTestObject("LockScreen/NewPin/NewPin1"), "1", 0): Text '1' has been set to element 'Object Repository/LockScreen/NewPin/NewPin1'

01-03-2024T16:57:01 - [MESSAGE][WARNING] - Timeout '0' is invalid. Using default page load timeout: '30'

01-03-2024T16:57:03 - [MESSAGE][PASSED] - Text '1' has been set to element 'Object Repository/LockScreen/NewPin/NewPin1'

01-03-2024T16:57:03 - [TEST_STEP][PASSED] - setText(findTestObject("LockScreen/NewPin/NewPin2"), "2", 0): Text '2' has been set to element 'Object Repository/LockScreen/NewPin/NewPin2'

01-03-2024T16:57:03 - [MESSAGE][WARNING] - Timeout '0' is invalid. Using default page load timeout: '30'

01-03-2024T16:57:05 - [MESSAGE][PASSED] - Text '2' has been set to element 'Object Repository/LockScreen/NewPin/NewPin2'

01-03-2024T16:57:05 - [TEST_STEP][PASSED] - setText(findTestObject("LockScreen/NewPin/NewPin3"), "3", 0): Text '3' has been set to element 'Object Repository/LockScreen/NewPin/NewPin3'

01-03-2024T16:57:05 - [MESSAGE][WARNING] - Timeout '0' is invalid. Using default page load timeout: '30'

01-03-2024T16:57:07 - [MESSAGE][PASSED] - Text '3' has been set to element 'Object Repository/LockScreen/NewPin/NewPin3'

01-03-2024T16:57:07 - [TEST_STEP][PASSED] - setText(findTestObject("LockScreen/NewPin/NewPin4"), "4", 0): Text '4' has been set to element 'Object Repository/LockScreen/NewPin/NewPin4'

01-03-2024T16:57:07 - [MESSAGE][WARNING] - Timeout '0' is invalid. Using default page load timeout: '30'

01-03-2024T16:57:08 - [MESSAGE][PASSED] - Text '4' has been set to element 'Object Repository/LockScreen/NewPin/NewPin4'

01-03-2024T16:57:08 - [TEST_STEP][PASSED] - setText(findTestObject("LockScreen/NewPin/ConfirmPin1"), "1", 0): Text '1' has been set to element 'Object Repository/LockScreen/NewPin/ConfirmPin1'

01-03-2024T16:57:08 - [MESSAGE][WARNING] - Timeout '0' is invalid. Using default page load timeout: '30'

01-03-2024T16:57:10 - [MESSAGE][PASSED] - Text '1' has been set to element 'Object Repository/LockScreen/NewPin/ConfirmPin1'

01-03-2024T16:57:10 - [TEST_STEP][PASSED] - setText(findTestObject("LockScreen/NewPin/ConfirmPin2"), "2", 0): Text '2' has been set to element 'Object Repository/LockScreen/NewPin/ConfirmPin2'

01-03-2024T16:57:10 - [MESSAGE][WARNING] - Timeout '0' is invalid. Using default page load timeout: '30'

01-03-2024T16:57:12 - [MESSAGE][PASSED] - Text '2' has been set to element 'Object Repository/LockScreen/NewPin/ConfirmPin2'

01-03-2024T16:57:12 - [TEST_STEP][PASSED] - setText(findTestObject("LockScreen/NewPin/ConfirmPin3"), "3", 0): Text '3' has been set to element 'Object Repository/LockScreen/NewPin/ConfirmPin3'

01-03-2024T16:57:12 - [MESSAGE][WARNING] - Timeout '0' is invalid. Using default page load timeout: '30'

01-03-2024T16:57:13 - [MESSAGE][PASSED] - Text '3' has been set to element 'Object Repository/LockScreen/NewPin/ConfirmPin3'

01-03-2024T16:57:13 - [TEST_STEP][PASSED] - setText(findTestObject("LockScreen/NewPin/ConfirmPin4"), "4", 0): Text '4' has been set to element 'Object Repository/LockScreen/NewPin/ConfirmPin4'

01-03-2024T16:57:13 - [MESSAGE][WARNING] - Timeout '0' is invalid. Using default page load timeout: '30'

01-03-2024T16:57:14 - [MESSAGE][PASSED] - Text '4' has been set to element 'Object Repository/LockScreen/NewPin/ConfirmPin4'

01-03-2024T16:57:14 - [TEST_STEP][PASSED] - Bool_Offline = waitForElementPresent(findTestObject("LockScreen/NewPin/Offline Master Sync"), 30): Element 'Object Repository/LockScreen/NewPin/Offline Master Sync' is present

01-03-2024T16:57:16 - [MESSAGE][PASSED] - Element 'Object Repository/LockScreen/NewPin/Offline Master Sync' is present

01-03-2024T16:57:16 - [TEST_STEP][PASSED] - if (Bool_Offline == true): Tapped on element 'Object Repository/LockScreen/NewPin/OkButton'

01-03-2024T16:57:16 - [TEST_STEP][PASSED] - tap(findTestObject("LockScreen/NewPin/OkButton"), 0): Tapped on element 'Object Repository/LockScreen/NewPin/OkButton'

01-03-2024T16:57:16 - [MESSAGE][WARNING] - Timeout '0' is invalid. Using default page load timeout: '30'

01-03-2024T16:57:17 - [MESSAGE][PASSED] - Tapped on element 'Object Repository/LockScreen/NewPin/OkButton'

01-03-2024T16:57:17 - [MESSAGE][PASSED] - Call Test Case 'Test Cases/CommenWorkflows/Login' successfully

01-03-2024T16:57:17 - [TEST_STEP][PASSED] - verifyElementExist(findTestObject("TataMotars/HomeButton"), 10): Element 'Object Repository/TataMotars/HomeButton' is exist

01-03-2024T16:57:18 - [MESSAGE][PASSED] - Element 'Object Repository/TataMotars/HomeButton' is exist

01-03-2024T16:57:18 - [TEST_STEP][PASSED] - tap(findTestObject("Lost and Non Lost Functionality/C0"), 0): Tapped on element 'Object Repository/Lost and Non Lost Functionality/C0'

01-03-2024T16:57:18 - [MESSAGE][WARNING] - Timeout '0' is invalid. Using default page load timeout: '30'

01-03-2024T16:57:20 - [MESSAGE][PASSED] - Tapped on element 'Object Repository/Lost and Non Lost Functionality/C0'

01-03-2024T16:57:20 - [TEST_STEP][PASSED] - bool_Summary = verifyElementExist(findTestObject("Lost and Non Lost Functionality/C0 Summary Text"), 30): Element 'Object Repository/Lost and Non Lost Functionality/C0 Summary Text' is exist

01-03-2024T16:57:25 - [MESSAGE][PASSED] - Element 'Object Repository/Lost and Non Lost Functionality/C0 Summary Text' is exist

01-03-2024T16:57:25 - [TEST_STEP][PASSED] - bool_Target = verifyElementExist(findTestObject("Lost and Non Lost Functionality/Target text"), 30): Element 'Object Repository/Lost and Non Lost Functionality/Target text' is exist

01-03-2024T16:57:25 - [MESSAGE][PASSED] - Element 'Object Repository/Lost and Non Lost Functionality/Target text' is exist

01-03-2024T16:57:25 - [TEST_STEP][PASSED] - bool_MTD = verifyElementExist(findTestObject("Lost and Non Lost Functionality/MTD text"), 0): Element 'Object Repository/Lost and Non Lost Functionality/MTD text' is exist

01-03-2024T16:57:25 - [MESSAGE][WARNING] - Timeout '0' is invalid. Using default page load timeout: '30'

01-03-2024T16:57:25 - [MESSAGE][PASSED] - Element 'Object Repository/Lost and Non Lost Functionality/MTD text' is exist

01-03-2024T16:57:25 - [TEST_STEP][PASSED] - bool_ThisWeek = verifyElementExist(findTestObject("Lost and Non Lost Functionality/This Week text"), 0): Element 'Object Repository/Lost and Non Lost Functionality/This Week text' is exist

01-03-2024T16:57:25 - [MESSAGE][WARNING] - Timeout '0' is invalid. Using default page load timeout: '30'

01-03-2024T16:57:26 - [MESSAGE][PASSED] - Element 'Object Repository/Lost and Non Lost Functionality/This Week text' is exist

01-03-2024T16:57:26 - [TEST_STEP][PASSED] - bool_Yesterday = verifyElementExist(findTestObject("Lost and Non Lost Functionality/Yesterday text"), 0): Element 'Object Repository/Lost and Non Lost Functionality/Yesterday text' is exist

01-03-2024T16:57:26 - [MESSAGE][WARNING] - Timeout '0' is invalid. Using default page load timeout: '30'

01-03-2024T16:57:30 - [MESSAGE][PASSED] - Element 'Object Repository/Lost and Non Lost Functionality/Yesterday text' is exist

01-03-2024T16:57:30 - [TEST_STEP][PASSED] - bool_Yesterday && bool_ThisWeek && bool_MTD && bool_Target && bool_Summary == true: null

01-03-2024T16:57:30 - [TEST_STEP][PASSED] - takeScreenshot(): Screenshot is taken

01-03-2024T16:57:32 - [MESSAGE][PASSED] - Screenshot is taken
[[ATTACHMENT|C:\\Users\\sushil.gaikwad\\Downloads\\tatamotarsdemo 1\\tatamotarsdemo\\Reports\\20240301_165605\\TataMotors\\20240301_165605\\1709292450969.png]]

01-03-2024T16:57:32 - [TEST_STEP][PASSED] - Bool_Offline = waitForElementPresent(findTestObject("LockScreen/NewPin/Offline Master Sync"), 5): Object Object Repository/LockScreen/NewPin/Offline Master Sync not found

01-03-2024T16:57:37 - [MESSAGE][WARNING] - Object Object Repository/LockScreen/NewPin/Offline Master Sync not found

01-03-2024T16:57:37 - [TEST_STEP][PASSED] - if (Bool_Offline == true): null

01-03-2024T16:57:37 - [TEST_STEP][PASSED] - tap(findTestObject("Lost and Non Lost Functionality/C0 Three Dots"), 0): Tapped on element 'Object Repository/Lost and Non Lost Functionality/C0 Three Dots'

01-03-2024T16:57:37 - [MESSAGE][WARNING] - Timeout '0' is invalid. Using default page load timeout: '30'

01-03-2024T16:57:38 - [MESSAGE][PASSED] - Tapped on element 'Object Repository/Lost and Non Lost Functionality/C0 Three Dots'

01-03-2024T16:57:38 - [TEST_STEP][PASSED] - Bool_Offline = waitForElementPresent(findTestObject("Lost and Non Lost Functionality/Opportunity Details"), 10): Element 'Object Repository/Lost and Non Lost Functionality/Opportunity Details' is present

01-03-2024T16:57:39 - [MESSAGE][PASSED] - Element 'Object Repository/Lost and Non Lost Functionality/Opportunity Details' is present

01-03-2024T16:57:39 - [TEST_STEP][PASSED] - tap(findTestObject("Lost and Non Lost Functionality/Opportunity Details"), 0): Tapped on element 'Object Repository/Lost and Non Lost Functionality/Opportunity Details'

01-03-2024T16:57:39 - [MESSAGE][WARNING] - Timeout '0' is invalid. Using default page load timeout: '30'

01-03-2024T16:57:40 - [MESSAGE][PASSED] - Tapped on element 'Object Repository/Lost and Non Lost Functionality/Opportunity Details'

01-03-2024T16:57:40 - [TEST_STEP][PASSED] - waitForElementPresent(findTestObject("Lost and Non Lost Functionality/Schedule a follow up"), 5): Element 'Object Repository/Lost and Non Lost Functionality/Schedule a follow up' is present

01-03-2024T16:57:42 - [MESSAGE][PASSED] - Element 'Object Repository/Lost and Non Lost Functionality/Schedule a follow up' is present

01-03-2024T16:57:42 - [TEST_STEP][PASSED] - bool_CreateC1 = verifyElementExist(findTestObject("Lost and Non Lost Functionality/CREATE C1"), 0): Element 'Object Repository/Lost and Non Lost Functionality/CREATE C1' is exist

01-03-2024T16:57:42 - [MESSAGE][WARNING] - Timeout '0' is invalid. Using default page load timeout: '30'

01-03-2024T16:57:42 - [MESSAGE][PASSED] - Element 'Object Repository/Lost and Non Lost Functionality/CREATE C1' is exist

01-03-2024T16:57:42 - [TEST_STEP][PASSED] - bool_Details = verifyElementExist(findTestObject("Lost and Non Lost Functionality/DETAILS"), 0): Element 'Object Repository/Lost and Non Lost Functionality/DETAILS' is exist

01-03-2024T16:57:43 - [MESSAGE][WARNING] - Timeout '0' is invalid. Using default page load timeout: '30'

01-03-2024T16:57:43 - [MESSAGE][PASSED] - Element 'Object Repository/Lost and Non Lost Functionality/DETAILS' is exist

01-03-2024T16:57:43 - [TEST_STEP][PASSED] - bool_ScheduleAFollowUp = verifyElementExist(findTestObject("Lost and Non Lost Functionality/Schedule a follow up"), 0): Element 'Object Repository/Lost and Non Lost Functionality/Schedule a follow up' is exist

01-03-2024T16:57:43 - [MESSAGE][WARNING] - Timeout '0' is invalid. Using default page load timeout: '30'

01-03-2024T16:57:43 - [MESSAGE][PASSED] - Element 'Object Repository/Lost and Non Lost Functionality/Schedule a follow up' is exist

01-03-2024T16:57:43 - [TEST_STEP][PASSED] - bool_ScheduleAFollowUp && bool_Details && bool_CreateC1 == true: null

01-03-2024T16:57:43 - [TEST_STEP][PASSED] - takeScreenshot(): Screenshot is taken

01-03-2024T16:57:44 - [MESSAGE][PASSED] - Screenshot is taken
[[ATTACHMENT|C:\\Users\\sushil.gaikwad\\Downloads\\tatamotarsdemo 1\\tatamotarsdemo\\Reports\\20240301_165605\\TataMotors\\20240301_165605\\1709292463576.png]]

01-03-2024T16:57:44 - [TEST_STEP][PASSED] - delay(5, STOP_ON_FAILURE): Delayed 5 second(s)

01-03-2024T16:57:49 - [MESSAGE][PASSED] - Delayed 5 second(s)

01-03-2024T16:57:49 - [TEST_STEP][PASSED] - tap(findTestObject("Lost and Non Lost Functionality/Mark as Lost"), 0): Tapped on element 'Object Repository/Lost and Non Lost Functionality/Mark as Lost'

01-03-2024T16:57:50 - [MESSAGE][WARNING] - Timeout '0' is invalid. Using default page load timeout: '30'

01-03-2024T16:57:51 - [MESSAGE][PASSED] - Tapped on element 'Object Repository/Lost and Non Lost Functionality/Mark as Lost'

01-03-2024T16:57:51 - [TEST_STEP][PASSED] - bool_LTC = verifyElementExist(findTestObject("Lost and Non Lost Functionality/LTC RadioButton"), 0): Element 'Object Repository/Lost and Non Lost Functionality/LTC RadioButton' is exist

01-03-2024T16:57:51 - [MESSAGE][WARNING] - Timeout '0' is invalid. Using default page load timeout: '30'

01-03-2024T16:57:51 - [MESSAGE][PASSED] - Element 'Object Repository/Lost and Non Lost Functionality/LTC RadioButton' is exist

01-03-2024T16:57:51 - [TEST_STEP][PASSED] - bool_NotLTC = verifyElementExist(findTestObject("Lost and Non Lost Functionality/Non LTC RadioButton"), 0): Element 'Object Repository/Lost and Non Lost Functionality/Non LTC RadioButton' is exist

01-03-2024T16:57:51 - [MESSAGE][WARNING] - Timeout '0' is invalid. Using default page load timeout: '30'

01-03-2024T16:57:51 - [MESSAGE][PASSED] - Element 'Object Repository/Lost and Non Lost Functionality/Non LTC RadioButton' is exist

01-03-2024T16:57:51 - [TEST_STEP][PASSED] - bool_ReasonForLoss = verifyElementExist(findTestObject("Lost and Non Lost Functionality/Reason for loss Field"), 0): Element 'Object Repository/Lost and Non Lost Functionality/Reason for loss Field' is exist

01-03-2024T16:57:51 - [MESSAGE][WARNING] - Timeout '0' is invalid. Using default page load timeout: '30'

01-03-2024T16:57:52 - [MESSAGE][PASSED] - Element 'Object Repository/Lost and Non Lost Functionality/Reason for loss Field' is exist

01-03-2024T16:57:52 - [TEST_STEP][PASSED] - bool_MakeLostTo = verifyElementExist(findTestObject("Lost and Non Lost Functionality/Make lost to field"), 0): Element 'Object Repository/Lost and Non Lost Functionality/Make lost to field' is exist

01-03-2024T16:57:52 - [MESSAGE][WARNING] - Timeout '0' is invalid. Using default page load timeout: '30'

01-03-2024T16:57:53 - [MESSAGE][PASSED] - Element 'Object Repository/Lost and Non Lost Functionality/Make lost to field' is exist

01-03-2024T16:57:53 - [TEST_STEP][PASSED] - bool_ModelToLostTo = verifyElementExist(findTestObject("Lost and Non Lost Functionality/ModelLostTo"), 0): Element 'Object Repository/Lost and Non Lost Functionality/ModelLostTo' is exist

01-03-2024T16:57:53 - [MESSAGE][WARNING] - Timeout '0' is invalid. Using default page load timeout: '30'

01-03-2024T16:57:54 - [MESSAGE][PASSED] - Element 'Object Repository/Lost and Non Lost Functionality/ModelLostTo' is exist

01-03-2024T16:57:54 - [TEST_STEP][PASSED] - bool_Comment = verifyElementExist(findTestObject("Lost and Non Lost Functionality/Comment"), 0): Element 'Object Repository/Lost and Non Lost Functionality/Comment' is exist

01-03-2024T16:57:54 - [MESSAGE][WARNING] - Timeout '0' is invalid. Using default page load timeout: '30'

01-03-2024T16:57:55 - [MESSAGE][PASSED] - Element 'Object Repository/Lost and Non Lost Functionality/Comment' is exist

01-03-2024T16:57:55 - [TEST_STEP][PASSED] - bool_LTC && bool_NotLTC && bool_ReasonForLoss && bool_MakeLostTo && bool_ModelToLostTo && bool_Comment == true: null

01-03-2024T16:57:55 - [TEST_STEP][PASSED] - takeScreenshot(): Screenshot is taken

01-03-2024T16:57:56 - [MESSAGE][PASSED] - Screenshot is taken
[[ATTACHMENT|C:\\Users\\sushil.gaikwad\\Downloads\\tatamotarsdemo 1\\tatamotarsdemo\\Reports\\20240301_165605\\TataMotors\\20240301_165605\\1709292475450.png]]

01-03-2024T16:57:56 - [TEST_STEP][PASSED] - tap(findTestObject("Lost and Non Lost Functionality/LTC RadioButton"), 0): Tapped on element 'Object Repository/Lost and Non Lost Functionality/LTC RadioButton'

01-03-2024T16:57:56 - [MESSAGE][WARNING] - Timeout '0' is invalid. Using default page load timeout: '30'

01-03-2024T16:57:57 - [MESSAGE][PASSED] - Tapped on element 'Object Repository/Lost and Non Lost Functionality/LTC RadioButton'

01-03-2024T16:57:57 - [TEST_STEP][PASSED] - setText(findTestObject("Lost and Non Lost Functionality/Reason for loss Field"), str_ReasonForLoss, 0): Text 'LTC-Exchange' has been set to element 'Object Repository/Lost and Non Lost Functionality/Reason for loss Field'

01-03-2024T16:57:57 - [MESSAGE][WARNING] - Timeout '0' is invalid. Using default page load timeout: '30'

01-03-2024T16:57:59 - [MESSAGE][PASSED] - Text 'LTC-Exchange' has been set to element 'Object Repository/Lost and Non Lost Functionality/Reason for loss Field'

01-03-2024T16:57:59 - [TEST_STEP][PASSED] - tap(findTestObject("MarkAsLost/ResonForLossTextNew"), 0): Tapped on element 'Object Repository/MarkAsLost/ResonForLossTextNew'

01-03-2024T16:57:59 - [MESSAGE][WARNING] - Timeout '0' is invalid. Using default page load timeout: '30'

01-03-2024T16:58:00 - [MESSAGE][PASSED] - Tapped on element 'Object Repository/MarkAsLost/ResonForLossTextNew'

01-03-2024T16:58:00 - [TEST_STEP][PASSED] - setText(findTestObject("Lost and Non Lost Functionality/Make lost to field"), str_MakeLossTo, 0): Text 'AMW' has been set to element 'Object Repository/Lost and Non Lost Functionality/Make lost to field'

01-03-2024T16:58:00 - [MESSAGE][WARNING] - Timeout '0' is invalid. Using default page load timeout: '30'

01-03-2024T16:58:02 - [MESSAGE][PASSED] - Text 'AMW' has been set to element 'Object Repository/Lost and Non Lost Functionality/Make lost to field'

01-03-2024T16:58:02 - [TEST_STEP][PASSED] - tap(findTestObject("MarkAsLost/MakeLostToTextNew"), 0): Tapped on element 'Object Repository/MarkAsLost/MakeLostToTextNew'

01-03-2024T16:58:02 - [MESSAGE][WARNING] - Timeout '0' is invalid. Using default page load timeout: '30'

01-03-2024T16:58:05 - [MESSAGE][PASSED] - Tapped on element 'Object Repository/MarkAsLost/MakeLostToTextNew'

01-03-2024T16:58:05 - [TEST_STEP][PASSED] - hideKeyboard(): Keyboard is hidden

01-03-2024T16:58:07 - [MESSAGE][PASSED] - Keyboard is hidden

01-03-2024T16:58:07 - [TEST_STEP][PASSED] - setText(findTestObject("MarkAsLost/ModelLostToNew"), str_ModelLostTo, 0): Text 'I' has been set to element 'Object Repository/MarkAsLost/ModelLostToNew'

01-03-2024T16:58:07 - [MESSAGE][WARNING] - Timeout '0' is invalid. Using default page load timeout: '30'

01-03-2024T16:58:09 - [MESSAGE][PASSED] - Text 'I' has been set to element 'Object Repository/MarkAsLost/ModelLostToNew'

01-03-2024T16:58:09 - [TEST_STEP][PASSED] - hideKeyboard(): Keyboard is hidden

01-03-2024T16:58:11 - [MESSAGE][PASSED] - Keyboard is hidden

01-03-2024T16:58:11 - [TEST_STEP][PASSED] - tap(findTestObject("MarkAsLost/NewModelLostDropdown"), 0): Tapped on element 'Object Repository/MarkAsLost/NewModelLostDropdown'

01-03-2024T16:58:11 - [MESSAGE][WARNING] - Timeout '0' is invalid. Using default page load timeout: '30'

01-03-2024T16:58:11 - [MESSAGE][PASSED] - Tapped on element 'Object Repository/MarkAsLost/NewModelLostDropdown'

01-03-2024T16:58:11 - [TEST_STEP][PASSED] - setText(findTestObject("Lost and Non Lost Functionality/Comment"), str_Comment, 0): Text 'Comment' has been set to element 'Object Repository/Lost and Non Lost Functionality/Comment'

01-03-2024T16:58:12 - [MESSAGE][WARNING] - Timeout '0' is invalid. Using default page load timeout: '30'

01-03-2024T16:58:13 - [MESSAGE][PASSED] - Text 'Comment' has been set to element 'Object Repository/Lost and Non Lost Functionality/Comment'

01-03-2024T16:58:13 - [TEST_STEP][PASSED] - hideKeyboard(): Keyboard is hidden

01-03-2024T16:58:16 - [MESSAGE][PASSED] - Keyboard is hidden

01-03-2024T16:58:16 - [TEST_STEP][PASSED] - tap(findTestObject("Lost and Non Lost Functionality/Mark as lost (1)"), 0): Tapped on element 'Object Repository/Lost and Non Lost Functionality/Mark as lost (1)'

01-03-2024T16:58:16 - [MESSAGE][WARNING] - Timeout '0' is invalid. Using default page load timeout: '30'

01-03-2024T16:58:19 - [MESSAGE][PASSED] - Tapped on element 'Object Repository/Lost and Non Lost Functionality/Mark as lost (1)'

01-03-2024T16:58:19 - [TEST_STEP][PASSED] - verifyElementExist(findTestObject("Lost and Non Lost Functionality/LostCasesText"), 0): Element 'Object Repository/Lost and Non Lost Functionality/LostCasesText' is exist

01-03-2024T16:58:19 - [MESSAGE][WARNING] - Timeout '0' is invalid. Using default page load timeout: '30'

01-03-2024T16:58:30 - [MESSAGE][PASSED] - Element 'Object Repository/Lost and Non Lost Functionality/LostCasesText' is exist

01-03-2024T16:58:30 - [TEST_STEP][PASSED] - takeScreenshot(): Screenshot is taken

01-03-2024T16:58:31 - [MESSAGE][PASSED] - Screenshot is taken
[[ATTACHMENT|C:\\Users\\sushil.gaikwad\\Downloads\\tatamotarsdemo 1\\tatamotarsdemo\\Reports\\20240301_165605\\TataMotors\\20240301_165605\\1709292510242.png]]]]></system-out>
         <system-err><![CDATA[]]></system-err>
      </testcase>
      <system-out><![CDATA[01-03-2024T16:56:10 - [TEST_SUITE][PASSED] - TataMotors: Test Cases/TC/TC_08 - Lost Functionality]]></system-out>
      <system-err><![CDATA[]]></system-err>
   </testsuite>
</testsuites>
