<?xml version="1.0" encoding="UTF-8"?>
<testsuites name="TataMotors" time="1099.941" tests="10" failures="6" errors="0">
   <testsuite name="TataMotors" tests="10" failures="6" errors="0" time="1099.941" skipped="0" timestamp="04-04-2024T17:39:30" hostname="Sushil.Gaikwad - DS025.step.com" id="Test Suites/TataMotors">
      <properties>
[...]
</properties>
      <testcase name="Test Cases/TC/TC_01 - To verify that opty creation for the new customer" time="148.776" classname="Test Cases/TC/TC_01 - To verify that opty creation for the new customer" status="FAILED">
         <failure type="FAILED" message="Test Cases/TC/TC_01 - To verify that opty creation for the new customer FAILED.&#xa;Reason:&#xa;com.kms.katalon.core.exception.StepFailedException: Failed to tap on element 'Object Repository/NewObject/DropDownSearchedDistrict'&#xa;	at com.kms.katalon.core.mobile.keyword.internal.MobileKeywordMain.stepFailed(MobileKeywordMain.groovy:38)&#xa;	at com.kms.katalon.core.mobile.keyword.internal.MobileKeywordMain.runKeyword(MobileKeywordMain.groovy:21)&#xa;	at com.kms.katalon.core.mobile.keyword.builtin.TapKeyword.tap(TapKeyword.groovy:51)&#xa;	at com.kms.katalon.core.mobile.keyword.builtin.TapKeyword.execute(TapKeyword.groovy:35)&#xa;	at com.kms.katalon.core.keyword.internal.KeywordExecutor.executeKeywordForPlatform(KeywordExecutor.groovy:74)&#xa;	at com.kms.katalon.core.mobile.keyword.MobileBuiltInKeywords.tap(MobileBuiltInKeywords.groovy:1476)&#xa;	at TC_01 - To verify that opty creation for the new customer.run(TC_01 - To verify that opty creation for the new customer:174)&#xa;	at com.kms.katalon.core.main.ScriptEngine.run(ScriptEngine.java:194)&#xa;	at com.kms.katalon.core.main.ScriptEngine.runScriptAsRawText(ScriptEngine.java:119)&#xa;	at com.kms.katalon.core.main.TestCaseExecutor.runScript(TestCaseExecutor.java:448)&#xa;	at com.kms.katalon.core.main.TestCaseExecutor.doExecute(TestCaseExecutor.java:439)&#xa;	at com.kms.katalon.core.main.TestCaseExecutor.processExecutionPhase(TestCaseExecutor.java:418)&#xa;	at com.kms.katalon.core.main.TestCaseExecutor.accessMainPhase(TestCaseExecutor.java:410)&#xa;	at com.kms.katalon.core.main.TestCaseExecutor.execute(TestCaseExecutor.java:285)&#xa;	at com.kms.katalon.core.common.CommonExecutor.accessTestCaseMainPhase(CommonExecutor.java:65)&#xa;	at com.kms.katalon.core.main.TestSuiteExecutor.accessTestSuiteMainPhase(TestSuiteExecutor.java:148)&#xa;	at com.kms.katalon.core.main.TestSuiteExecutor.execute(TestSuiteExecutor.java:106)&#xa;	at com.kms.katalon.core.main.TestCaseMain.startTestSuite(TestCaseMain.java:180)&#xa;	at TempTestSuite1712232560197.run(TempTestSuite1712232560197.groovy:35)&#xa;	at java.base/jdk.internal.reflect.NativeMethodAccessorImpl.invoke0(Native Method)&#xa;	at java.base/jdk.internal.reflect.NativeMethodAccessorImpl.invoke(NativeMethodAccessorImpl.java:77)&#xa;	at java.base/jdk.internal.reflect.DelegatingMethodAccessorImpl.invoke(DelegatingMethodAccessorImpl.java:43)&#xa;Caused by: com.kms.katalon.core.exception.StepFailedException: Object Object Repository/NewObject/DropDownSearchedDistrict not found&#xa;	at com.kms.katalon.core.mobile.keyword.internal.MobileKeywordMain.stepFailed(MobileKeywordMain.groovy:38)&#xa;	at com.kms.katalon.core.mobile.keyword.builtin.TapKeyword$_tap_closure1.doCall(TapKeyword.groovy:46)&#xa;	at com.kms.katalon.core.mobile.keyword.builtin.TapKeyword$_tap_closure1.call(TapKeyword.groovy)&#xa;	at com.kms.katalon.core.mobile.keyword.internal.MobileKeywordMain.runKeyword(MobileKeywordMain.groovy:19)&#xa;	... 20 more&#xa;"/>
         <system-out><![CDATA[04-04-2024T17:39:30 - [TEST_CASE][FAILED] - Test Cases/TC/TC_01 - To verify that opty creation for the new customer: Test Cases/TC/TC_01 - To verify that opty creation for the new customer FAILED.
Reason:
com.kms.katalon.core.exception.StepFailedException: Failed to tap on element 'Object Repository/NewObject/DropDownSearchedDistrict'
	at com.kms.katalon.core.mobile.keyword.internal.MobileKeywordMain.stepFailed(MobileKeywordMain.groovy:38)
	at com.kms.katalon.core.mobile.keyword.internal.MobileKeywordMain.runKeyword(MobileKeywordMain.groovy:21)
	at com.kms.katalon.core.mobile.keyword.builtin.TapKeyword.tap(TapKeyword.groovy:51)
	at com.kms.katalon.core.mobile.keyword.builtin.TapKeyword.execute(TapKeyword.groovy:35)
	at com.kms.katalon.core.keyword.internal.KeywordExecutor.executeKeywordForPlatform(KeywordExecutor.groovy:74)
	at com.kms.katalon.core.mobile.keyword.MobileBuiltInKeywords.tap(MobileBuiltInKeywords.groovy:1476)
	at TC_01 - To verify that opty creation for the new customer.run(TC_01 - To verify that opty creation for the new customer:174)
	at com.kms.katalon.core.main.ScriptEngine.run(ScriptEngine.java:194)
	at com.kms.katalon.core.main.ScriptEngine.runScriptAsRawText(ScriptEngine.java:119)
	at com.kms.katalon.core.main.TestCaseExecutor.runScript(TestCaseExecutor.java:448)
	at com.kms.katalon.core.main.TestCaseExecutor.doExecute(TestCaseExecutor.java:439)
	at com.kms.katalon.core.main.TestCaseExecutor.processExecutionPhase(TestCaseExecutor.java:418)
	at com.kms.katalon.core.main.TestCaseExecutor.accessMainPhase(TestCaseExecutor.java:410)
	at com.kms.katalon.core.main.TestCaseExecutor.execute(TestCaseExecutor.java:285)
	at com.kms.katalon.core.common.CommonExecutor.accessTestCaseMainPhase(CommonExecutor.java:65)
	at com.kms.katalon.core.main.TestSuiteExecutor.accessTestSuiteMainPhase(TestSuiteExecutor.java:148)
	at com.kms.katalon.core.main.TestSuiteExecutor.execute(TestSuiteExecutor.java:106)
	at com.kms.katalon.core.main.TestCaseMain.startTestSuite(TestCaseMain.java:180)
	at TempTestSuite1712232560197.run(TempTestSuite1712232560197.groovy:35)
	at java.base/jdk.internal.reflect.NativeMethodAccessorImpl.invoke0(Native Method)
	at java.base/jdk.internal.reflect.NativeMethodAccessorImpl.invoke(NativeMethodAccessorImpl.java:77)
	at java.base/jdk.internal.reflect.DelegatingMethodAccessorImpl.invoke(DelegatingMethodAccessorImpl.java:43)
Caused by: com.kms.katalon.core.exception.StepFailedException: Object Object Repository/NewObject/DropDownSearchedDistrict not found
	at com.kms.katalon.core.mobile.keyword.internal.MobileKeywordMain.stepFailed(MobileKeywordMain.groovy:38)
	at com.kms.katalon.core.mobile.keyword.builtin.TapKeyword$_tap_closure1.doCall(TapKeyword.groovy:46)
	at com.kms.katalon.core.mobile.keyword.builtin.TapKeyword$_tap_closure1.call(TapKeyword.groovy)
	at com.kms.katalon.core.mobile.keyword.internal.MobileKeywordMain.runKeyword(MobileKeywordMain.groovy:19)
	... 20 more


04-04-2024T17:39:33 - [TEST_STEP][PASSED] - callTestCase(findTestCase("CommenWorkflows/Login"), ["Str_URL":"C:\Users\sushil.gaikwad\git\EguruSmart1\Application\app-release (4).apk", "Str_Username":"DUSER145", "Str_Password":"Soct#2023", ... ], STOP_ON_FAILURE): Call Test Case 'Test Cases/CommenWorkflows/Login' successfully

04-04-2024T17:39:33 - [TEST_CASE][PASSED] - Test Cases/CommenWorkflows/Login: Test Cases/CommenWorkflows/Login

04-04-2024T17:39:33 - [TEST_STEP][PASSED] - startApplication(Str_URL, false): Started app at: 'C:\Users\sushil.gaikwad\git\EguruSmart1\Application\app-release (4).apk'

04-04-2024T17:39:34 - [MESSAGE][INFO] - User set preference: ['deviceId', 'R9ZT10H9Y2L']

04-04-2024T17:39:34 - [MESSAGE][INFO] - Detected NodeJS location: "C:\Program Files\nodejs\node.exe"

04-04-2024T17:39:39 - [MESSAGE][INFO] - PATH: C:\Program Files\nodejs;

04-04-2024T17:39:39 - [MESSAGE][INFO] - APPIUM_HOME: C:\Users\sushil.gaikwad\AppData\Roaming\npm\node_modules\appium\build\lib\main.js

04-04-2024T17:39:39 - [MESSAGE][INFO] - appium outlog: C:\Users\sushil.gaikwad\git\EguruSmart1\Reports\20240404_173920\TataMotors\20240404_173920\appium.log

04-04-2024T17:39:39 - [MESSAGE][INFO] - appium errlog: C:\Users\sushil.gaikwad\git\EguruSmart1\Reports\20240404_173920\TataMotors\20240404_173920\appium_error.log

04-04-2024T17:39:41 - [MESSAGE][INFO] - Appium server started on port 62,696

04-04-2024T17:39:59 - [MESSAGE][PASSED] - Started app at: 'C:\Users\sushil.gaikwad\git\EguruSmart1\Application\app-release (4).apk'

04-04-2024T17:39:59 - [TEST_STEP][PASSED] - Bool_Username = waitForElementPresent(findTestObject("LockScreen/UsernaneText"), 10): Object Object Repository/LockScreen/UsernaneText not found

04-04-2024T17:40:09 - [MESSAGE][WARNING] - Object Object Repository/LockScreen/UsernaneText not found

04-04-2024T17:40:09 - [TEST_STEP][PASSED] - if (Bool_Username == true): null

04-04-2024T17:40:09 - [TEST_STEP][PASSED] - else: Tapped on element 'Object Repository/LockScreen/LoginButton'

04-04-2024T17:40:09 - [TEST_STEP][PASSED] - tap(findTestObject("LockScreen/Tap1"), 0): Tapped on element 'Object Repository/LockScreen/Tap1'

04-04-2024T17:40:09 - [MESSAGE][WARNING] - Timeout '0' is invalid. Using default page load timeout: '30'

04-04-2024T17:40:13 - [MESSAGE][PASSED] - Tapped on element 'Object Repository/LockScreen/Tap1'

04-04-2024T17:40:13 - [TEST_STEP][PASSED] - setText(findTestObject("LockScreen/Text1"), "1", 0): Text '1' has been set to element 'Object Repository/LockScreen/Text1'

04-04-2024T17:40:13 - [MESSAGE][WARNING] - Timeout '0' is invalid. Using default page load timeout: '30'

04-04-2024T17:40:15 - [MESSAGE][PASSED] - Text '1' has been set to element 'Object Repository/LockScreen/Text1'

04-04-2024T17:40:15 - [TEST_STEP][PASSED] - setText(findTestObject("LockScreen/Text2"), "2", 0): Text '2' has been set to element 'Object Repository/LockScreen/Text2'

04-04-2024T17:40:15 - [MESSAGE][WARNING] - Timeout '0' is invalid. Using default page load timeout: '30'

04-04-2024T17:40:16 - [MESSAGE][PASSED] - Text '2' has been set to element 'Object Repository/LockScreen/Text2'

04-04-2024T17:40:16 - [TEST_STEP][PASSED] - setText(findTestObject("LockScreen/Text3"), "3", 0): Text '3' has been set to element 'Object Repository/LockScreen/Text3'

04-04-2024T17:40:16 - [MESSAGE][WARNING] - Timeout '0' is invalid. Using default page load timeout: '30'

04-04-2024T17:40:17 - [MESSAGE][PASSED] - Text '3' has been set to element 'Object Repository/LockScreen/Text3'

04-04-2024T17:40:17 - [TEST_STEP][PASSED] - setText(findTestObject("LockScreen/Text4"), "4", 0): Text '4' has been set to element 'Object Repository/LockScreen/Text4'

04-04-2024T17:40:17 - [MESSAGE][WARNING] - Timeout '0' is invalid. Using default page load timeout: '30'

04-04-2024T17:40:19 - [MESSAGE][PASSED] - Text '4' has been set to element 'Object Repository/LockScreen/Text4'

04-04-2024T17:40:19 - [TEST_STEP][PASSED] - tap(findTestObject("LockScreen/LoginButton"), 0): Tapped on element 'Object Repository/LockScreen/LoginButton'

04-04-2024T17:40:19 - [MESSAGE][WARNING] - Timeout '0' is invalid. Using default page load timeout: '30'

04-04-2024T17:40:21 - [MESSAGE][PASSED] - Tapped on element 'Object Repository/LockScreen/LoginButton'

04-04-2024T17:40:22 - [MESSAGE][PASSED] - Call Test Case 'Test Cases/CommenWorkflows/Login' successfully

04-04-2024T17:40:22 - [TEST_STEP][PASSED] - Bool_Offline = waitForElementPresent(findTestObject("LockScreen/NewPin/Offline Master Sync"), 5): Object Object Repository/LockScreen/NewPin/Offline Master Sync not found

04-04-2024T17:40:27 - [MESSAGE][WARNING] - Object Object Repository/LockScreen/NewPin/Offline Master Sync not found

04-04-2024T17:40:27 - [TEST_STEP][PASSED] - if (Bool_Offline == true): null

04-04-2024T17:40:27 - [TEST_STEP][PASSED] - delay(2, STOP_ON_FAILURE): Delayed 2 second(s)

04-04-2024T17:40:29 - [MESSAGE][PASSED] - Delayed 2 second(s)

04-04-2024T17:40:29 - [TEST_STEP][PASSED] - verifyElementExist(findTestObject("TataMotars/HomeButton"), 10): Element 'Object Repository/TataMotars/HomeButton' is exist

04-04-2024T17:40:29 - [MESSAGE][PASSED] - Element 'Object Repository/TataMotars/HomeButton' is exist

04-04-2024T17:40:29 - [TEST_STEP][PASSED] - tap(findTestObject("TataMotars/PluseButton"), 0): Tapped on element 'Object Repository/TataMotars/PluseButton'

04-04-2024T17:40:29 - [MESSAGE][WARNING] - Timeout '0' is invalid. Using default page load timeout: '30'

04-04-2024T17:40:31 - [MESSAGE][PASSED] - Tapped on element 'Object Repository/TataMotars/PluseButton'

04-04-2024T17:40:31 - [TEST_STEP][PASSED] - bool_Opportunity = verifyElementExist(findTestObject("TataMotars/Pluse Button/OpportunityButton"), 0): Element 'Object Repository/TataMotars/Pluse Button/OpportunityButton' is exist

04-04-2024T17:40:31 - [MESSAGE][WARNING] - Timeout '0' is invalid. Using default page load timeout: '30'

04-04-2024T17:40:31 - [MESSAGE][PASSED] - Element 'Object Repository/TataMotars/Pluse Button/OpportunityButton' is exist

04-04-2024T17:40:31 - [TEST_STEP][PASSED] - bool_Account = verifyElementExist(findTestObject("TataMotars/Pluse Button/Account"), 0): Element 'Object Repository/TataMotars/Pluse Button/Account' is exist

04-04-2024T17:40:31 - [MESSAGE][WARNING] - Timeout '0' is invalid. Using default page load timeout: '30'

04-04-2024T17:40:31 - [MESSAGE][PASSED] - Element 'Object Repository/TataMotars/Pluse Button/Account' is exist

04-04-2024T17:40:31 - [TEST_STEP][PASSED] - bool_Customer = verifyElementExist(findTestObject("TataMotars/Pluse Button/Customer"), 0): Element 'Object Repository/TataMotars/Pluse Button/Customer' is exist

04-04-2024T17:40:31 - [MESSAGE][WARNING] - Timeout '0' is invalid. Using default page load timeout: '30'

04-04-2024T17:40:31 - [MESSAGE][PASSED] - Element 'Object Repository/TataMotars/Pluse Button/Customer' is exist

04-04-2024T17:40:31 - [TEST_STEP][PASSED] - bool_Influencer = verifyElementExist(findTestObject("TataMotars/Pluse Button/Influencer"), 0): Element 'Object Repository/TataMotars/Pluse Button/Influencer' is exist

04-04-2024T17:40:31 - [MESSAGE][WARNING] - Timeout '0' is invalid. Using default page load timeout: '30'

04-04-2024T17:40:32 - [MESSAGE][PASSED] - Element 'Object Repository/TataMotars/Pluse Button/Influencer' is exist

04-04-2024T17:40:32 - [TEST_STEP][PASSED] - bool_FollowUp = verifyElementExist(findTestObject("TataMotars/Pluse Button/Follow Up"), 0): Element 'Object Repository/TataMotars/Pluse Button/Follow Up' is exist

04-04-2024T17:40:32 - [MESSAGE][WARNING] - Timeout '0' is invalid. Using default page load timeout: '30'

04-04-2024T17:40:32 - [MESSAGE][PASSED] - Element 'Object Repository/TataMotars/Pluse Button/Follow Up' is exist

04-04-2024T17:40:32 - [TEST_STEP][PASSED] - bool_Opportunity && bool_Account && bool_Customer && bool_Influencer && bool_FollowUp == false: null

04-04-2024T17:40:32 - [TEST_STEP][PASSED] - takeScreenshot(): Screenshot is taken

04-04-2024T17:40:33 - [MESSAGE][PASSED] - Screenshot is taken
[[ATTACHMENT|C:\\Users\\sushil.gaikwad\\git\\EguruSmart1\\Reports\\20240404_173920\\TataMotors\\20240404_173920\\1712232632311.png]]

04-04-2024T17:40:33 - [TEST_STEP][PASSED] - tap(findTestObject("TataMotars/Pluse Button/OpportunityButton"), 3): Tapped on element 'Object Repository/TataMotars/Pluse Button/OpportunityButton'

04-04-2024T17:40:34 - [MESSAGE][PASSED] - Tapped on element 'Object Repository/TataMotars/Pluse Button/OpportunityButton'

04-04-2024T17:40:34 - [TEST_STEP][PASSED] - bool_AddContact = verifyElementExist(findTestObject("Add Contact/AddContact"), 30): Element 'Object Repository/Add Contact/AddContact' is exist

04-04-2024T17:40:34 - [MESSAGE][PASSED] - Element 'Object Repository/Add Contact/AddContact' is exist

04-04-2024T17:40:34 - [TEST_STEP][PASSED] - bool_SearchAddContact = verifyElementExist(findTestObject("Add Contact/Search - Add Contact"), 30): Element 'Object Repository/Add Contact/Search - Add Contact' is exist

04-04-2024T17:40:35 - [MESSAGE][PASSED] - Element 'Object Repository/Add Contact/Search - Add Contact' is exist

04-04-2024T17:40:35 - [TEST_STEP][PASSED] - bool_AddContact && bool_SearchAddContact == true: null

04-04-2024T17:40:35 - [TEST_STEP][PASSED] - takeScreenshot(): Screenshot is taken

04-04-2024T17:40:36 - [MESSAGE][PASSED] - Screenshot is taken
[[ATTACHMENT|C:\\Users\\sushil.gaikwad\\git\\EguruSmart1\\Reports\\20240404_173920\\TataMotors\\20240404_173920\\1712232635592.png]]

04-04-2024T17:40:36 - [TEST_STEP][PASSED] - randomName = generateRandomName(): null

04-04-2024T17:40:36 - [TEST_STEP][PASSED] - chars = (A..Z) + (a..z): null

04-04-2024T17:40:36 - [TEST_STEP][PASSED] - name =  }).join(): null

04-04-2024T17:40:37 - [TEST_STEP][PASSED] - return name: null

04-04-2024T17:40:37 - [TEST_STEP][PASSED] - println(Random 5-character name: $randomName): null

04-04-2024T17:40:37 - [TEST_STEP][PASSED] - minRange = 1: null

04-04-2024T17:40:37 - [TEST_STEP][PASSED] - maxRange = 1000: null

04-04-2024T17:40:37 - [TEST_STEP][PASSED] - randomInt = current().nextInt(minRange, maxRange + 1): null

04-04-2024T17:40:37 - [TEST_STEP][PASSED] - Result = $randomName $randomInt: null

04-04-2024T17:40:37 - [TEST_STEP][PASSED] - tap(findTestObject("Add Contact/Search - Add Contact"), 0, STOP_ON_FAILURE): Tapped on element 'Object Repository/Add Contact/Search - Add Contact'

04-04-2024T17:40:37 - [MESSAGE][WARNING] - Timeout '0' is invalid. Using default page load timeout: '30'

04-04-2024T17:40:37 - [MESSAGE][PASSED] - Tapped on element 'Object Repository/Add Contact/Search - Add Contact'

04-04-2024T17:40:37 - [TEST_STEP][PASSED] - setText(findTestObject("TataMotars/SearchBox"), Result, 0): Text 'znBdo 120' has been set to element 'Object Repository/TataMotars/SearchBox'

04-04-2024T17:40:38 - [MESSAGE][WARNING] - Timeout '0' is invalid. Using default page load timeout: '30'

04-04-2024T17:40:39 - [MESSAGE][PASSED] - Text 'znBdo 120' has been set to element 'Object Repository/TataMotars/SearchBox'

04-04-2024T17:40:39 - [TEST_STEP][PASSED] - hideKeyboard(): Keyboard is hidden

04-04-2024T17:40:41 - [MESSAGE][PASSED] - Keyboard is hidden

04-04-2024T17:40:41 - [TEST_STEP][PASSED] - str_getNewContact = getAttribute(findTestObject("TataMotars/SearchBox"), "name", 0): Element 'Object Repository/TataMotars/SearchBox' has attribute 'name' is ''

04-04-2024T17:40:41 - [MESSAGE][WARNING] - Timeout '0' is invalid. Using default page load timeout: '30'

04-04-2024T17:40:42 - [MESSAGE][PASSED] - Element 'Object Repository/TataMotars/SearchBox' has attribute 'name' is ''

04-04-2024T17:40:42 - [TEST_STEP][PASSED] - Result == str_getNewContact: null

04-04-2024T17:40:42 - [TEST_STEP][PASSED] - takeScreenshot(): Screenshot is taken

04-04-2024T17:40:43 - [MESSAGE][PASSED] - Screenshot is taken
[[ATTACHMENT|C:\\Users\\sushil.gaikwad\\git\\EguruSmart1\\Reports\\20240404_173920\\TataMotors\\20240404_173920\\1712232642571.png]]

04-04-2024T17:40:43 - [TEST_STEP][PASSED] - tap(findTestObject("Add Contact/AddNewContactButton"), 0): Tapped on element 'Object Repository/Add Contact/AddNewContactButton'

04-04-2024T17:40:43 - [MESSAGE][WARNING] - Timeout '0' is invalid. Using default page load timeout: '30'

04-04-2024T17:40:44 - [MESSAGE][PASSED] - Tapped on element 'Object Repository/Add Contact/AddNewContactButton'

04-04-2024T17:40:44 - [TEST_STEP][PASSED] - setText(findTestObject("Primery Details/FirstName"), str_FirstName, 0): Text 'Test' has been set to element 'Object Repository/Primery Details/FirstName'

04-04-2024T17:40:44 - [MESSAGE][WARNING] - Timeout '0' is invalid. Using default page load timeout: '30'

04-04-2024T17:40:46 - [MESSAGE][PASSED] - Text 'Test' has been set to element 'Object Repository/Primery Details/FirstName'

04-04-2024T17:40:46 - [TEST_STEP][PASSED] - hideKeyboard(): Keyboard is hidden

04-04-2024T17:40:48 - [MESSAGE][PASSED] - Keyboard is hidden

04-04-2024T17:40:48 - [TEST_STEP][PASSED] - setText(findTestObject("Primery Details/LastName"), str_LastName, 0): Text 'step' has been set to element 'Object Repository/Primery Details/LastName'

04-04-2024T17:40:48 - [MESSAGE][WARNING] - Timeout '0' is invalid. Using default page load timeout: '30'

04-04-2024T17:40:50 - [MESSAGE][PASSED] - Text 'step' has been set to element 'Object Repository/Primery Details/LastName'

04-04-2024T17:40:50 - [TEST_STEP][PASSED] - hideKeyboard(): Keyboard is hidden

04-04-2024T17:40:52 - [MESSAGE][PASSED] - Keyboard is hidden

04-04-2024T17:40:52 - [TEST_STEP][PASSED] - tap(findTestObject("Primery Details/MobileNumber"), 0): Tapped on element 'Object Repository/Primery Details/MobileNumber'

04-04-2024T17:40:52 - [MESSAGE][WARNING] - Timeout '0' is invalid. Using default page load timeout: '30'

04-04-2024T17:40:52 - [MESSAGE][PASSED] - Tapped on element 'Object Repository/Primery Details/MobileNumber'

04-04-2024T17:40:52 - [TEST_STEP][PASSED] - setText(findTestObject("Primery Details/MobileNumber"), str_MobileNumber + randomInt, 0): Text '9988667120' has been set to element 'Object Repository/Primery Details/MobileNumber'

04-04-2024T17:40:52 - [MESSAGE][WARNING] - Timeout '0' is invalid. Using default page load timeout: '30'

04-04-2024T17:40:54 - [MESSAGE][PASSED] - Text '9988667120' has been set to element 'Object Repository/Primery Details/MobileNumber'

04-04-2024T17:40:54 - [TEST_STEP][PASSED] - hideKeyboard(): Keyboard is hidden

04-04-2024T17:40:58 - [MESSAGE][PASSED] - Keyboard is hidden

04-04-2024T17:40:58 - [TEST_STEP][PASSED] - takeScreenshot(): Screenshot is taken

04-04-2024T17:40:59 - [MESSAGE][PASSED] - Screenshot is taken
[[ATTACHMENT|C:\\Users\\sushil.gaikwad\\git\\EguruSmart1\\Reports\\20240404_173920\\TataMotors\\20240404_173920\\1712232658319.png]]

04-04-2024T17:40:59 - [TEST_STEP][PASSED] - tap(findTestObject("Create New Opportunity/Customer Type"), 0): Tapped on element 'Object Repository/Create New Opportunity/Customer Type'

04-04-2024T17:40:59 - [MESSAGE][WARNING] - Timeout '0' is invalid. Using default page load timeout: '30'

04-04-2024T17:41:00 - [MESSAGE][PASSED] - Tapped on element 'Object Repository/Create New Opportunity/Customer Type'

04-04-2024T17:41:00 - [TEST_STEP][PASSED] - sendKeys(findTestObject("Create New Opportunity/Type_CustomerType"), str_CustomerType, STOP_ON_FAILURE): Send keys 'C4T Customer' on test object 'Object Repository/Create New Opportunity/Type_CustomerType' successfully.

04-04-2024T17:41:01 - [MESSAGE][PASSED] - Send keys 'C4T Customer' on test object 'Object Repository/Create New Opportunity/Type_CustomerType' successfully.

04-04-2024T17:41:01 - [TEST_STEP][PASSED] - hideKeyboard(): Keyboard is hidden

04-04-2024T17:41:03 - [MESSAGE][PASSED] - Keyboard is hidden

04-04-2024T17:41:03 - [TEST_STEP][PASSED] - Bool_Customer = waitForElementPresent(findTestObject("Create New Opportunity/Click_Customer"), 5): Element 'Object Repository/Create New Opportunity/Click_Customer' is present

04-04-2024T17:41:03 - [MESSAGE][PASSED] - Element 'Object Repository/Create New Opportunity/Click_Customer' is present

04-04-2024T17:41:03 - [TEST_STEP][PASSED] - if (Bool_Customer == true): Tapped on element 'Object Repository/Create New Opportunity/Click_Customer'

04-04-2024T17:41:03 - [TEST_STEP][PASSED] - tap(findTestObject("Create New Opportunity/Click_Customer"), 0): Tapped on element 'Object Repository/Create New Opportunity/Click_Customer'

04-04-2024T17:41:04 - [MESSAGE][WARNING] - Timeout '0' is invalid. Using default page load timeout: '30'

04-04-2024T17:41:04 - [MESSAGE][PASSED] - Tapped on element 'Object Repository/Create New Opportunity/Click_Customer'

04-04-2024T17:41:04 - [TEST_STEP][PASSED] - checkElement(findTestObject("Primery Details/Influencer Checkbox"), 0): Element 'Object Repository/Primery Details/Influencer Checkbox' is checked

04-04-2024T17:41:04 - [MESSAGE][WARNING] - Timeout '0' is invalid. Using default page load timeout: '30'

04-04-2024T17:41:06 - [MESSAGE][PASSED] - Element 'Object Repository/Primery Details/Influencer Checkbox' is checked

04-04-2024T17:41:06 - [TEST_STEP][PASSED] - hideKeyboard(): Keyboard is hidden

04-04-2024T17:41:07 - [MESSAGE][PASSED] - Keyboard is hidden

04-04-2024T17:41:07 - [TEST_STEP][PASSED] - tap(findTestObject("Create New Opportunity/Additional information"), 0): Tapped on element 'Object Repository/Create New Opportunity/Additional information'

04-04-2024T17:41:07 - [MESSAGE][WARNING] - Timeout '0' is invalid. Using default page load timeout: '30'

04-04-2024T17:41:08 - [MESSAGE][PASSED] - Tapped on element 'Object Repository/Create New Opportunity/Additional information'

04-04-2024T17:41:08 - [TEST_STEP][PASSED] - delay(3, STOP_ON_FAILURE): Delayed 3 second(s)

04-04-2024T17:41:11 - [MESSAGE][PASSED] - Delayed 3 second(s)

04-04-2024T17:41:11 - [TEST_STEP][PASSED] - tap(findTestObject("Primery Details/Enter InfluencerType"), 0): Tapped on element 'Object Repository/Primery Details/Enter InfluencerType'

04-04-2024T17:41:11 - [MESSAGE][WARNING] - Timeout '0' is invalid. Using default page load timeout: '30'

04-04-2024T17:41:12 - [MESSAGE][PASSED] - Tapped on element 'Object Repository/Primery Details/Enter InfluencerType'

04-04-2024T17:41:12 - [TEST_STEP][PASSED] - setText(findTestObject("Create New Opportunity/Type Influencer"), str_InfluencerType, 0): Text 'Advertisement' has been set to element 'Object Repository/Create New Opportunity/Type Influencer'

04-04-2024T17:41:12 - [MESSAGE][WARNING] - Timeout '0' is invalid. Using default page load timeout: '30'

04-04-2024T17:41:14 - [MESSAGE][PASSED] - Text 'Advertisement' has been set to element 'Object Repository/Create New Opportunity/Type Influencer'

04-04-2024T17:41:14 - [TEST_STEP][PASSED] - hideKeyboard(): Keyboard is hidden

04-04-2024T17:41:16 - [MESSAGE][PASSED] - Keyboard is hidden

04-04-2024T17:41:16 - [TEST_STEP][PASSED] - tap(findTestObject("Primery Details/Address Details/NextButton"), 0): Tapped on element 'Object Repository/Primery Details/Address Details/NextButton'

04-04-2024T17:41:16 - [MESSAGE][WARNING] - Timeout '0' is invalid. Using default page load timeout: '30'

04-04-2024T17:41:17 - [MESSAGE][PASSED] - Tapped on element 'Object Repository/Primery Details/Address Details/NextButton'

04-04-2024T17:41:17 - [TEST_STEP][PASSED] - bool_Pincode = waitForElementPresent(findTestObject("Primery Details/Address Details/Pincode"), 5): Element 'Object Repository/Primery Details/Address Details/Pincode' is present

04-04-2024T17:41:20 - [MESSAGE][PASSED] - Element 'Object Repository/Primery Details/Address Details/Pincode' is present

04-04-2024T17:41:20 - [TEST_STEP][FAILED] - if (bool_Pincode == true): Failed to tap on element 'Object Repository/NewObject/DropDownSearchedDistrict' (Root cause: com.kms.katalon.core.exception.StepFailedException: Failed to tap on element 'Object Repository/NewObject/DropDownSearchedDistrict'
	at com.kms.katalon.core.mobile.keyword.internal.MobileKeywordMain.stepFailed(MobileKeywordMain.groovy:38)
	at com.kms.katalon.core.mobile.keyword.internal.MobileKeywordMain.runKeyword(MobileKeywordMain.groovy:21)
	at com.kms.katalon.core.mobile.keyword.builtin.TapKeyword.tap(TapKeyword.groovy:51)
	at com.kms.katalon.core.mobile.keyword.builtin.TapKeyword.execute(TapKeyword.groovy:35)
	at com.kms.katalon.core.keyword.internal.KeywordExecutor.executeKeywordForPlatform(KeywordExecutor.groovy:74)
	at com.kms.katalon.core.mobile.keyword.MobileBuiltInKeywords.tap(MobileBuiltInKeywords.groovy:1476)
	at TC_01 - To verify that opty creation for the new customer.run(TC_01 - To verify that opty creation for the new customer:174)
	at com.kms.katalon.core.main.ScriptEngine.run(ScriptEngine.java:194)
	at com.kms.katalon.core.main.ScriptEngine.runScriptAsRawText(ScriptEngine.java:119)
	at com.kms.katalon.core.main.TestCaseExecutor.runScript(TestCaseExecutor.java:448)
	at com.kms.katalon.core.main.TestCaseExecutor.doExecute(TestCaseExecutor.java:439)
	at com.kms.katalon.core.main.TestCaseExecutor.processExecutionPhase(TestCaseExecutor.java:418)
	at com.kms.katalon.core.main.TestCaseExecutor.accessMainPhase(TestCaseExecutor.java:410)
	at com.kms.katalon.core.main.TestCaseExecutor.execute(TestCaseExecutor.java:285)
	at com.kms.katalon.core.common.CommonExecutor.accessTestCaseMainPhase(CommonExecutor.java:65)
	at com.kms.katalon.core.main.TestSuiteExecutor.accessTestSuiteMainPhase(TestSuiteExecutor.java:148)
	at com.kms.katalon.core.main.TestSuiteExecutor.execute(TestSuiteExecutor.java:106)
	at com.kms.katalon.core.main.TestCaseMain.startTestSuite(TestCaseMain.java:180)
	at TempTestSuite1712232560197.run(TempTestSuite1712232560197.groovy:35)
	at java.base/jdk.internal.reflect.NativeMethodAccessorImpl.invoke0(Native Method)
	at java.base/jdk.internal.reflect.NativeMethodAccessorImpl.invoke(NativeMethodAccessorImpl.java:77)
	at java.base/jdk.internal.reflect.DelegatingMethodAccessorImpl.invoke(DelegatingMethodAccessorImpl.java:43)
Caused by: com.kms.katalon.core.exception.StepFailedException: Object Object Repository/NewObject/DropDownSearchedDistrict not found
	at com.kms.katalon.core.mobile.keyword.internal.MobileKeywordMain.stepFailed(MobileKeywordMain.groovy:38)
	at com.kms.katalon.core.mobile.keyword.builtin.TapKeyword$_tap_closure1.doCall(TapKeyword.groovy:46)
	at com.kms.katalon.core.mobile.keyword.builtin.TapKeyword$_tap_closure1.call(TapKeyword.groovy)
	at com.kms.katalon.core.mobile.keyword.internal.MobileKeywordMain.runKeyword(MobileKeywordMain.groovy:19)
	... 20 more
)

04-04-2024T17:41:20 - [TEST_STEP][PASSED] - tap(findTestObject("Primery Details/Address Details/Pincode"), 0): Tapped on element 'Object Repository/Primery Details/Address Details/Pincode'

04-04-2024T17:41:20 - [MESSAGE][WARNING] - Timeout '0' is invalid. Using default page load timeout: '30'

04-04-2024T17:41:20 - [MESSAGE][PASSED] - Tapped on element 'Object Repository/Primery Details/Address Details/Pincode'

04-04-2024T17:41:20 - [TEST_STEP][PASSED] - setText(findTestObject("Primery Details/Address Details/Pincode"), str_Pincode, 0): Text '410210' has been set to element 'Object Repository/Primery Details/Address Details/Pincode'

04-04-2024T17:41:20 - [MESSAGE][WARNING] - Timeout '0' is invalid. Using default page load timeout: '30'

04-04-2024T17:41:22 - [MESSAGE][PASSED] - Text '410210' has been set to element 'Object Repository/Primery Details/Address Details/Pincode'

04-04-2024T17:41:22 - [TEST_STEP][PASSED] - hideKeyboard(): Keyboard is hidden

04-04-2024T17:41:24 - [MESSAGE][PASSED] - Keyboard is hidden

04-04-2024T17:41:24 - [TEST_STEP][PASSED] - Bool_Pin = waitForElementPresent(findTestObject("NewObject/Searched PinCodeTC3"), 2): Object Object Repository/NewObject/Searched PinCodeTC3 not found

04-04-2024T17:41:26 - [MESSAGE][WARNING] - Object Object Repository/NewObject/Searched PinCodeTC3 not found

04-04-2024T17:41:26 - [TEST_STEP][PASSED] - if (Bool_Pin == true): null

04-04-2024T17:41:26 - [TEST_STEP][PASSED] - tap(findTestObject("NewObject/DropDownDistrict"), 0, STOP_ON_FAILURE): Tapped on element 'Object Repository/NewObject/DropDownDistrict'

04-04-2024T17:41:26 - [MESSAGE][WARNING] - Timeout '0' is invalid. Using default page load timeout: '30'

04-04-2024T17:41:27 - [MESSAGE][PASSED] - Tapped on element 'Object Repository/NewObject/DropDownDistrict'

04-04-2024T17:41:27 - [TEST_STEP][FAILED] - tap(findTestObject("NewObject/DropDownSearchedDistrict"), 0, STOP_ON_FAILURE): Failed to tap on element 'Object Repository/NewObject/DropDownSearchedDistrict' (Root cause: com.kms.katalon.core.exception.StepFailedException: Failed to tap on element 'Object Repository/NewObject/DropDownSearchedDistrict'
	at com.kms.katalon.core.mobile.keyword.internal.MobileKeywordMain.stepFailed(MobileKeywordMain.groovy:38)
	at com.kms.katalon.core.mobile.keyword.internal.MobileKeywordMain.runKeyword(MobileKeywordMain.groovy:21)
	at com.kms.katalon.core.mobile.keyword.builtin.TapKeyword.tap(TapKeyword.groovy:51)
	at com.kms.katalon.core.mobile.keyword.builtin.TapKeyword.execute(TapKeyword.groovy:35)
	at com.kms.katalon.core.keyword.internal.KeywordExecutor.executeKeywordForPlatform(KeywordExecutor.groovy:74)
	at com.kms.katalon.core.mobile.keyword.MobileBuiltInKeywords.tap(MobileBuiltInKeywords.groovy:1476)
	at TC_01 - To verify that opty creation for the new customer.run(TC_01 - To verify that opty creation for the new customer:174)
	at com.kms.katalon.core.main.ScriptEngine.run(ScriptEngine.java:194)
	at com.kms.katalon.core.main.ScriptEngine.runScriptAsRawText(ScriptEngine.java:119)
	at com.kms.katalon.core.main.TestCaseExecutor.runScript(TestCaseExecutor.java:448)
	at com.kms.katalon.core.main.TestCaseExecutor.doExecute(TestCaseExecutor.java:439)
	at com.kms.katalon.core.main.TestCaseExecutor.processExecutionPhase(TestCaseExecutor.java:418)
	at com.kms.katalon.core.main.TestCaseExecutor.accessMainPhase(TestCaseExecutor.java:410)
	at com.kms.katalon.core.main.TestCaseExecutor.execute(TestCaseExecutor.java:285)
	at com.kms.katalon.core.common.CommonExecutor.accessTestCaseMainPhase(CommonExecutor.java:65)
	at com.kms.katalon.core.main.TestSuiteExecutor.accessTestSuiteMainPhase(TestSuiteExecutor.java:148)
	at com.kms.katalon.core.main.TestSuiteExecutor.execute(TestSuiteExecutor.java:106)
	at com.kms.katalon.core.main.TestCaseMain.startTestSuite(TestCaseMain.java:180)
	at TempTestSuite1712232560197.run(TempTestSuite1712232560197.groovy:35)
	at java.base/jdk.internal.reflect.NativeMethodAccessorImpl.invoke0(Native Method)
	at java.base/jdk.internal.reflect.NativeMethodAccessorImpl.invoke(NativeMethodAccessorImpl.java:77)
	at java.base/jdk.internal.reflect.DelegatingMethodAccessorImpl.invoke(DelegatingMethodAccessorImpl.java:43)
Caused by: com.kms.katalon.core.exception.StepFailedException: Object Object Repository/NewObject/DropDownSearchedDistrict not found
	at com.kms.katalon.core.mobile.keyword.internal.MobileKeywordMain.stepFailed(MobileKeywordMain.groovy:38)
	at com.kms.katalon.core.mobile.keyword.builtin.TapKeyword$_tap_closure1.doCall(TapKeyword.groovy:46)
	at com.kms.katalon.core.mobile.keyword.builtin.TapKeyword$_tap_closure1.call(TapKeyword.groovy)
	at com.kms.katalon.core.mobile.keyword.internal.MobileKeywordMain.runKeyword(MobileKeywordMain.groovy:19)
	... 20 more
)

04-04-2024T17:41:27 - [MESSAGE][WARNING] - Timeout '0' is invalid. Using default page load timeout: '30'

04-04-2024T17:41:58 - [MESSAGE][FAILED] - Object Object Repository/NewObject/DropDownSearchedDistrict not found (Root cause: com.kms.katalon.core.exception.StepFailedException: Object Object Repository/NewObject/DropDownSearchedDistrict not found
	at com.kms.katalon.core.mobile.keyword.internal.MobileKeywordMain.stepFailed(MobileKeywordMain.groovy:38)
	at com.kms.katalon.core.mobile.keyword.builtin.TapKeyword$_tap_closure1.doCall(TapKeyword.groovy:46)
	at com.kms.katalon.core.mobile.keyword.builtin.TapKeyword$_tap_closure1.call(TapKeyword.groovy)
	at com.kms.katalon.core.mobile.keyword.internal.MobileKeywordMain.runKeyword(MobileKeywordMain.groovy:19)
	at com.kms.katalon.core.mobile.keyword.builtin.TapKeyword.tap(TapKeyword.groovy:51)
	at com.kms.katalon.core.mobile.keyword.builtin.TapKeyword.execute(TapKeyword.groovy:35)
	at com.kms.katalon.core.keyword.internal.KeywordExecutor.executeKeywordForPlatform(KeywordExecutor.groovy:74)
	at com.kms.katalon.core.mobile.keyword.MobileBuiltInKeywords.tap(MobileBuiltInKeywords.groovy:1476)
	at TC_01 - To verify that opty creation for the new customer.run(TC_01 - To verify that opty creation for the new customer:174)
	at com.kms.katalon.core.main.ScriptEngine.run(ScriptEngine.java:194)
	at com.kms.katalon.core.main.ScriptEngine.runScriptAsRawText(ScriptEngine.java:119)
	at com.kms.katalon.core.main.TestCaseExecutor.runScript(TestCaseExecutor.java:448)
	at com.kms.katalon.core.main.TestCaseExecutor.doExecute(TestCaseExecutor.java:439)
	at com.kms.katalon.core.main.TestCaseExecutor.processExecutionPhase(TestCaseExecutor.java:418)
	at com.kms.katalon.core.main.TestCaseExecutor.accessMainPhase(TestCaseExecutor.java:410)
	at com.kms.katalon.core.main.TestCaseExecutor.execute(TestCaseExecutor.java:285)
	at com.kms.katalon.core.common.CommonExecutor.accessTestCaseMainPhase(CommonExecutor.java:65)
	at com.kms.katalon.core.main.TestSuiteExecutor.accessTestSuiteMainPhase(TestSuiteExecutor.java:148)
	at com.kms.katalon.core.main.TestSuiteExecutor.execute(TestSuiteExecutor.java:106)
	at com.kms.katalon.core.main.TestCaseMain.startTestSuite(TestCaseMain.java:180)
	at TempTestSuite1712232560197.run(TempTestSuite1712232560197.groovy:35)
	at java.base/jdk.internal.reflect.NativeMethodAccessorImpl.invoke0(Native Method)
	at java.base/jdk.internal.reflect.NativeMethodAccessorImpl.invoke(NativeMethodAccessorImpl.java:77)
	at java.base/jdk.internal.reflect.DelegatingMethodAccessorImpl.invoke(DelegatingMethodAccessorImpl.java:43)
)
[[ATTACHMENT|C:\\Users\\sushil.gaikwad\\git\\EguruSmart1\\Reports\\20240404_173920\\TataMotors\\20240404_173920\\1712232717814.png]]

04-04-2024T17:41:59 - [MESSAGE][FAILED] - Failed to tap on element 'Object Repository/NewObject/DropDownSearchedDistrict' (Root cause: com.kms.katalon.core.exception.StepFailedException: Failed to tap on element 'Object Repository/NewObject/DropDownSearchedDistrict'
	at com.kms.katalon.core.mobile.keyword.internal.MobileKeywordMain.stepFailed(MobileKeywordMain.groovy:38)
	at com.kms.katalon.core.mobile.keyword.internal.MobileKeywordMain.runKeyword(MobileKeywordMain.groovy:21)
	at com.kms.katalon.core.mobile.keyword.builtin.TapKeyword.tap(TapKeyword.groovy:51)
	at com.kms.katalon.core.mobile.keyword.builtin.TapKeyword.execute(TapKeyword.groovy:35)
	at com.kms.katalon.core.keyword.internal.KeywordExecutor.executeKeywordForPlatform(KeywordExecutor.groovy:74)
	at com.kms.katalon.core.mobile.keyword.MobileBuiltInKeywords.tap(MobileBuiltInKeywords.groovy:1476)
	at TC_01 - To verify that opty creation for the new customer.run(TC_01 - To verify that opty creation for the new customer:174)
	at com.kms.katalon.core.main.ScriptEngine.run(ScriptEngine.java:194)
	at com.kms.katalon.core.main.ScriptEngine.runScriptAsRawText(ScriptEngine.java:119)
	at com.kms.katalon.core.main.TestCaseExecutor.runScript(TestCaseExecutor.java:448)
	at com.kms.katalon.core.main.TestCaseExecutor.doExecute(TestCaseExecutor.java:439)
	at com.kms.katalon.core.main.TestCaseExecutor.processExecutionPhase(TestCaseExecutor.java:418)
	at com.kms.katalon.core.main.TestCaseExecutor.accessMainPhase(TestCaseExecutor.java:410)
	at com.kms.katalon.core.main.TestCaseExecutor.execute(TestCaseExecutor.java:285)
	at com.kms.katalon.core.common.CommonExecutor.accessTestCaseMainPhase(CommonExecutor.java:65)
	at com.kms.katalon.core.main.TestSuiteExecutor.accessTestSuiteMainPhase(TestSuiteExecutor.java:148)
	at com.kms.katalon.core.main.TestSuiteExecutor.execute(TestSuiteExecutor.java:106)
	at com.kms.katalon.core.main.TestCaseMain.startTestSuite(TestCaseMain.java:180)
	at TempTestSuite1712232560197.run(TempTestSuite1712232560197.groovy:35)
	at java.base/jdk.internal.reflect.NativeMethodAccessorImpl.invoke0(Native Method)
	at java.base/jdk.internal.reflect.NativeMethodAccessorImpl.invoke(NativeMethodAccessorImpl.java:77)
	at java.base/jdk.internal.reflect.DelegatingMethodAccessorImpl.invoke(DelegatingMethodAccessorImpl.java:43)
Caused by: com.kms.katalon.core.exception.StepFailedException: Object Object Repository/NewObject/DropDownSearchedDistrict not found
	at com.kms.katalon.core.mobile.keyword.internal.MobileKeywordMain.stepFailed(MobileKeywordMain.groovy:38)
	at com.kms.katalon.core.mobile.keyword.builtin.TapKeyword$_tap_closure1.doCall(TapKeyword.groovy:46)
	at com.kms.katalon.core.mobile.keyword.builtin.TapKeyword$_tap_closure1.call(TapKeyword.groovy)
	at com.kms.katalon.core.mobile.keyword.internal.MobileKeywordMain.runKeyword(MobileKeywordMain.groovy:19)
	... 20 more
)
[[ATTACHMENT|C:\\Users\\sushil.gaikwad\\git\\EguruSmart1\\Reports\\20240404_173920\\TataMotors\\20240404_173920\\1712232718743.png]]]]></system-out>
         <system-err><![CDATA[04-04-2024T17:39:30 - [TEST_CASE][FAILED] - Test Cases/TC/TC_01 - To verify that opty creation for the new customer: Test Cases/TC/TC_01 - To verify that opty creation for the new customer FAILED.
Reason:
com.kms.katalon.core.exception.StepFailedException: Failed to tap on element 'Object Repository/NewObject/DropDownSearchedDistrict'
	at com.kms.katalon.core.mobile.keyword.internal.MobileKeywordMain.stepFailed(MobileKeywordMain.groovy:38)
	at com.kms.katalon.core.mobile.keyword.internal.MobileKeywordMain.runKeyword(MobileKeywordMain.groovy:21)
	at com.kms.katalon.core.mobile.keyword.builtin.TapKeyword.tap(TapKeyword.groovy:51)
	at com.kms.katalon.core.mobile.keyword.builtin.TapKeyword.execute(TapKeyword.groovy:35)
	at com.kms.katalon.core.keyword.internal.KeywordExecutor.executeKeywordForPlatform(KeywordExecutor.groovy:74)
	at com.kms.katalon.core.mobile.keyword.MobileBuiltInKeywords.tap(MobileBuiltInKeywords.groovy:1476)
	at TC_01 - To verify that opty creation for the new customer.run(TC_01 - To verify that opty creation for the new customer:174)
	at com.kms.katalon.core.main.ScriptEngine.run(ScriptEngine.java:194)
	at com.kms.katalon.core.main.ScriptEngine.runScriptAsRawText(ScriptEngine.java:119)
	at com.kms.katalon.core.main.TestCaseExecutor.runScript(TestCaseExecutor.java:448)
	at com.kms.katalon.core.main.TestCaseExecutor.doExecute(TestCaseExecutor.java:439)
	at com.kms.katalon.core.main.TestCaseExecutor.processExecutionPhase(TestCaseExecutor.java:418)
	at com.kms.katalon.core.main.TestCaseExecutor.accessMainPhase(TestCaseExecutor.java:410)
	at com.kms.katalon.core.main.TestCaseExecutor.execute(TestCaseExecutor.java:285)
	at com.kms.katalon.core.common.CommonExecutor.accessTestCaseMainPhase(CommonExecutor.java:65)
	at com.kms.katalon.core.main.TestSuiteExecutor.accessTestSuiteMainPhase(TestSuiteExecutor.java:148)
	at com.kms.katalon.core.main.TestSuiteExecutor.execute(TestSuiteExecutor.java:106)
	at com.kms.katalon.core.main.TestCaseMain.startTestSuite(TestCaseMain.java:180)
	at TempTestSuite1712232560197.run(TempTestSuite1712232560197.groovy:35)
	at java.base/jdk.internal.reflect.NativeMethodAccessorImpl.invoke0(Native Method)
	at java.base/jdk.internal.reflect.NativeMethodAccessorImpl.invoke(NativeMethodAccessorImpl.java:77)
	at java.base/jdk.internal.reflect.DelegatingMethodAccessorImpl.invoke(DelegatingMethodAccessorImpl.java:43)
Caused by: com.kms.katalon.core.exception.StepFailedException: Object Object Repository/NewObject/DropDownSearchedDistrict not found
	at com.kms.katalon.core.mobile.keyword.internal.MobileKeywordMain.stepFailed(MobileKeywordMain.groovy:38)
	at com.kms.katalon.core.mobile.keyword.builtin.TapKeyword$_tap_closure1.doCall(TapKeyword.groovy:46)
	at com.kms.katalon.core.mobile.keyword.builtin.TapKeyword$_tap_closure1.call(TapKeyword.groovy)
	at com.kms.katalon.core.mobile.keyword.internal.MobileKeywordMain.runKeyword(MobileKeywordMain.groovy:19)
	... 20 more]]></system-err>
      </testcase>
      <testcase name="Test Cases/TC/TC_02 - To verify that the user is able to add PDOR or not" time="106.05" classname="Test Cases/TC/TC_02 - To verify that the user is able to add PDOR or not" status="PASSED">
         <system-out><![CDATA[04-04-2024T17:41:59 - [TEST_CASE][PASSED] - Test Cases/TC/TC_02 - To verify that the user is able to add PDOR or not: Test Cases/TC/TC_02 - To verify that the user is able to add PDOR or not

04-04-2024T17:42:00 - [TEST_STEP][PASSED] - callTestCase(findTestCase("CommenWorkflows/Login"), ["Str_URL":"C:\Users\sushil.gaikwad\git\EguruSmart1\Application\app-release (4).apk", "Str_Username":"DUSER145", "Str_Password":"Soct#2023", ... ], STOP_ON_FAILURE): Call Test Case 'Test Cases/CommenWorkflows/Login' successfully

04-04-2024T17:42:00 - [TEST_CASE][PASSED] - Test Cases/CommenWorkflows/Login: Test Cases/CommenWorkflows/Login

04-04-2024T17:42:00 - [TEST_STEP][PASSED] - startApplication(Str_URL, false): Started app at: 'C:\Users\sushil.gaikwad\git\EguruSmart1\Application\app-release (4).apk'

04-04-2024T17:42:00 - [MESSAGE][INFO] - User set preference: ['deviceId', 'R9ZT10H9Y2L']

04-04-2024T17:42:12 - [MESSAGE][PASSED] - Started app at: 'C:\Users\sushil.gaikwad\git\EguruSmart1\Application\app-release (4).apk'

04-04-2024T17:42:12 - [TEST_STEP][PASSED] - Bool_Username = waitForElementPresent(findTestObject("LockScreen/UsernaneText"), 10): Object Object Repository/LockScreen/UsernaneText not found

04-04-2024T17:42:22 - [MESSAGE][WARNING] - Object Object Repository/LockScreen/UsernaneText not found

04-04-2024T17:42:22 - [TEST_STEP][PASSED] - if (Bool_Username == true): null

04-04-2024T17:42:22 - [TEST_STEP][PASSED] - else: Tapped on element 'Object Repository/LockScreen/LoginButton'

04-04-2024T17:42:22 - [TEST_STEP][PASSED] - tap(findTestObject("LockScreen/Tap1"), 0): Tapped on element 'Object Repository/LockScreen/Tap1'

04-04-2024T17:42:22 - [MESSAGE][WARNING] - Timeout '0' is invalid. Using default page load timeout: '30'

04-04-2024T17:42:26 - [MESSAGE][PASSED] - Tapped on element 'Object Repository/LockScreen/Tap1'

04-04-2024T17:42:26 - [TEST_STEP][PASSED] - setText(findTestObject("LockScreen/Text1"), "1", 0): Text '1' has been set to element 'Object Repository/LockScreen/Text1'

04-04-2024T17:42:26 - [MESSAGE][WARNING] - Timeout '0' is invalid. Using default page load timeout: '30'

04-04-2024T17:42:28 - [MESSAGE][PASSED] - Text '1' has been set to element 'Object Repository/LockScreen/Text1'

04-04-2024T17:42:28 - [TEST_STEP][PASSED] - setText(findTestObject("LockScreen/Text2"), "2", 0): Text '2' has been set to element 'Object Repository/LockScreen/Text2'

04-04-2024T17:42:28 - [MESSAGE][WARNING] - Timeout '0' is invalid. Using default page load timeout: '30'

04-04-2024T17:42:29 - [MESSAGE][PASSED] - Text '2' has been set to element 'Object Repository/LockScreen/Text2'

04-04-2024T17:42:29 - [TEST_STEP][PASSED] - setText(findTestObject("LockScreen/Text3"), "3", 0): Text '3' has been set to element 'Object Repository/LockScreen/Text3'

04-04-2024T17:42:29 - [MESSAGE][WARNING] - Timeout '0' is invalid. Using default page load timeout: '30'

04-04-2024T17:42:30 - [MESSAGE][PASSED] - Text '3' has been set to element 'Object Repository/LockScreen/Text3'

04-04-2024T17:42:30 - [TEST_STEP][PASSED] - setText(findTestObject("LockScreen/Text4"), "4", 0): Text '4' has been set to element 'Object Repository/LockScreen/Text4'

04-04-2024T17:42:30 - [MESSAGE][WARNING] - Timeout '0' is invalid. Using default page load timeout: '30'

04-04-2024T17:42:32 - [MESSAGE][PASSED] - Text '4' has been set to element 'Object Repository/LockScreen/Text4'

04-04-2024T17:42:32 - [TEST_STEP][PASSED] - tap(findTestObject("LockScreen/LoginButton"), 0): Tapped on element 'Object Repository/LockScreen/LoginButton'

04-04-2024T17:42:32 - [MESSAGE][WARNING] - Timeout '0' is invalid. Using default page load timeout: '30'

04-04-2024T17:42:34 - [MESSAGE][PASSED] - Tapped on element 'Object Repository/LockScreen/LoginButton'

04-04-2024T17:42:34 - [MESSAGE][PASSED] - Call Test Case 'Test Cases/CommenWorkflows/Login' successfully

04-04-2024T17:42:34 - [TEST_STEP][PASSED] - Bool_Offline = waitForElementPresent(findTestObject("LockScreen/NewPin/Offline Master Sync"), 10): Object Object Repository/LockScreen/NewPin/Offline Master Sync not found

04-04-2024T17:42:44 - [MESSAGE][WARNING] - Object Object Repository/LockScreen/NewPin/Offline Master Sync not found

04-04-2024T17:42:44 - [TEST_STEP][PASSED] - if (Bool_Offline == true): null

04-04-2024T17:42:44 - [TEST_STEP][PASSED] - verifyElementExist(findTestObject("TataMotars/HomeButton"), 10): Element 'Object Repository/TataMotars/HomeButton' is exist

04-04-2024T17:42:44 - [MESSAGE][PASSED] - Element 'Object Repository/TataMotars/HomeButton' is exist

04-04-2024T17:42:44 - [TEST_STEP][PASSED] - tap(findTestObject("Home/Opportunities"), 0): Tapped on element 'Object Repository/Home/Opportunities'

04-04-2024T17:42:44 - [MESSAGE][WARNING] - Timeout '0' is invalid. Using default page load timeout: '30'

04-04-2024T17:42:45 - [MESSAGE][PASSED] - Tapped on element 'Object Repository/Home/Opportunities'

04-04-2024T17:42:45 - [TEST_STEP][PASSED] - tap(findTestObject("NewObject/CliKC1"), 30): Tapped on element 'Object Repository/NewObject/CliKC1'

04-04-2024T17:42:48 - [MESSAGE][PASSED] - Tapped on element 'Object Repository/NewObject/CliKC1'

04-04-2024T17:42:48 - [TEST_STEP][PASSED] - verifyElementExist(findTestObject("NewObject/C1 Summary"), 30): Element 'Object Repository/NewObject/C1 Summary' is exist

04-04-2024T17:42:49 - [MESSAGE][PASSED] - Element 'Object Repository/NewObject/C1 Summary' is exist

04-04-2024T17:42:49 - [TEST_STEP][PASSED] - takeScreenshot(): Screenshot is taken

04-04-2024T17:42:51 - [MESSAGE][PASSED] - Screenshot is taken
[[ATTACHMENT|C:\\Users\\sushil.gaikwad\\git\\EguruSmart1\\Reports\\20240404_173920\\TataMotors\\20240404_173920\\1712232769573.png]]

04-04-2024T17:42:51 - [TEST_STEP][PASSED] - tap(findTestObject("NewObject/CREATE C1A"), 0): Tapped on element 'Object Repository/NewObject/CREATE C1A'

04-04-2024T17:42:51 - [MESSAGE][WARNING] - Timeout '0' is invalid. Using default page load timeout: '30'

04-04-2024T17:42:52 - [MESSAGE][PASSED] - Tapped on element 'Object Repository/NewObject/CREATE C1A'

04-04-2024T17:42:52 - [TEST_STEP][PASSED] - tap(findTestObject("NewObject/PDORClick"), 0): Tapped on element 'Object Repository/NewObject/PDORClick'

04-04-2024T17:42:52 - [MESSAGE][WARNING] - Timeout '0' is invalid. Using default page load timeout: '30'

04-04-2024T17:42:54 - [MESSAGE][PASSED] - Tapped on element 'Object Repository/NewObject/PDORClick'

04-04-2024T17:42:54 - [TEST_STEP][PASSED] - verifyElementExist(findTestObject("NewObject/ADD PDOR"), 30): Element 'Object Repository/NewObject/ADD PDOR' is exist

04-04-2024T17:42:54 - [MESSAGE][PASSED] - Element 'Object Repository/NewObject/ADD PDOR' is exist

04-04-2024T17:42:54 - [TEST_STEP][PASSED] - takeScreenshot(): Screenshot is taken

04-04-2024T17:42:56 - [MESSAGE][PASSED] - Screenshot is taken
[[ATTACHMENT|C:\\Users\\sushil.gaikwad\\git\\EguruSmart1\\Reports\\20240404_173920\\TataMotors\\20240404_173920\\1712232774999.png]]

04-04-2024T17:42:56 - [TEST_STEP][PASSED] - tap(findTestObject("NewObject/ADD PDOR"), 0): Tapped on element 'Object Repository/NewObject/ADD PDOR'

04-04-2024T17:42:56 - [MESSAGE][WARNING] - Timeout '0' is invalid. Using default page load timeout: '30'

04-04-2024T17:42:57 - [MESSAGE][PASSED] - Tapped on element 'Object Repository/NewObject/ADD PDOR'

04-04-2024T17:42:57 - [TEST_STEP][PASSED] - tap(findTestObject("C1 Functionality/Most Likely to buy tata"), 0): Tapped on element 'Object Repository/C1 Functionality/Most Likely to buy tata'

04-04-2024T17:42:57 - [MESSAGE][WARNING] - Timeout '0' is invalid. Using default page load timeout: '30'

04-04-2024T17:42:57 - [MESSAGE][PASSED] - Tapped on element 'Object Repository/C1 Functionality/Most Likely to buy tata'

04-04-2024T17:42:57 - [TEST_STEP][PASSED] - tap(findTestObject("C1 Functionality/LikelyPurchaseDate"), 0): Tapped on element 'Object Repository/C1 Functionality/LikelyPurchaseDate'

04-04-2024T17:42:58 - [MESSAGE][WARNING] - Timeout '0' is invalid. Using default page load timeout: '30'

04-04-2024T17:42:59 - [MESSAGE][PASSED] - Tapped on element 'Object Repository/C1 Functionality/LikelyPurchaseDate'

04-04-2024T17:42:59 - [TEST_STEP][PASSED] - tap(findTestObject("C1 Functionality/OK"), 0): Tapped on element 'Object Repository/C1 Functionality/OK'

04-04-2024T17:42:59 - [MESSAGE][WARNING] - Timeout '0' is invalid. Using default page load timeout: '30'

04-04-2024T17:43:00 - [MESSAGE][PASSED] - Tapped on element 'Object Repository/C1 Functionality/OK'

04-04-2024T17:43:00 - [TEST_STEP][PASSED] - tap(findTestObject("C1 Functionality/PotentialDropOffReason"), 0): Tapped on element 'Object Repository/C1 Functionality/PotentialDropOffReason'

04-04-2024T17:43:00 - [MESSAGE][WARNING] - Timeout '0' is invalid. Using default page load timeout: '30'

04-04-2024T17:43:02 - [MESSAGE][PASSED] - Tapped on element 'Object Repository/C1 Functionality/PotentialDropOffReason'

04-04-2024T17:43:02 - [TEST_STEP][PASSED] - setText(findTestObject("C1 Functionality/PotentialDropOffReason"), str_PotentialDropOffReason, 0): Text 'Not eligible for Finance' has been set to element 'Object Repository/C1 Functionality/PotentialDropOffReason'

04-04-2024T17:43:02 - [MESSAGE][WARNING] - Timeout '0' is invalid. Using default page load timeout: '30'

04-04-2024T17:43:04 - [MESSAGE][PASSED] - Text 'Not eligible for Finance' has been set to element 'Object Repository/C1 Functionality/PotentialDropOffReason'

04-04-2024T17:43:04 - [TEST_STEP][PASSED] - tap(findTestObject("C1 Functionality/NotEligibleForFinance"), 0): Tapped on element 'Object Repository/C1 Functionality/NotEligibleForFinance'

04-04-2024T17:43:04 - [MESSAGE][WARNING] - Timeout '0' is invalid. Using default page load timeout: '30'

04-04-2024T17:43:05 - [MESSAGE][PASSED] - Tapped on element 'Object Repository/C1 Functionality/NotEligibleForFinance'

04-04-2024T17:43:05 - [TEST_STEP][PASSED] - tap(findTestObject("Vehicle information/NextButton"), 0): Tapped on element 'Object Repository/Vehicle information/NextButton'

04-04-2024T17:43:05 - [MESSAGE][WARNING] - Timeout '0' is invalid. Using default page load timeout: '30'

04-04-2024T17:43:05 - [MESSAGE][PASSED] - Tapped on element 'Object Repository/Vehicle information/NextButton'

04-04-2024T17:43:05 - [TEST_STEP][PASSED] - verifyElementExist(findTestObject("NewObject/Potential drop off reason"), 30): Element 'Object Repository/NewObject/Potential drop off reason' is exist

04-04-2024T17:43:06 - [MESSAGE][PASSED] - Element 'Object Repository/NewObject/Potential drop off reason' is exist

04-04-2024T17:43:06 - [TEST_STEP][PASSED] - takeScreenshot(): Screenshot is taken

04-04-2024T17:43:07 - [MESSAGE][PASSED] - Screenshot is taken
[[ATTACHMENT|C:\\Users\\sushil.gaikwad\\git\\EguruSmart1\\Reports\\20240404_173920\\TataMotors\\20240404_173920\\1712232786823.png]]

04-04-2024T17:43:07 - [TEST_STEP][PASSED] - tap(findTestObject("C1 Functionality/PotentialDropOffReason"), 0): Tapped on element 'Object Repository/C1 Functionality/PotentialDropOffReason'

04-04-2024T17:43:07 - [MESSAGE][WARNING] - Timeout '0' is invalid. Using default page load timeout: '30'

04-04-2024T17:43:08 - [MESSAGE][PASSED] - Tapped on element 'Object Repository/C1 Functionality/PotentialDropOffReason'

04-04-2024T17:43:08 - [TEST_STEP][PASSED] - setText(findTestObject("C1 Functionality/PotentialDropOffReason"), "CIBIL", 0): Text 'CIBIL' has been set to element 'Object Repository/C1 Functionality/PotentialDropOffReason'

04-04-2024T17:43:08 - [MESSAGE][WARNING] - Timeout '0' is invalid. Using default page load timeout: '30'

04-04-2024T17:43:10 - [MESSAGE][PASSED] - Text 'CIBIL' has been set to element 'Object Repository/C1 Functionality/PotentialDropOffReason'

04-04-2024T17:43:10 - [TEST_STEP][PASSED] - tap(findTestObject("C1 Functionality/CIBIL"), 0): Tapped on element 'Object Repository/C1 Functionality/CIBIL'

04-04-2024T17:43:10 - [MESSAGE][WARNING] - Timeout '0' is invalid. Using default page load timeout: '30'

04-04-2024T17:43:12 - [MESSAGE][PASSED] - Tapped on element 'Object Repository/C1 Functionality/CIBIL'

04-04-2024T17:43:12 - [TEST_STEP][PASSED] - tap(findTestObject("C1 Functionality/FinancierSelected"), 0): Tapped on element 'Object Repository/C1 Functionality/FinancierSelected'

04-04-2024T17:43:12 - [MESSAGE][WARNING] - Timeout '0' is invalid. Using default page load timeout: '30'

04-04-2024T17:43:13 - [MESSAGE][PASSED] - Tapped on element 'Object Repository/C1 Functionality/FinancierSelected'

04-04-2024T17:43:13 - [TEST_STEP][PASSED] - setText(findTestObject("C1 Functionality/FinancierSelected"), str_FinancierSelect, 0): Text 'No' has been set to element 'Object Repository/C1 Functionality/FinancierSelected'

04-04-2024T17:43:13 - [MESSAGE][WARNING] - Timeout '0' is invalid. Using default page load timeout: '30'

04-04-2024T17:43:14 - [MESSAGE][PASSED] - Text 'No' has been set to element 'Object Repository/C1 Functionality/FinancierSelected'

04-04-2024T17:43:14 - [TEST_STEP][PASSED] - tap(findTestObject("C1 Functionality/No"), 0): Tapped on element 'Object Repository/C1 Functionality/No'

04-04-2024T17:43:14 - [MESSAGE][WARNING] - Timeout '0' is invalid. Using default page load timeout: '30'

04-04-2024T17:43:15 - [MESSAGE][PASSED] - Tapped on element 'Object Repository/C1 Functionality/No'

04-04-2024T17:43:15 - [TEST_STEP][PASSED] - hideKeyboard(): Keyboard is hidden

04-04-2024T17:43:17 - [MESSAGE][PASSED] - Keyboard is hidden

04-04-2024T17:43:17 - [TEST_STEP][PASSED] - tap(findTestObject("Add Account/SubmitButton"), 10): Tapped on element 'Object Repository/Add Account/SubmitButton'

04-04-2024T17:43:26 - [MESSAGE][PASSED] - Tapped on element 'Object Repository/Add Account/SubmitButton'

04-04-2024T17:43:26 - [TEST_STEP][PASSED] - verifyElementExist(findTestObject("NewObject/Potential Drop Off activity created successfully"), 30): Element 'Object Repository/NewObject/Potential Drop Off activity created successfully' is exist

04-04-2024T17:43:43 - [MESSAGE][PASSED] - Element 'Object Repository/NewObject/Potential Drop Off activity created successfully' is exist

04-04-2024T17:43:43 - [TEST_STEP][PASSED] - takeScreenshot(): Screenshot is taken

04-04-2024T17:43:44 - [MESSAGE][PASSED] - Screenshot is taken
[[ATTACHMENT|C:\\Users\\sushil.gaikwad\\git\\EguruSmart1\\Reports\\20240404_173920\\TataMotors\\20240404_173920\\1712232823258.png]]

04-04-2024T17:43:44 - [TEST_STEP][PASSED] - closeApplication(): Close app successfully

04-04-2024T17:43:45 - [MESSAGE][PASSED] - Close app successfully]]></system-out>
         <system-err><![CDATA[]]></system-err>
      </testcase>
      <testcase name="Test Cases/TC/TC_03 - To verift that the user is able to create the C1 account or not" time="86.784" classname="Test Cases/TC/TC_03 - To verift that the user is able to create the C1 account or not" status="FAILED">
         <failure type="FAILED" message="Test Cases/TC/TC_03 - To verift that the user is able to create the C1 account or not FAILED.&#xa;Reason:&#xa;com.kms.katalon.core.exception.StepFailedException: Failed to check for element 'Object Repository/C1 Functionality/Lead classification and PDOR' exist&#xa;	at com.kms.katalon.core.mobile.keyword.internal.MobileKeywordMain.stepFailed(MobileKeywordMain.groovy:38)&#xa;	at com.kms.katalon.core.mobile.keyword.internal.MobileKeywordMain.runKeyword(MobileKeywordMain.groovy:21)&#xa;	at com.kms.katalon.core.mobile.keyword.builtin.VerifyElementExistKeyword.verifyElementExist(VerifyElementExistKeyword.groovy:51)&#xa;	at com.kms.katalon.core.mobile.keyword.builtin.VerifyElementExistKeyword.execute(VerifyElementExistKeyword.groovy:35)&#xa;	at com.kms.katalon.core.keyword.internal.KeywordExecutor.executeKeywordForPlatform(KeywordExecutor.groovy:74)&#xa;	at com.kms.katalon.core.mobile.keyword.MobileBuiltInKeywords.verifyElementExist(MobileBuiltInKeywords.groovy:1755)&#xa;	at TC_03 - To verift that the user is able to create the C1 account or not.run(TC_03 - To verift that the user is able to create the C1 account or not:47)&#xa;	at com.kms.katalon.core.main.ScriptEngine.run(ScriptEngine.java:194)&#xa;	at com.kms.katalon.core.main.ScriptEngine.runScriptAsRawText(ScriptEngine.java:119)&#xa;	at com.kms.katalon.core.main.TestCaseExecutor.runScript(TestCaseExecutor.java:448)&#xa;	at com.kms.katalon.core.main.TestCaseExecutor.doExecute(TestCaseExecutor.java:439)&#xa;	at com.kms.katalon.core.main.TestCaseExecutor.processExecutionPhase(TestCaseExecutor.java:418)&#xa;	at com.kms.katalon.core.main.TestCaseExecutor.accessMainPhase(TestCaseExecutor.java:410)&#xa;	at com.kms.katalon.core.main.TestCaseExecutor.execute(TestCaseExecutor.java:285)&#xa;	at com.kms.katalon.core.common.CommonExecutor.accessTestCaseMainPhase(CommonExecutor.java:65)&#xa;	at com.kms.katalon.core.main.TestSuiteExecutor.accessTestSuiteMainPhase(TestSuiteExecutor.java:148)&#xa;	at com.kms.katalon.core.main.TestSuiteExecutor.execute(TestSuiteExecutor.java:106)&#xa;	at com.kms.katalon.core.main.TestCaseMain.startTestSuite(TestCaseMain.java:180)&#xa;	at TempTestSuite1712232560197.run(TempTestSuite1712232560197.groovy:35)&#xa;	at java.base/jdk.internal.reflect.NativeMethodAccessorImpl.invoke0(Native Method)&#xa;	at java.base/jdk.internal.reflect.NativeMethodAccessorImpl.invoke(NativeMethodAccessorImpl.java:77)&#xa;	at java.base/jdk.internal.reflect.DelegatingMethodAccessorImpl.invoke(DelegatingMethodAccessorImpl.java:43)&#xa;Caused by: com.kms.katalon.core.exception.StepFailedException: Element 'Object Repository/C1 Functionality/Lead classification and PDOR' not found&#xa;	at com.kms.katalon.core.mobile.keyword.internal.MobileKeywordMain.stepFailed(MobileKeywordMain.groovy:38)&#xa;	at com.kms.katalon.core.mobile.keyword.builtin.VerifyElementExistKeyword$_verifyElementExist_closure1.doCall(VerifyElementExistKeyword.groovy:48)&#xa;	at com.kms.katalon.core.mobile.keyword.builtin.VerifyElementExistKeyword$_verifyElementExist_closure1.call(VerifyElementExistKeyword.groovy)&#xa;	at com.kms.katalon.core.mobile.keyword.internal.MobileKeywordMain.runKeyword(MobileKeywordMain.groovy:19)&#xa;	... 20 more&#xa;"/>
         <system-out><![CDATA[04-04-2024T17:43:45 - [TEST_CASE][FAILED] - Test Cases/TC/TC_03 - To verift that the user is able to create the C1 account or not: Test Cases/TC/TC_03 - To verift that the user is able to create the C1 account or not FAILED.
Reason:
com.kms.katalon.core.exception.StepFailedException: Failed to check for element 'Object Repository/C1 Functionality/Lead classification and PDOR' exist
	at com.kms.katalon.core.mobile.keyword.internal.MobileKeywordMain.stepFailed(MobileKeywordMain.groovy:38)
	at com.kms.katalon.core.mobile.keyword.internal.MobileKeywordMain.runKeyword(MobileKeywordMain.groovy:21)
	at com.kms.katalon.core.mobile.keyword.builtin.VerifyElementExistKeyword.verifyElementExist(VerifyElementExistKeyword.groovy:51)
	at com.kms.katalon.core.mobile.keyword.builtin.VerifyElementExistKeyword.execute(VerifyElementExistKeyword.groovy:35)
	at com.kms.katalon.core.keyword.internal.KeywordExecutor.executeKeywordForPlatform(KeywordExecutor.groovy:74)
	at com.kms.katalon.core.mobile.keyword.MobileBuiltInKeywords.verifyElementExist(MobileBuiltInKeywords.groovy:1755)
	at TC_03 - To verift that the user is able to create the C1 account or not.run(TC_03 - To verift that the user is able to create the C1 account or not:47)
	at com.kms.katalon.core.main.ScriptEngine.run(ScriptEngine.java:194)
	at com.kms.katalon.core.main.ScriptEngine.runScriptAsRawText(ScriptEngine.java:119)
	at com.kms.katalon.core.main.TestCaseExecutor.runScript(TestCaseExecutor.java:448)
	at com.kms.katalon.core.main.TestCaseExecutor.doExecute(TestCaseExecutor.java:439)
	at com.kms.katalon.core.main.TestCaseExecutor.processExecutionPhase(TestCaseExecutor.java:418)
	at com.kms.katalon.core.main.TestCaseExecutor.accessMainPhase(TestCaseExecutor.java:410)
	at com.kms.katalon.core.main.TestCaseExecutor.execute(TestCaseExecutor.java:285)
	at com.kms.katalon.core.common.CommonExecutor.accessTestCaseMainPhase(CommonExecutor.java:65)
	at com.kms.katalon.core.main.TestSuiteExecutor.accessTestSuiteMainPhase(TestSuiteExecutor.java:148)
	at com.kms.katalon.core.main.TestSuiteExecutor.execute(TestSuiteExecutor.java:106)
	at com.kms.katalon.core.main.TestCaseMain.startTestSuite(TestCaseMain.java:180)
	at TempTestSuite1712232560197.run(TempTestSuite1712232560197.groovy:35)
	at java.base/jdk.internal.reflect.NativeMethodAccessorImpl.invoke0(Native Method)
	at java.base/jdk.internal.reflect.NativeMethodAccessorImpl.invoke(NativeMethodAccessorImpl.java:77)
	at java.base/jdk.internal.reflect.DelegatingMethodAccessorImpl.invoke(DelegatingMethodAccessorImpl.java:43)
Caused by: com.kms.katalon.core.exception.StepFailedException: Element 'Object Repository/C1 Functionality/Lead classification and PDOR' not found
	at com.kms.katalon.core.mobile.keyword.internal.MobileKeywordMain.stepFailed(MobileKeywordMain.groovy:38)
	at com.kms.katalon.core.mobile.keyword.builtin.VerifyElementExistKeyword$_verifyElementExist_closure1.doCall(VerifyElementExistKeyword.groovy:48)
	at com.kms.katalon.core.mobile.keyword.builtin.VerifyElementExistKeyword$_verifyElementExist_closure1.call(VerifyElementExistKeyword.groovy)
	at com.kms.katalon.core.mobile.keyword.internal.MobileKeywordMain.runKeyword(MobileKeywordMain.groovy:19)
	... 20 more


04-04-2024T17:43:47 - [TEST_STEP][PASSED] - callTestCase(findTestCase("CommenWorkflows/Login"), ["Str_URL":"C:\Users\sushil.gaikwad\git\EguruSmart1\Application\app-release (4).apk", "Str_Username":"DUSER145", "Str_Password":"Soct#2023", ... ], STOP_ON_FAILURE): Call Test Case 'Test Cases/CommenWorkflows/Login' successfully

04-04-2024T17:43:47 - [TEST_CASE][PASSED] - Test Cases/CommenWorkflows/Login: Test Cases/CommenWorkflows/Login

04-04-2024T17:43:47 - [TEST_STEP][PASSED] - startApplication(Str_URL, false): Started app at: 'C:\Users\sushil.gaikwad\git\EguruSmart1\Application\app-release (4).apk'

04-04-2024T17:43:47 - [MESSAGE][INFO] - User set preference: ['deviceId', 'R9ZT10H9Y2L']

04-04-2024T17:43:47 - [MESSAGE][INFO] - Detected NodeJS location: "C:\Program Files\nodejs\node.exe"

04-04-2024T17:43:52 - [MESSAGE][INFO] - PATH: C:\Program Files\nodejs;

04-04-2024T17:43:52 - [MESSAGE][INFO] - APPIUM_HOME: C:\Users\sushil.gaikwad\AppData\Roaming\npm\node_modules\appium\build\lib\main.js

04-04-2024T17:43:52 - [MESSAGE][INFO] - appium outlog: C:\Users\sushil.gaikwad\git\EguruSmart1\Reports\20240404_173920\TataMotors\20240404_173920\appium.log

04-04-2024T17:43:52 - [MESSAGE][INFO] - appium errlog: C:\Users\sushil.gaikwad\git\EguruSmart1\Reports\20240404_173920\TataMotors\20240404_173920\appium_error.log

04-04-2024T17:43:54 - [MESSAGE][INFO] - Appium server started on port 63,379

04-04-2024T17:44:09 - [MESSAGE][PASSED] - Started app at: 'C:\Users\sushil.gaikwad\git\EguruSmart1\Application\app-release (4).apk'

04-04-2024T17:44:09 - [TEST_STEP][PASSED] - Bool_Username = waitForElementPresent(findTestObject("LockScreen/UsernaneText"), 10): Object Object Repository/LockScreen/UsernaneText not found

04-04-2024T17:44:19 - [MESSAGE][WARNING] - Object Object Repository/LockScreen/UsernaneText not found

04-04-2024T17:44:19 - [TEST_STEP][PASSED] - if (Bool_Username == true): null

04-04-2024T17:44:19 - [TEST_STEP][PASSED] - else: Tapped on element 'Object Repository/LockScreen/LoginButton'

04-04-2024T17:44:19 - [TEST_STEP][PASSED] - tap(findTestObject("LockScreen/Tap1"), 0): Tapped on element 'Object Repository/LockScreen/Tap1'

04-04-2024T17:44:19 - [MESSAGE][WARNING] - Timeout '0' is invalid. Using default page load timeout: '30'

04-04-2024T17:44:23 - [MESSAGE][PASSED] - Tapped on element 'Object Repository/LockScreen/Tap1'

04-04-2024T17:44:23 - [TEST_STEP][PASSED] - setText(findTestObject("LockScreen/Text1"), "1", 0): Text '1' has been set to element 'Object Repository/LockScreen/Text1'

04-04-2024T17:44:23 - [MESSAGE][WARNING] - Timeout '0' is invalid. Using default page load timeout: '30'

04-04-2024T17:44:24 - [MESSAGE][PASSED] - Text '1' has been set to element 'Object Repository/LockScreen/Text1'

04-04-2024T17:44:24 - [TEST_STEP][PASSED] - setText(findTestObject("LockScreen/Text2"), "2", 0): Text '2' has been set to element 'Object Repository/LockScreen/Text2'

04-04-2024T17:44:25 - [MESSAGE][WARNING] - Timeout '0' is invalid. Using default page load timeout: '30'

04-04-2024T17:44:26 - [MESSAGE][PASSED] - Text '2' has been set to element 'Object Repository/LockScreen/Text2'

04-04-2024T17:44:26 - [TEST_STEP][PASSED] - setText(findTestObject("LockScreen/Text3"), "3", 0): Text '3' has been set to element 'Object Repository/LockScreen/Text3'

04-04-2024T17:44:26 - [MESSAGE][WARNING] - Timeout '0' is invalid. Using default page load timeout: '30'

04-04-2024T17:44:27 - [MESSAGE][PASSED] - Text '3' has been set to element 'Object Repository/LockScreen/Text3'

04-04-2024T17:44:27 - [TEST_STEP][PASSED] - setText(findTestObject("LockScreen/Text4"), "4", 0): Text '4' has been set to element 'Object Repository/LockScreen/Text4'

04-04-2024T17:44:27 - [MESSAGE][WARNING] - Timeout '0' is invalid. Using default page load timeout: '30'

04-04-2024T17:44:29 - [MESSAGE][PASSED] - Text '4' has been set to element 'Object Repository/LockScreen/Text4'

04-04-2024T17:44:29 - [TEST_STEP][PASSED] - tap(findTestObject("LockScreen/LoginButton"), 0): Tapped on element 'Object Repository/LockScreen/LoginButton'

04-04-2024T17:44:29 - [MESSAGE][WARNING] - Timeout '0' is invalid. Using default page load timeout: '30'

04-04-2024T17:44:31 - [MESSAGE][PASSED] - Tapped on element 'Object Repository/LockScreen/LoginButton'

04-04-2024T17:44:31 - [MESSAGE][PASSED] - Call Test Case 'Test Cases/CommenWorkflows/Login' successfully

04-04-2024T17:44:31 - [TEST_STEP][PASSED] - verifyElementExist(findTestObject("TataMotars/HomeButton"), 10): Element 'Object Repository/TataMotars/HomeButton' is exist

04-04-2024T17:44:31 - [MESSAGE][PASSED] - Element 'Object Repository/TataMotars/HomeButton' is exist

04-04-2024T17:44:31 - [TEST_STEP][PASSED] - tap(findTestObject("Home/Opportunities"), 0): Tapped on element 'Object Repository/Home/Opportunities'

04-04-2024T17:44:31 - [MESSAGE][WARNING] - Timeout '0' is invalid. Using default page load timeout: '30'

04-04-2024T17:44:32 - [MESSAGE][PASSED] - Tapped on element 'Object Repository/Home/Opportunities'

04-04-2024T17:44:32 - [TEST_STEP][PASSED] - tap(findTestObject("Lost and Non Lost Functionality/C0"), 30): Tapped on element 'Object Repository/Lost and Non Lost Functionality/C0'

04-04-2024T17:44:35 - [MESSAGE][PASSED] - Tapped on element 'Object Repository/Lost and Non Lost Functionality/C0'

04-04-2024T17:44:35 - [TEST_STEP][PASSED] - bool_Summary = verifyElementExist(findTestObject("Lost and Non Lost Functionality/C0 Summary Text"), 0): Element 'Object Repository/Lost and Non Lost Functionality/C0 Summary Text' is exist

04-04-2024T17:44:35 - [MESSAGE][WARNING] - Timeout '0' is invalid. Using default page load timeout: '30'

04-04-2024T17:44:37 - [MESSAGE][PASSED] - Element 'Object Repository/Lost and Non Lost Functionality/C0 Summary Text' is exist

04-04-2024T17:44:37 - [TEST_STEP][PASSED] - bool_Target = verifyElementExist(findTestObject("Lost and Non Lost Functionality/Target text"), 0): Element 'Object Repository/Lost and Non Lost Functionality/Target text' is exist

04-04-2024T17:44:37 - [MESSAGE][WARNING] - Timeout '0' is invalid. Using default page load timeout: '30'

04-04-2024T17:44:37 - [MESSAGE][PASSED] - Element 'Object Repository/Lost and Non Lost Functionality/Target text' is exist

04-04-2024T17:44:37 - [TEST_STEP][PASSED] - bool_MTD = verifyElementExist(findTestObject("Lost and Non Lost Functionality/MTD text"), 0): Element 'Object Repository/Lost and Non Lost Functionality/MTD text' is exist

04-04-2024T17:44:37 - [MESSAGE][WARNING] - Timeout '0' is invalid. Using default page load timeout: '30'

04-04-2024T17:44:38 - [MESSAGE][PASSED] - Element 'Object Repository/Lost and Non Lost Functionality/MTD text' is exist

04-04-2024T17:44:38 - [TEST_STEP][PASSED] - bool_ThisWeek = verifyElementExist(findTestObject("Lost and Non Lost Functionality/This Week text"), 0): Element 'Object Repository/Lost and Non Lost Functionality/This Week text' is exist

04-04-2024T17:44:38 - [MESSAGE][WARNING] - Timeout '0' is invalid. Using default page load timeout: '30'

04-04-2024T17:44:38 - [MESSAGE][PASSED] - Element 'Object Repository/Lost and Non Lost Functionality/This Week text' is exist

04-04-2024T17:44:38 - [TEST_STEP][PASSED] - bool_Yesterday = verifyElementExist(findTestObject("Lost and Non Lost Functionality/Yesterday text"), 0): Element 'Object Repository/Lost and Non Lost Functionality/Yesterday text' is exist

04-04-2024T17:44:38 - [MESSAGE][WARNING] - Timeout '0' is invalid. Using default page load timeout: '30'

04-04-2024T17:44:38 - [MESSAGE][PASSED] - Element 'Object Repository/Lost and Non Lost Functionality/Yesterday text' is exist

04-04-2024T17:44:38 - [TEST_STEP][PASSED] - bool_Yesterday && bool_ThisWeek && bool_MTD && bool_Target && bool_Summary == true: null

04-04-2024T17:44:38 - [TEST_STEP][PASSED] - takeScreenshot(): Screenshot is taken

04-04-2024T17:44:40 - [MESSAGE][PASSED] - Screenshot is taken
[[ATTACHMENT|C:\\Users\\sushil.gaikwad\\git\\EguruSmart1\\Reports\\20240404_173920\\TataMotors\\20240404_173920\\1712232878665.png]]

04-04-2024T17:44:40 - [TEST_STEP][PASSED] - tap(findTestObject("C1 Functionality/CREATE C1"), 0): Tapped on element 'Object Repository/C1 Functionality/CREATE C1'

04-04-2024T17:44:40 - [MESSAGE][WARNING] - Timeout '0' is invalid. Using default page load timeout: '30'

04-04-2024T17:44:40 - [MESSAGE][PASSED] - Tapped on element 'Object Repository/C1 Functionality/CREATE C1'

04-04-2024T17:44:40 - [TEST_STEP][FAILED] - bool_LeadClassification = verifyElementExist(findTestObject("C1 Functionality/Lead classification and PDOR"), 0): Failed to check for element 'Object Repository/C1 Functionality/Lead classification and PDOR' exist (Root cause: com.kms.katalon.core.exception.StepFailedException: Failed to check for element 'Object Repository/C1 Functionality/Lead classification and PDOR' exist
	at com.kms.katalon.core.mobile.keyword.internal.MobileKeywordMain.stepFailed(MobileKeywordMain.groovy:38)
	at com.kms.katalon.core.mobile.keyword.internal.MobileKeywordMain.runKeyword(MobileKeywordMain.groovy:21)
	at com.kms.katalon.core.mobile.keyword.builtin.VerifyElementExistKeyword.verifyElementExist(VerifyElementExistKeyword.groovy:51)
	at com.kms.katalon.core.mobile.keyword.builtin.VerifyElementExistKeyword.execute(VerifyElementExistKeyword.groovy:35)
	at com.kms.katalon.core.keyword.internal.KeywordExecutor.executeKeywordForPlatform(KeywordExecutor.groovy:74)
	at com.kms.katalon.core.mobile.keyword.MobileBuiltInKeywords.verifyElementExist(MobileBuiltInKeywords.groovy:1755)
	at TC_03 - To verift that the user is able to create the C1 account or not.run(TC_03 - To verift that the user is able to create the C1 account or not:47)
	at com.kms.katalon.core.main.ScriptEngine.run(ScriptEngine.java:194)
	at com.kms.katalon.core.main.ScriptEngine.runScriptAsRawText(ScriptEngine.java:119)
	at com.kms.katalon.core.main.TestCaseExecutor.runScript(TestCaseExecutor.java:448)
	at com.kms.katalon.core.main.TestCaseExecutor.doExecute(TestCaseExecutor.java:439)
	at com.kms.katalon.core.main.TestCaseExecutor.processExecutionPhase(TestCaseExecutor.java:418)
	at com.kms.katalon.core.main.TestCaseExecutor.accessMainPhase(TestCaseExecutor.java:410)
	at com.kms.katalon.core.main.TestCaseExecutor.execute(TestCaseExecutor.java:285)
	at com.kms.katalon.core.common.CommonExecutor.accessTestCaseMainPhase(CommonExecutor.java:65)
	at com.kms.katalon.core.main.TestSuiteExecutor.accessTestSuiteMainPhase(TestSuiteExecutor.java:148)
	at com.kms.katalon.core.main.TestSuiteExecutor.execute(TestSuiteExecutor.java:106)
	at com.kms.katalon.core.main.TestCaseMain.startTestSuite(TestCaseMain.java:180)
	at TempTestSuite1712232560197.run(TempTestSuite1712232560197.groovy:35)
	at java.base/jdk.internal.reflect.NativeMethodAccessorImpl.invoke0(Native Method)
	at java.base/jdk.internal.reflect.NativeMethodAccessorImpl.invoke(NativeMethodAccessorImpl.java:77)
	at java.base/jdk.internal.reflect.DelegatingMethodAccessorImpl.invoke(DelegatingMethodAccessorImpl.java:43)
Caused by: com.kms.katalon.core.exception.StepFailedException: Element 'Object Repository/C1 Functionality/Lead classification and PDOR' not found
	at com.kms.katalon.core.mobile.keyword.internal.MobileKeywordMain.stepFailed(MobileKeywordMain.groovy:38)
	at com.kms.katalon.core.mobile.keyword.builtin.VerifyElementExistKeyword$_verifyElementExist_closure1.doCall(VerifyElementExistKeyword.groovy:48)
	at com.kms.katalon.core.mobile.keyword.builtin.VerifyElementExistKeyword$_verifyElementExist_closure1.call(VerifyElementExistKeyword.groovy)
	at com.kms.katalon.core.mobile.keyword.internal.MobileKeywordMain.runKeyword(MobileKeywordMain.groovy:19)
	... 20 more
)

04-04-2024T17:44:40 - [MESSAGE][WARNING] - Timeout '0' is invalid. Using default page load timeout: '30'

04-04-2024T17:45:11 - [MESSAGE][FAILED] - Element 'Object Repository/C1 Functionality/Lead classification and PDOR' not found (Root cause: com.kms.katalon.core.exception.StepFailedException: Element 'Object Repository/C1 Functionality/Lead classification and PDOR' not found
	at com.kms.katalon.core.mobile.keyword.internal.MobileKeywordMain.stepFailed(MobileKeywordMain.groovy:38)
	at com.kms.katalon.core.mobile.keyword.builtin.VerifyElementExistKeyword$_verifyElementExist_closure1.doCall(VerifyElementExistKeyword.groovy:48)
	at com.kms.katalon.core.mobile.keyword.builtin.VerifyElementExistKeyword$_verifyElementExist_closure1.call(VerifyElementExistKeyword.groovy)
	at com.kms.katalon.core.mobile.keyword.internal.MobileKeywordMain.runKeyword(MobileKeywordMain.groovy:19)
	at com.kms.katalon.core.mobile.keyword.builtin.VerifyElementExistKeyword.verifyElementExist(VerifyElementExistKeyword.groovy:51)
	at com.kms.katalon.core.mobile.keyword.builtin.VerifyElementExistKeyword.execute(VerifyElementExistKeyword.groovy:35)
	at com.kms.katalon.core.keyword.internal.KeywordExecutor.executeKeywordForPlatform(KeywordExecutor.groovy:74)
	at com.kms.katalon.core.mobile.keyword.MobileBuiltInKeywords.verifyElementExist(MobileBuiltInKeywords.groovy:1755)
	at TC_03 - To verift that the user is able to create the C1 account or not.run(TC_03 - To verift that the user is able to create the C1 account or not:47)
	at com.kms.katalon.core.main.ScriptEngine.run(ScriptEngine.java:194)
	at com.kms.katalon.core.main.ScriptEngine.runScriptAsRawText(ScriptEngine.java:119)
	at com.kms.katalon.core.main.TestCaseExecutor.runScript(TestCaseExecutor.java:448)
	at com.kms.katalon.core.main.TestCaseExecutor.doExecute(TestCaseExecutor.java:439)
	at com.kms.katalon.core.main.TestCaseExecutor.processExecutionPhase(TestCaseExecutor.java:418)
	at com.kms.katalon.core.main.TestCaseExecutor.accessMainPhase(TestCaseExecutor.java:410)
	at com.kms.katalon.core.main.TestCaseExecutor.execute(TestCaseExecutor.java:285)
	at com.kms.katalon.core.common.CommonExecutor.accessTestCaseMainPhase(CommonExecutor.java:65)
	at com.kms.katalon.core.main.TestSuiteExecutor.accessTestSuiteMainPhase(TestSuiteExecutor.java:148)
	at com.kms.katalon.core.main.TestSuiteExecutor.execute(TestSuiteExecutor.java:106)
	at com.kms.katalon.core.main.TestCaseMain.startTestSuite(TestCaseMain.java:180)
	at TempTestSuite1712232560197.run(TempTestSuite1712232560197.groovy:35)
	at java.base/jdk.internal.reflect.NativeMethodAccessorImpl.invoke0(Native Method)
	at java.base/jdk.internal.reflect.NativeMethodAccessorImpl.invoke(NativeMethodAccessorImpl.java:77)
	at java.base/jdk.internal.reflect.DelegatingMethodAccessorImpl.invoke(DelegatingMethodAccessorImpl.java:43)
)
[[ATTACHMENT|C:\\Users\\sushil.gaikwad\\git\\EguruSmart1\\Reports\\20240404_173920\\TataMotors\\20240404_173920\\1712232910786.png]]

04-04-2024T17:45:12 - [MESSAGE][FAILED] - Failed to check for element 'Object Repository/C1 Functionality/Lead classification and PDOR' exist (Root cause: com.kms.katalon.core.exception.StepFailedException: Failed to check for element 'Object Repository/C1 Functionality/Lead classification and PDOR' exist
	at com.kms.katalon.core.mobile.keyword.internal.MobileKeywordMain.stepFailed(MobileKeywordMain.groovy:38)
	at com.kms.katalon.core.mobile.keyword.internal.MobileKeywordMain.runKeyword(MobileKeywordMain.groovy:21)
	at com.kms.katalon.core.mobile.keyword.builtin.VerifyElementExistKeyword.verifyElementExist(VerifyElementExistKeyword.groovy:51)
	at com.kms.katalon.core.mobile.keyword.builtin.VerifyElementExistKeyword.execute(VerifyElementExistKeyword.groovy:35)
	at com.kms.katalon.core.keyword.internal.KeywordExecutor.executeKeywordForPlatform(KeywordExecutor.groovy:74)
	at com.kms.katalon.core.mobile.keyword.MobileBuiltInKeywords.verifyElementExist(MobileBuiltInKeywords.groovy:1755)
	at TC_03 - To verift that the user is able to create the C1 account or not.run(TC_03 - To verift that the user is able to create the C1 account or not:47)
[...]

04-04-2024T17:57:06 - [TEST_STEP][PASSED] - bool_Pincode == true: null

04-04-2024T17:57:06 - [TEST_STEP][PASSED] - takeScreenshot(): Screenshot is taken

04-04-2024T17:57:07 - [MESSAGE][PASSED] - Screenshot is taken
[[ATTACHMENT|C:\\Users\\sushil.gaikwad\\git\\EguruSmart1\\Reports\\20240404_173920\\TataMotors\\20240404_173920\\1712233626430.png]]

04-04-2024T17:57:07 - [TEST_STEP][PASSED] - tap(findTestObject("Primery Details/Address Details/Pincode"), 0, STOP_ON_FAILURE): Tapped on element 'Object Repository/Primery Details/Address Details/Pincode'

04-04-2024T17:57:07 - [MESSAGE][WARNING] - Timeout '0' is invalid. Using default page load timeout: '30'

04-04-2024T17:57:08 - [MESSAGE][PASSED] - Tapped on element 'Object Repository/Primery Details/Address Details/Pincode'

04-04-2024T17:57:08 - [TEST_STEP][PASSED] - setText(findTestObject("Primery Details/Address Details/Pincode"), str_Pincode, 0): Text '795149' has been set to element 'Object Repository/Primery Details/Address Details/Pincode'

04-04-2024T17:57:08 - [MESSAGE][WARNING] - Timeout '0' is invalid. Using default page load timeout: '30'

04-04-2024T17:57:09 - [MESSAGE][PASSED] - Text '795149' has been set to element 'Object Repository/Primery Details/Address Details/Pincode'

04-04-2024T17:57:09 - [TEST_STEP][PASSED] - Bool_PinCode = waitForElementPresent(findTestObject("Address details/ClickPincodeNo"), 5): Object Object Repository/Address details/ClickPincodeNo not found

04-04-2024T17:57:15 - [MESSAGE][WARNING] - Object Object Repository/Address details/ClickPincodeNo not found

04-04-2024T17:57:15 - [TEST_STEP][PASSED] - if (Bool_PinCode == true): null

04-04-2024T17:57:15 - [TEST_STEP][PASSED] - hideKeyboard(): Keyboard is hidden

04-04-2024T17:57:16 - [MESSAGE][PASSED] - Keyboard is hidden

04-04-2024T17:57:17 - [TEST_STEP][PASSED] - tap(findTestObject("NewObject/DropDownDistrict"), 0, STOP_ON_FAILURE): Tapped on element 'Object Repository/NewObject/DropDownDistrict'

04-04-2024T17:57:17 - [MESSAGE][WARNING] - Timeout '0' is invalid. Using default page load timeout: '30'

04-04-2024T17:57:18 - [MESSAGE][PASSED] - Tapped on element 'Object Repository/NewObject/DropDownDistrict'

04-04-2024T17:57:18 - [TEST_STEP][FAILED] - tap(findTestObject("NewObject/DropDownSearchedDistrict"), 0, STOP_ON_FAILURE): Failed to tap on element 'Object Repository/NewObject/DropDownSearchedDistrict' (Root cause: com.kms.katalon.core.exception.StepFailedException: Failed to tap on element 'Object Repository/NewObject/DropDownSearchedDistrict'
	at com.kms.katalon.core.mobile.keyword.internal.MobileKeywordMain.stepFailed(MobileKeywordMain.groovy:38)
	at com.kms.katalon.core.mobile.keyword.internal.MobileKeywordMain.runKeyword(MobileKeywordMain.groovy:21)
	at com.kms.katalon.core.mobile.keyword.builtin.TapKeyword.tap(TapKeyword.groovy:51)
	at com.kms.katalon.core.mobile.keyword.builtin.TapKeyword.execute(TapKeyword.groovy:35)
	at com.kms.katalon.core.keyword.internal.KeywordExecutor.executeKeywordForPlatform(KeywordExecutor.groovy:74)
	at com.kms.katalon.core.mobile.keyword.MobileBuiltInKeywords.tap(MobileBuiltInKeywords.groovy:1476)
	at TC_10 - To verify that the user can add the user as influencer or not.run(TC_10 - To verify that the user can add the user as influencer or not:113)
	at com.kms.katalon.core.main.ScriptEngine.run(ScriptEngine.java:194)
	at com.kms.katalon.core.main.ScriptEngine.runScriptAsRawText(ScriptEngine.java:119)
	at com.kms.katalon.core.main.TestCaseExecutor.runScript(TestCaseExecutor.java:448)
	at com.kms.katalon.core.main.TestCaseExecutor.doExecute(TestCaseExecutor.java:439)
	at com.kms.katalon.core.main.TestCaseExecutor.processExecutionPhase(TestCaseExecutor.java:418)
	at com.kms.katalon.core.main.TestCaseExecutor.accessMainPhase(TestCaseExecutor.java:410)
	at com.kms.katalon.core.main.TestCaseExecutor.execute(TestCaseExecutor.java:285)
	at com.kms.katalon.core.common.CommonExecutor.accessTestCaseMainPhase(CommonExecutor.java:65)
	at com.kms.katalon.core.main.TestSuiteExecutor.accessTestSuiteMainPhase(TestSuiteExecutor.java:148)
	at com.kms.katalon.core.main.TestSuiteExecutor.execute(TestSuiteExecutor.java:106)
	at com.kms.katalon.core.main.TestCaseMain.startTestSuite(TestCaseMain.java:180)
	at TempTestSuite1712232560197.run(TempTestSuite1712232560197.groovy:35)
	at java.base/jdk.internal.reflect.NativeMethodAccessorImpl.invoke0(Native Method)
	at java.base/jdk.internal.reflect.NativeMethodAccessorImpl.invoke(NativeMethodAccessorImpl.java:77)
	at java.base/jdk.internal.reflect.DelegatingMethodAccessorImpl.invoke(DelegatingMethodAccessorImpl.java:43)
Caused by: com.kms.katalon.core.exception.StepFailedException: Object Object Repository/NewObject/DropDownSearchedDistrict not found
	at com.kms.katalon.core.mobile.keyword.internal.MobileKeywordMain.stepFailed(MobileKeywordMain.groovy:38)
	at com.kms.katalon.core.mobile.keyword.builtin.TapKeyword$_tap_closure1.doCall(TapKeyword.groovy:46)
	at com.kms.katalon.core.mobile.keyword.builtin.TapKeyword$_tap_closure1.call(TapKeyword.groovy)
	at com.kms.katalon.core.mobile.keyword.internal.MobileKeywordMain.runKeyword(MobileKeywordMain.groovy:19)
	... 20 more
)

04-04-2024T17:57:18 - [MESSAGE][WARNING] - Timeout '0' is invalid. Using default page load timeout: '30'

04-04-2024T17:57:49 - [MESSAGE][FAILED] - Object Object Repository/NewObject/DropDownSearchedDistrict not found (Root cause: com.kms.katalon.core.exception.StepFailedException: Object Object Repository/NewObject/DropDownSearchedDistrict not found
	at com.kms.katalon.core.mobile.keyword.internal.MobileKeywordMain.stepFailed(MobileKeywordMain.groovy:38)
	at com.kms.katalon.core.mobile.keyword.builtin.TapKeyword$_tap_closure1.doCall(TapKeyword.groovy:46)
	at com.kms.katalon.core.mobile.keyword.builtin.TapKeyword$_tap_closure1.call(TapKeyword.groovy)
	at com.kms.katalon.core.mobile.keyword.internal.MobileKeywordMain.runKeyword(MobileKeywordMain.groovy:19)
	at com.kms.katalon.core.mobile.keyword.builtin.TapKeyword.tap(TapKeyword.groovy:51)
	at com.kms.katalon.core.mobile.keyword.builtin.TapKeyword.execute(TapKeyword.groovy:35)
	at com.kms.katalon.core.keyword.internal.KeywordExecutor.executeKeywordForPlatform(KeywordExecutor.groovy:74)
	at com.kms.katalon.core.mobile.keyword.MobileBuiltInKeywords.tap(MobileBuiltInKeywords.groovy:1476)
	at TC_10 - To verify that the user can add the user as influencer or not.run(TC_10 - To verify that the user can add the user as influencer or not:113)
	at com.kms.katalon.core.main.ScriptEngine.run(ScriptEngine.java:194)
	at com.kms.katalon.core.main.ScriptEngine.runScriptAsRawText(ScriptEngine.java:119)
	at com.kms.katalon.core.main.TestCaseExecutor.runScript(TestCaseExecutor.java:448)
	at com.kms.katalon.core.main.TestCaseExecutor.doExecute(TestCaseExecutor.java:439)
	at com.kms.katalon.core.main.TestCaseExecutor.processExecutionPhase(TestCaseExecutor.java:418)
	at com.kms.katalon.core.main.TestCaseExecutor.accessMainPhase(TestCaseExecutor.java:410)
	at com.kms.katalon.core.main.TestCaseExecutor.execute(TestCaseExecutor.java:285)
	at com.kms.katalon.core.common.CommonExecutor.accessTestCaseMainPhase(CommonExecutor.java:65)
	at com.kms.katalon.core.main.TestSuiteExecutor.accessTestSuiteMainPhase(TestSuiteExecutor.java:148)
	at com.kms.katalon.core.main.TestSuiteExecutor.execute(TestSuiteExecutor.java:106)
	at com.kms.katalon.core.main.TestCaseMain.startTestSuite(TestCaseMain.java:180)
	at TempTestSuite1712232560197.run(TempTestSuite1712232560197.groovy:35)
	at java.base/jdk.internal.reflect.NativeMethodAccessorImpl.invoke0(Native Method)
	at java.base/jdk.internal.reflect.NativeMethodAccessorImpl.invoke(NativeMethodAccessorImpl.java:77)
	at java.base/jdk.internal.reflect.DelegatingMethodAccessorImpl.invoke(DelegatingMethodAccessorImpl.java:43)
)
[[ATTACHMENT|C:\\Users\\sushil.gaikwad\\git\\EguruSmart1\\Reports\\20240404_173920\\TataMotors\\20240404_173920\\1712233668672.png]]

04-04-2024T17:57:50 - [MESSAGE][FAILED] - Failed to tap on element 'Object Repository/NewObject/DropDownSearchedDistrict' (Root cause: com.kms.katalon.core.exception.StepFailedException: Failed to tap on element 'Object Repository/NewObject/DropDownSearchedDistrict'
	at com.kms.katalon.core.mobile.keyword.internal.MobileKeywordMain.stepFailed(MobileKeywordMain.groovy:38)
	at com.kms.katalon.core.mobile.keyword.internal.MobileKeywordMain.runKeyword(MobileKeywordMain.groovy:21)
	at com.kms.katalon.core.mobile.keyword.builtin.TapKeyword.tap(TapKeyword.groovy:51)
	at com.kms.katalon.core.mobile.keyword.builtin.TapKeyword.execute(TapKeyword.groovy:35)
	at com.kms.katalon.core.keyword.internal.KeywordExecutor.executeKeywordForPlatform(KeywordExecutor.groovy:74)
	at com.kms.katalon.core.mobile.keyword.MobileBuiltInKeywords.tap(MobileBuiltInKeywords.groovy:1476)
	at TC_10 - To verify that the user can add the user as influencer or not.run(TC_10 - To verify that the user can add the user as influencer or not:113)
	at com.kms.katalon.core.main.ScriptEngine.run(ScriptEngine.java:194)
	at com.kms.katalon.core.main.ScriptEngine.runScriptAsRawText(ScriptEngine.java:119)
	at com.kms.katalon.core.main.TestCaseExecutor.runScript(TestCaseExecutor.java:448)
	at com.kms.katalon.core.main.TestCaseExecutor.doExecute(TestCaseExecutor.java:439)
	at com.kms.katalon.core.main.TestCaseExecutor.processExecutionPhase(TestCaseExecutor.java:418)
	at com.kms.katalon.core.main.TestCaseExecutor.accessMainPhase(TestCaseExecutor.java:410)
	at com.kms.katalon.core.main.TestCaseExecutor.execute(TestCaseExecutor.java:285)
	at com.kms.katalon.core.common.CommonExecutor.accessTestCaseMainPhase(CommonExecutor.java:65)
	at com.kms.katalon.core.main.TestSuiteExecutor.accessTestSuiteMainPhase(TestSuiteExecutor.java:148)
	at com.kms.katalon.core.main.TestSuiteExecutor.execute(TestSuiteExecutor.java:106)
	at com.kms.katalon.core.main.TestCaseMain.startTestSuite(TestCaseMain.java:180)
	at TempTestSuite1712232560197.run(TempTestSuite1712232560197.groovy:35)
	at java.base/jdk.internal.reflect.NativeMethodAccessorImpl.invoke0(Native Method)
	at java.base/jdk.internal.reflect.NativeMethodAccessorImpl.invoke(NativeMethodAccessorImpl.java:77)
	at java.base/jdk.internal.reflect.DelegatingMethodAccessorImpl.invoke(DelegatingMethodAccessorImpl.java:43)
Caused by: com.kms.katalon.core.exception.StepFailedException: Object Object Repository/NewObject/DropDownSearchedDistrict not found
	at com.kms.katalon.core.mobile.keyword.internal.MobileKeywordMain.stepFailed(MobileKeywordMain.groovy:38)
	at com.kms.katalon.core.mobile.keyword.builtin.TapKeyword$_tap_closure1.doCall(TapKeyword.groovy:46)
	at com.kms.katalon.core.mobile.keyword.builtin.TapKeyword$_tap_closure1.call(TapKeyword.groovy)
	at com.kms.katalon.core.mobile.keyword.internal.MobileKeywordMain.runKeyword(MobileKeywordMain.groovy:19)
	... 20 more
)
[[ATTACHMENT|C:\\Users\\sushil.gaikwad\\git\\EguruSmart1\\Reports\\20240404_173920\\TataMotors\\20240404_173920\\1712233669586.png]]]]></system-out>
         <system-err><![CDATA[04-04-2024T17:55:58 - [TEST_CASE][FAILED] - Test Cases/TC/TC_10 - To verify that the user can add the user as influencer or not: Test Cases/TC/TC_10 - To verify that the user can add the user as influencer or not FAILED.
Reason:
com.kms.katalon.core.exception.StepFailedException: Failed to tap on element 'Object Repository/NewObject/DropDownSearchedDistrict'
	at com.kms.katalon.core.mobile.keyword.internal.MobileKeywordMain.stepFailed(MobileKeywordMain.groovy:38)
	at com.kms.katalon.core.mobile.keyword.internal.MobileKeywordMain.runKeyword(MobileKeywordMain.groovy:21)
	at com.kms.katalon.core.mobile.keyword.builtin.TapKeyword.tap(TapKeyword.groovy:51)
	at com.kms.katalon.core.mobile.keyword.builtin.TapKeyword.execute(TapKeyword.groovy:35)
	at com.kms.katalon.core.keyword.internal.KeywordExecutor.executeKeywordForPlatform(KeywordExecutor.groovy:74)
	at com.kms.katalon.core.mobile.keyword.MobileBuiltInKeywords.tap(MobileBuiltInKeywords.groovy:1476)
	at TC_10 - To verify that the user can add the user as influencer or not.run(TC_10 - To verify that the user can add the user as influencer or not:113)
	at com.kms.katalon.core.main.ScriptEngine.run(ScriptEngine.java:194)
	at com.kms.katalon.core.main.ScriptEngine.runScriptAsRawText(ScriptEngine.java:119)
	at com.kms.katalon.core.main.TestCaseExecutor.runScript(TestCaseExecutor.java:448)
	at com.kms.katalon.core.main.TestCaseExecutor.doExecute(TestCaseExecutor.java:439)
	at com.kms.katalon.core.main.TestCaseExecutor.processExecutionPhase(TestCaseExecutor.java:418)
	at com.kms.katalon.core.main.TestCaseExecutor.accessMainPhase(TestCaseExecutor.java:410)
	at com.kms.katalon.core.main.TestCaseExecutor.execute(TestCaseExecutor.java:285)
	at com.kms.katalon.core.common.CommonExecutor.accessTestCaseMainPhase(CommonExecutor.java:65)
	at com.kms.katalon.core.main.TestSuiteExecutor.accessTestSuiteMainPhase(TestSuiteExecutor.java:148)
	at com.kms.katalon.core.main.TestSuiteExecutor.execute(TestSuiteExecutor.java:106)
	at com.kms.katalon.core.main.TestCaseMain.startTestSuite(TestCaseMain.java:180)
	at TempTestSuite1712232560197.run(TempTestSuite1712232560197.groovy:35)
	at java.base/jdk.internal.reflect.NativeMethodAccessorImpl.invoke0(Native Method)
	at java.base/jdk.internal.reflect.NativeMethodAccessorImpl.invoke(NativeMethodAccessorImpl.java:77)
	at java.base/jdk.internal.reflect.DelegatingMethodAccessorImpl.invoke(DelegatingMethodAccessorImpl.java:43)
Caused by: com.kms.katalon.core.exception.StepFailedException: Object Object Repository/NewObject/DropDownSearchedDistrict not found
	at com.kms.katalon.core.mobile.keyword.internal.MobileKeywordMain.stepFailed(MobileKeywordMain.groovy:38)
	at com.kms.katalon.core.mobile.keyword.builtin.TapKeyword$_tap_closure1.doCall(TapKeyword.groovy:46)
	at com.kms.katalon.core.mobile.keyword.builtin.TapKeyword$_tap_closure1.call(TapKeyword.groovy)
	at com.kms.katalon.core.mobile.keyword.internal.MobileKeywordMain.runKeyword(MobileKeywordMain.groovy:19)
	... 20 more]]></system-err>
      </testcase>
      <system-out><![CDATA[04-04-2024T17:39:30 - [TEST_SUITE][FAILED] - TataMotors: Test Cases/TC/TC_01 - To verify that opty creation for the new customer FAILED.
Reason:
com.kms.katalon.core.exception.StepFailedException: Failed to tap on element 'Object Repository/NewObject/DropDownSearchedDistrict'
	at com.kms.katalon.core.mobile.keyword.internal.MobileKeywordMain.stepFailed(MobileKeywordMain.groovy:38)
	at com.kms.katalon.core.mobile.keyword.internal.MobileKeywordMain.runKeyword(MobileKeywordMain.groovy:21)
	at com.kms.katalon.core.mobile.keyword.builtin.TapKeyword.tap(TapKeyword.groovy:51)
	at com.kms.katalon.core.mobile.keyword.builtin.TapKeyword.execute(TapKeyword.groovy:35)
	at com.kms.katalon.core.keyword.internal.KeywordExecutor.executeKeywordForPlatform(KeywordExecutor.groovy:74)
	at com.kms.katalon.core.mobile.keyword.MobileBuiltInKeywords.tap(MobileBuiltInKeywords.groovy:1476)
	at TC_01 - To verify that opty creation for the new customer.run(TC_01 - To verify that opty creation for the new customer:174)
	at com.kms.katalon.core.main.ScriptEngine.run(ScriptEngine.java:194)
	at com.kms.katalon.core.main.ScriptEngine.runScriptAsRawText(ScriptEngine.java:119)
	at com.kms.katalon.core.main.TestCaseExecutor.runScript(TestCaseExecutor.java:448)
	at com.kms.katalon.core.main.TestCaseExecutor.doExecute(TestCaseExecutor.java:439)
	at com.kms.katalon.core.main.TestCaseExecutor.processExecutionPhase(TestCaseExecutor.java:418)
	at com.kms.katalon.core.main.TestCaseExecutor.accessMainPhase(TestCaseExecutor.java:410)
	at com.kms.katalon.core.main.TestCaseExecutor.execute(TestCaseExecutor.java:285)
	at com.kms.katalon.core.common.CommonExecutor.accessTestCaseMainPhase(CommonExecutor.java:65)
	at com.kms.katalon.core.main.TestSuiteExecutor.accessTestSuiteMainPhase(TestSuiteExecutor.java:148)
	at com.kms.katalon.core.main.TestSuiteExecutor.execute(TestSuiteExecutor.java:106)
	at com.kms.katalon.core.main.TestCaseMain.startTestSuite(TestCaseMain.java:180)
	at TempTestSuite1712232560197.run(TempTestSuite1712232560197.groovy:35)
	at java.base/jdk.internal.reflect.NativeMethodAccessorImpl.invoke0(Native Method)
	at java.base/jdk.internal.reflect.NativeMethodAccessorImpl.invoke(NativeMethodAccessorImpl.java:77)
	at java.base/jdk.internal.reflect.DelegatingMethodAccessorImpl.invoke(DelegatingMethodAccessorImpl.java:43)
Caused by: com.kms.katalon.core.exception.StepFailedException: Object Object Repository/NewObject/DropDownSearchedDistrict not found
	at com.kms.katalon.core.mobile.keyword.internal.MobileKeywordMain.stepFailed(MobileKeywordMain.groovy:38)
	at com.kms.katalon.core.mobile.keyword.builtin.TapKeyword$_tap_closure1.doCall(TapKeyword.groovy:46)
	at com.kms.katalon.core.mobile.keyword.builtin.TapKeyword$_tap_closure1.call(TapKeyword.groovy)
	at com.kms.katalon.core.mobile.keyword.internal.MobileKeywordMain.runKeyword(MobileKeywordMain.groovy:19)
	... 20 more]]></system-out>
      <system-err><![CDATA[04-04-2024T17:39:30 - [TEST_SUITE][FAILED] - TataMotors: Test Cases/TC/TC_01 - To verify that opty creation for the new customer FAILED.
Reason:
com.kms.katalon.core.exception.StepFailedException: Failed to tap on element 'Object Repository/NewObject/DropDownSearchedDistrict'
	at com.kms.katalon.core.mobile.keyword.internal.MobileKeywordMain.stepFailed(MobileKeywordMain.groovy:38)
	at com.kms.katalon.core.mobile.keyword.internal.MobileKeywordMain.runKeyword(MobileKeywordMain.groovy:21)
	at com.kms.katalon.core.mobile.keyword.builtin.TapKeyword.tap(TapKeyword.groovy:51)
	at com.kms.katalon.core.mobile.keyword.builtin.TapKeyword.execute(TapKeyword.groovy:35)
	at com.kms.katalon.core.keyword.internal.KeywordExecutor.executeKeywordForPlatform(KeywordExecutor.groovy:74)
	at com.kms.katalon.core.mobile.keyword.MobileBuiltInKeywords.tap(MobileBuiltInKeywords.groovy:1476)
	at TC_01 - To verify that opty creation for the new customer.run(TC_01 - To verify that opty creation for the new customer:174)
	at com.kms.katalon.core.main.ScriptEngine.run(ScriptEngine.java:194)
	at com.kms.katalon.core.main.ScriptEngine.runScriptAsRawText(ScriptEngine.java:119)
	at com.kms.katalon.core.main.TestCaseExecutor.runScript(TestCaseExecutor.java:448)
	at com.kms.katalon.core.main.TestCaseExecutor.doExecute(TestCaseExecutor.java:439)
	at com.kms.katalon.core.main.TestCaseExecutor.processExecutionPhase(TestCaseExecutor.java:418)
	at com.kms.katalon.core.main.TestCaseExecutor.accessMainPhase(TestCaseExecutor.java:410)
	at com.kms.katalon.core.main.TestCaseExecutor.execute(TestCaseExecutor.java:285)
	at com.kms.katalon.core.common.CommonExecutor.accessTestCaseMainPhase(CommonExecutor.java:65)
	at com.kms.katalon.core.main.TestSuiteExecutor.accessTestSuiteMainPhase(TestSuiteExecutor.java:148)
	at com.kms.katalon.core.main.TestSuiteExecutor.execute(TestSuiteExecutor.java:106)
	at com.kms.katalon.core.main.TestCaseMain.startTestSuite(TestCaseMain.java:180)
	at TempTestSuite1712232560197.run(TempTestSuite1712232560197.groovy:35)
	at java.base/jdk.internal.reflect.NativeMethodAccessorImpl.invoke0(Native Method)
	at java.base/jdk.internal.reflect.NativeMethodAccessorImpl.invoke(NativeMethodAccessorImpl.java:77)
	at java.base/jdk.internal.reflect.DelegatingMethodAccessorImpl.invoke(DelegatingMethodAccessorImpl.java:43)
Caused by: com.kms.katalon.core.exception.StepFailedException: Object Object Repository/NewObject/DropDownSearchedDistrict not found
	at com.kms.katalon.core.mobile.keyword.internal.MobileKeywordMain.stepFailed(MobileKeywordMain.groovy:38)
	at com.kms.katalon.core.mobile.keyword.builtin.TapKeyword$_tap_closure1.doCall(TapKeyword.groovy:46)
	at com.kms.katalon.core.mobile.keyword.builtin.TapKeyword$_tap_closure1.call(TapKeyword.groovy)
	at com.kms.katalon.core.mobile.keyword.internal.MobileKeywordMain.runKeyword(MobileKeywordMain.groovy:19)
	... 20 more]]></system-err>
   </testsuite>
</testsuites>
